<?xml version="1.0" encoding="UTF-8"?>
<robot generator="Robot 7.0 (Python 3.12.3 on win32)" generated="2026-02-20T23:17:26.892135" rpa="false" schemaversion="5">
<suite id="s1" name="Robot" source="C:\Users\91934\PycharmProjects\foodie_app\tests\robot">
<suite id="s1-s1" name="Admin" source="C:\Users\91934\PycharmProjects\foodie_app\tests\robot\admin">
<suite id="s1-s1-s1" name="Test Admin" source="C:\Users\91934\PycharmProjects\foodie_app\tests\robot\admin\test_admin.robot">
<kw name="Run Keywords" owner="BuiltIn" type="SETUP">
<kw name="Backup Original Data" owner="common_keywords">
<kw name="Get Data Dir" owner="common_keywords">
<kw name="Normalize Path" owner="OperatingSystem">
<msg time="2026-02-20T23:17:27.133618" level="INFO">${root} = C:\Users\91934\PycharmProjects\foodie_app</msg>
<var>${root}</var>
<arg>C:\\Users\\91934\\PycharmProjects\\foodie_app\\tests\\robot\\resources${/}..${/}..${/}..</arg>
<doc>Normalizes the given path.</doc>
<status status="PASS" start="2026-02-20T23:17:27.132620" elapsed="0.000998"/>
</kw>
<return>
<value>${root}${/}data</value>
<status status="PASS" start="2026-02-20T23:17:27.133618" elapsed="0.000000"/>
</return>
<msg time="2026-02-20T23:17:27.133618" level="INFO">${data_dir} = C:\Users\91934\PycharmProjects\foodie_app\data</msg>
<var>${data_dir}</var>
<status status="PASS" start="2026-02-20T23:17:27.132620" elapsed="0.000998"/>
</kw>
<kw name="Get File" owner="OperatingSystem">
<msg time="2026-02-20T23:17:27.133618" level="INFO" html="true">Getting file '&lt;a href="file://C:\Users\91934\PycharmProjects\foodie_app\data\restaurants.json"&gt;C:\Users\91934\PycharmProjects\foodie_app\data\restaurants.json&lt;/a&gt;'.</msg>
<msg time="2026-02-20T23:17:27.134619" level="INFO">${r} = {
  "restaurants": [
    {
      "restaurant_id": "e8e8c701-e550-4c76-ba50-8d73bf226f1b",
      "name": "Admin Approve Test",
      "category": "FastFood",
      "location": "ApproveCity",
      "imag...</msg>
<var>${r}</var>
<arg>${data_dir}${/}restaurants.json</arg>
<doc>Returns the contents of a specified file.</doc>
<status status="PASS" start="2026-02-20T23:17:27.133618" elapsed="0.001001"/>
</kw>
<kw name="Get File" owner="OperatingSystem">
<msg time="2026-02-20T23:17:27.134619" level="INFO" html="true">Getting file '&lt;a href="file://C:\Users\91934\PycharmProjects\foodie_app\data\dishes.json"&gt;C:\Users\91934\PycharmProjects\foodie_app\data\dishes.json&lt;/a&gt;'.</msg>
<msg time="2026-02-20T23:17:27.135625" level="INFO">${d} = {
  "dishes": [
    {
      "dish_id": "6124cc96-a283-4ab7-8bb5-c52cfab13d1b",
      "restaurant_id": "0a8114ed-37fb-4857-b094-dfc820ce121b",
      "name": "Robot Burger",
      "type": "Non-Veg",
   ...</msg>
<var>${d}</var>
<arg>${data_dir}${/}dishes.json</arg>
<doc>Returns the contents of a specified file.</doc>
<status status="PASS" start="2026-02-20T23:17:27.134619" elapsed="0.001006"/>
</kw>
<kw name="Get File" owner="OperatingSystem">
<msg time="2026-02-20T23:17:27.135625" level="INFO" html="true">Getting file '&lt;a href="file://C:\Users\91934\PycharmProjects\foodie_app\data\users.json"&gt;C:\Users\91934\PycharmProjects\foodie_app\data\users.json&lt;/a&gt;'.</msg>
<msg time="2026-02-20T23:17:27.135625" level="INFO">${u} = {
  "users": [
    {
      "user_id": "82c75ab6-b4a7-4c99-9f81-bfc7868e8c8e",
      "name": "RF Suite User",
      "email": "rfsuite@example.com",
      "password": "Suite@RF123"
    },
    {
      "u...</msg>
<var>${u}</var>
<arg>${data_dir}${/}users.json</arg>
<doc>Returns the contents of a specified file.</doc>
<status status="PASS" start="2026-02-20T23:17:27.135625" elapsed="0.000000"/>
</kw>
<kw name="Get File" owner="OperatingSystem">
<msg time="2026-02-20T23:17:27.136627" level="INFO" html="true">Getting file '&lt;a href="file://C:\Users\91934\PycharmProjects\foodie_app\data\orders.json"&gt;C:\Users\91934\PycharmProjects\foodie_app\data\orders.json&lt;/a&gt;'.</msg>
<msg time="2026-02-20T23:17:27.136627" level="INFO">${o} = {
  "orders": [
    {
      "order_id": "1a2913a8-a598-4ed1-b70d-d775ca834576",
      "user_id": "82c75ab6-b4a7-4c99-9f81-bfc7868e8c8e",
      "restaurant_id": "2af06e6c-a4ef-40ed-a0a0-c04bbe7a9fee",
...</msg>
<var>${o}</var>
<arg>${data_dir}${/}orders.json</arg>
<doc>Returns the contents of a specified file.</doc>
<status status="PASS" start="2026-02-20T23:17:27.136627" elapsed="0.000000"/>
</kw>
<kw name="Get File" owner="OperatingSystem">
<msg time="2026-02-20T23:17:27.136627" level="INFO" html="true">Getting file '&lt;a href="file://C:\Users\91934\PycharmProjects\foodie_app\data\ratings.json"&gt;C:\Users\91934\PycharmProjects\foodie_app\data\ratings.json&lt;/a&gt;'.</msg>
<msg time="2026-02-20T23:17:27.137625" level="INFO">${rt} = {
  "ratings": [
    {
      "rating_id": "594d1c2c-e6c6-4310-a60a-73e95b740428",
      "order_id": "cc60ce63-1ade-4a90-8e8c-541d1d20c013",
      "rating": 5,
      "comment": "Excellent food and fast...</msg>
<var>${rt}</var>
<arg>${data_dir}${/}ratings.json</arg>
<doc>Returns the contents of a specified file.</doc>
<status status="PASS" start="2026-02-20T23:17:27.136627" elapsed="0.000998"/>
</kw>
<kw name="Set Suite Variable" owner="BuiltIn">
<msg time="2026-02-20T23:17:27.138708" level="INFO">${BACKUP_RESTAURANTS} = {
  "restaurants": [
    {
      "restaurant_id": "e8e8c701-e550-4c76-ba50-8d73bf226f1b",
      "name": "Admin Approve Test",
      "category": "FastFood",
      "location": "ApproveCity",
      "imag...</msg>
<arg>${BACKUP_RESTAURANTS}</arg>
<arg>${r}</arg>
<doc>Makes a variable available everywhere within the scope of the current suite.</doc>
<status status="PASS" start="2026-02-20T23:17:27.137625" elapsed="0.001083"/>
</kw>
<kw name="Set Suite Variable" owner="BuiltIn">
<msg time="2026-02-20T23:17:27.140600" level="INFO">${BACKUP_DISHES} = {
  "dishes": [
    {
      "dish_id": "6124cc96-a283-4ab7-8bb5-c52cfab13d1b",
      "restaurant_id": "0a8114ed-37fb-4857-b094-dfc820ce121b",
      "name": "Robot Burger",
      "type": "Non-Veg",
   ...</msg>
<arg>${BACKUP_DISHES}</arg>
<arg>${d}</arg>
<doc>Makes a variable available everywhere within the scope of the current suite.</doc>
<status status="PASS" start="2026-02-20T23:17:27.139598" elapsed="0.001002"/>
</kw>
<kw name="Set Suite Variable" owner="BuiltIn">
<msg time="2026-02-20T23:17:27.141595" level="INFO">${BACKUP_USERS} = {
  "users": [
    {
      "user_id": "82c75ab6-b4a7-4c99-9f81-bfc7868e8c8e",
      "name": "RF Suite User",
      "email": "rfsuite@example.com",
      "password": "Suite@RF123"
    },
    {
      "u...</msg>
<arg>${BACKUP_USERS}</arg>
<arg>${u}</arg>
<doc>Makes a variable available everywhere within the scope of the current suite.</doc>
<status status="PASS" start="2026-02-20T23:17:27.140600" elapsed="0.000995"/>
</kw>
<kw name="Set Suite Variable" owner="BuiltIn">
<msg time="2026-02-20T23:17:27.142599" level="INFO">${BACKUP_ORDERS} = {
  "orders": [
    {
      "order_id": "1a2913a8-a598-4ed1-b70d-d775ca834576",
      "user_id": "82c75ab6-b4a7-4c99-9f81-bfc7868e8c8e",
      "restaurant_id": "2af06e6c-a4ef-40ed-a0a0-c04bbe7a9fee",
...</msg>
<arg>${BACKUP_ORDERS}</arg>
<arg>${o}</arg>
<doc>Makes a variable available everywhere within the scope of the current suite.</doc>
<status status="PASS" start="2026-02-20T23:17:27.141595" elapsed="0.001004"/>
</kw>
<kw name="Set Suite Variable" owner="BuiltIn">
<msg time="2026-02-20T23:17:27.143596" level="INFO">${BACKUP_RATINGS} = {
  "ratings": [
    {
      "rating_id": "594d1c2c-e6c6-4310-a60a-73e95b740428",
      "order_id": "cc60ce63-1ade-4a90-8e8c-541d1d20c013",
      "rating": 5,
      "comment": "Excellent food and fast...</msg>
<arg>${BACKUP_RATINGS}</arg>
<arg>${rt}</arg>
<doc>Makes a variable available everywhere within the scope of the current suite.</doc>
<status status="PASS" start="2026-02-20T23:17:27.143596" elapsed="0.001023"/>
</kw>
<doc>Save original JSON file contents before tests run.</doc>
<status status="PASS" start="2026-02-20T23:17:27.132620" elapsed="0.011999"/>
</kw>
<kw name="Clear Data For Tests" owner="common_keywords">
<kw name="Get Data Dir" owner="common_keywords">
<kw name="Normalize Path" owner="OperatingSystem">
<msg time="2026-02-20T23:17:27.146601" level="INFO">${root} = C:\Users\91934\PycharmProjects\foodie_app</msg>
<var>${root}</var>
<arg>C:\\Users\\91934\\PycharmProjects\\foodie_app\\tests\\robot\\resources${/}..${/}..${/}..</arg>
<doc>Normalizes the given path.</doc>
<status status="PASS" start="2026-02-20T23:17:27.145604" elapsed="0.000997"/>
</kw>
<return>
<value>${root}${/}data</value>
<status status="PASS" start="2026-02-20T23:17:27.146601" elapsed="0.000000"/>
</return>
<msg time="2026-02-20T23:17:27.146601" level="INFO">${data_dir} = C:\Users\91934\PycharmProjects\foodie_app\data</msg>
<var>${data_dir}</var>
<status status="PASS" start="2026-02-20T23:17:27.145604" elapsed="0.000997"/>
</kw>
<kw name="Create File" owner="OperatingSystem">
<msg time="2026-02-20T23:17:27.148593" level="INFO" html="true">Created file '&lt;a href="file://C:\Users\91934\PycharmProjects\foodie_app\data\restaurants.json"&gt;C:\Users\91934\PycharmProjects\foodie_app\data\restaurants.json&lt;/a&gt;'.</msg>
<arg>${data_dir}${/}restaurants.json</arg>
<arg>{"restaurants": []}</arg>
<doc>Creates a file with the given content and encoding.</doc>
<status status="PASS" start="2026-02-20T23:17:27.146601" elapsed="0.001992"/>
</kw>
<kw name="Create File" owner="OperatingSystem">
<msg time="2026-02-20T23:17:27.149624" level="INFO" html="true">Created file '&lt;a href="file://C:\Users\91934\PycharmProjects\foodie_app\data\dishes.json"&gt;C:\Users\91934\PycharmProjects\foodie_app\data\dishes.json&lt;/a&gt;'.</msg>
<arg>${data_dir}${/}dishes.json</arg>
<arg>{"dishes": []}</arg>
<doc>Creates a file with the given content and encoding.</doc>
<status status="PASS" start="2026-02-20T23:17:27.148593" elapsed="0.002022"/>
</kw>
<kw name="Create File" owner="OperatingSystem">
<msg time="2026-02-20T23:17:27.151597" level="INFO" html="true">Created file '&lt;a href="file://C:\Users\91934\PycharmProjects\foodie_app\data\users.json"&gt;C:\Users\91934\PycharmProjects\foodie_app\data\users.json&lt;/a&gt;'.</msg>
<arg>${data_dir}${/}users.json</arg>
<arg>{"users": []}</arg>
<doc>Creates a file with the given content and encoding.</doc>
<status status="PASS" start="2026-02-20T23:17:27.150615" elapsed="0.001978"/>
</kw>
<kw name="Create File" owner="OperatingSystem">
<msg time="2026-02-20T23:17:27.153594" level="INFO" html="true">Created file '&lt;a href="file://C:\Users\91934\PycharmProjects\foodie_app\data\orders.json"&gt;C:\Users\91934\PycharmProjects\foodie_app\data\orders.json&lt;/a&gt;'.</msg>
<arg>${data_dir}${/}orders.json</arg>
<arg>{"orders": []}</arg>
<doc>Creates a file with the given content and encoding.</doc>
<status status="PASS" start="2026-02-20T23:17:27.152593" elapsed="0.001001"/>
</kw>
<kw name="Create File" owner="OperatingSystem">
<msg time="2026-02-20T23:17:27.155596" level="INFO" html="true">Created file '&lt;a href="file://C:\Users\91934\PycharmProjects\foodie_app\data\ratings.json"&gt;C:\Users\91934\PycharmProjects\foodie_app\data\ratings.json&lt;/a&gt;'.</msg>
<arg>${data_dir}${/}ratings.json</arg>
<arg>{"ratings": []}</arg>
<doc>Creates a file with the given content and encoding.</doc>
<status status="PASS" start="2026-02-20T23:17:27.153594" elapsed="0.002002"/>
</kw>
<doc>Temporarily clear JSON files so tests run on clean data.</doc>
<status status="PASS" start="2026-02-20T23:17:27.144619" elapsed="0.011973"/>
</kw>
<kw name="Create Foodie Session" owner="common_keywords">
<kw name="Create Session" owner="RequestsLibrary">
<msg time="2026-02-20T23:17:27.158611" level="INFO">Creating Session using : alias=foodie, url=http://localhost:5000, headers={'Content-Type': 'application/json'},                     cookies={}, auth=None, timeout=None, proxies=None, verify=False,                     debug=0 </msg>
<arg>${SESSION_ALIAS}</arg>
<arg>${BASE_URL}</arg>
<arg>headers=&amp;{COMMON_HEADERS}</arg>
<doc>Create Session: create a HTTP session to a server</doc>
<status status="PASS" start="2026-02-20T23:17:27.157596" elapsed="0.001015"/>
</kw>
<status status="PASS" start="2026-02-20T23:17:27.156592" elapsed="0.002019"/>
</kw>
<kw name="Setup User Suite">
<kw name="Unique Name" owner="common_keywords">
<kw name="Get Current Date" owner="DateTime">
<msg time="2026-02-20T23:17:27.159607" level="INFO">${ts} = 231727159607</msg>
<var>${ts}</var>
<arg>result_format=%H%M%S%f</arg>
<doc>Returns current local or UTC time with an optional increment.</doc>
<status status="PASS" start="2026-02-20T23:17:27.159607" elapsed="0.000000"/>
</kw>
<return>
<value>${prefix}_${ts}</value>
<status status="PASS" start="2026-02-20T23:17:27.159607" elapsed="0.000000"/>
</return>
<msg time="2026-02-20T23:17:27.160607" level="INFO">${rname} = RF_UserSuite_231727159607</msg>
<var>${rname}</var>
<arg>RF_UserSuite</arg>
<status status="PASS" start="2026-02-20T23:17:27.159607" elapsed="0.001000"/>
</kw>
<kw name="Register Restaurant" owner="common_keywords">
<kw name="Create Dictionary" owner="BuiltIn">
<msg time="2026-02-20T23:17:27.161620" level="INFO">&amp;{payload} = { name=RF_UserSuite_231727159607 | category=Indian | location=Chennai | contact=6000000001 }</msg>
<var>&amp;{payload}</var>
<arg>name=${name}</arg>
<arg>category=${category}</arg>
<arg>location=${location}</arg>
<arg>contact=${contact}</arg>
<doc>Creates and returns a dictionary based on the given ``items``.</doc>
<status status="PASS" start="2026-02-20T23:17:27.160607" elapsed="0.001013"/>
</kw>
<kw name="POST On Session" owner="RequestsLibrary">
<msg time="2026-02-20T23:17:29.217414" level="INFO">POST Request : url=http://localhost:5000/api/v1/restaurants 
 path_url=/api/v1/restaurants 
 headers={'User-Agent': 'python-requests/2.31.0', 'Accept-Encoding': 'gzip, deflate', 'Accept': '*/*', 'Connection': 'keep-alive', 'Content-Type': 'application/json', 'Content-Length': '107'} 
 body=b'{"name": "RF_UserSuite_231727159607", "category": "Indian", "location": "Chennai", "contact": "6000000001"}' 
 </msg>
<msg time="2026-02-20T23:17:29.217414" level="INFO">POST Response : url=http://localhost:5000/api/v1/restaurants 
 status=201, reason=CREATED 
 headers={'Server': 'Werkzeug/3.1.6 Python/3.12.3', 'Date': 'Fri, 20 Feb 2026 17:47:29 GMT', 'Content-Type': 'application/json', 'Content-Length': '235', 'Connection': 'close'} 
 body={
  "category": "Indian",
  "contact": "6000000001",
  "enabled": true,
  "images": [],
  "location": "Chennai",
  "name": "RF_UserSuite_231727159607",
  "restaurant_id": "40406ed3-cf99-47c1-a9e9-144541e0a3ff",
  "status": "pending"
}
 
 </msg>
<msg time="2026-02-20T23:17:29.217414" level="INFO">${response} = &lt;Response [201]&gt;</msg>
<var>${response}</var>
<arg>${SESSION_ALIAS}</arg>
<arg>/api/v1/restaurants</arg>
<arg>json=${payload}</arg>
<arg>expected_status=any</arg>
<doc>Sends a POST request on a previously created HTTP Session.</doc>
<status status="PASS" start="2026-02-20T23:17:27.161620" elapsed="2.055794"/>
</kw>
<return>
<value>${response}</value>
<status status="PASS" start="2026-02-20T23:17:29.217414" elapsed="0.000000"/>
</return>
<msg time="2026-02-20T23:17:29.218402" level="INFO">${reg} = &lt;Response [201]&gt;</msg>
<var>${reg}</var>
<arg>${rname}</arg>
<arg>Indian</arg>
<arg>Chennai</arg>
<arg>6000000001</arg>
<status status="PASS" start="2026-02-20T23:17:27.160607" elapsed="2.057795"/>
</kw>
<kw name="Extract Field From Response" owner="common_keywords">
<kw name="Get Response Body" owner="common_keywords">
<kw name="Evaluate" owner="BuiltIn">
<msg time="2026-02-20T23:17:29.219413" level="INFO">${body} = {'category': 'Indian', 'contact': '6000000001', 'enabled': True, 'images': [], 'location': 'Chennai', 'name': 'RF_UserSuite_231727159607', 'restaurant_id': '40406ed3-cf99-47c1-a9e9-144541e0a3ff', 'sta...</msg>
<var>${body}</var>
<arg>$response.json()</arg>
<doc>Evaluates the given expression in Python and returns the result.</doc>
<status status="PASS" start="2026-02-20T23:17:29.219413" elapsed="0.000000"/>
</kw>
<return>
<value>${body}</value>
<status status="PASS" start="2026-02-20T23:17:29.220390" elapsed="0.000000"/>
</return>
<msg time="2026-02-20T23:17:29.220390" level="INFO">${body} = {'category': 'Indian', 'contact': '6000000001', 'enabled': True, 'images': [], 'location': 'Chennai', 'name': 'RF_UserSuite_231727159607', 'restaurant_id': '40406ed3-cf99-47c1-a9e9-144541e0a3ff', 'sta...</msg>
<var>${body}</var>
<arg>${response}</arg>
<status status="PASS" start="2026-02-20T23:17:29.218402" elapsed="0.001988"/>
</kw>
<kw name="Dictionary Should Contain Key" owner="Collections">
<msg time="2026-02-20T23:17:29.221386" level="INFO">False</msg>
<arg>${body}</arg>
<arg>${field}</arg>
<doc>Fails if ``key`` is not found from ``dictionary``.</doc>
<status status="PASS" start="2026-02-20T23:17:29.220390" elapsed="0.000996"/>
</kw>
<kw name="Get From Dictionary" owner="Collections">
<msg time="2026-02-20T23:17:29.221386" level="INFO">${value} = 40406ed3-cf99-47c1-a9e9-144541e0a3ff</msg>
<var>${value}</var>
<arg>${body}</arg>
<arg>${field}</arg>
<doc>Returns a value from the given ``dictionary`` based on the given ``key``.</doc>
<status status="PASS" start="2026-02-20T23:17:29.221386" elapsed="0.000000"/>
</kw>
<return>
<value>${value}</value>
<status status="PASS" start="2026-02-20T23:17:29.221386" elapsed="0.000000"/>
</return>
<msg time="2026-02-20T23:17:29.221386" level="INFO">${rid} = 40406ed3-cf99-47c1-a9e9-144541e0a3ff</msg>
<var>${rid}</var>
<arg>${reg}</arg>
<arg>restaurant_id</arg>
<status status="PASS" start="2026-02-20T23:17:29.218402" elapsed="0.003991"/>
</kw>
<kw name="Admin Approve Restaurant" owner="common_keywords">
<kw name="PUT On Session" owner="RequestsLibrary">
<msg time="2026-02-20T23:17:31.254646" level="INFO">PUT Request : url=http://localhost:5000/api/v1/admin/restaurants/40406ed3-cf99-47c1-a9e9-144541e0a3ff/approve 
 path_url=/api/v1/admin/restaurants/40406ed3-cf99-47c1-a9e9-144541e0a3ff/approve 
 headers={'User-Agent': 'python-requests/2.31.0', 'Accept-Encoding': 'gzip, deflate', 'Accept': '*/*', 'Connection': 'keep-alive', 'Content-Type': 'application/json', 'Content-Length': '0'} 
 body=None 
 </msg>
<msg time="2026-02-20T23:17:31.254646" level="INFO">PUT Response : url=http://localhost:5000/api/v1/admin/restaurants/40406ed3-cf99-47c1-a9e9-144541e0a3ff/approve 
 status=200, reason=OK 
 headers={'Server': 'Werkzeug/3.1.6 Python/3.12.3', 'Date': 'Fri, 20 Feb 2026 17:47:31 GMT', 'Content-Type': 'application/json', 'Content-Length': '39', 'Connection': 'close'} 
 body={
  "message": "Restaurant approved"
}
 
 </msg>
<msg time="2026-02-20T23:17:31.255629" level="INFO">${response} = &lt;Response [200]&gt;</msg>
<var>${response}</var>
<arg>${SESSION_ALIAS}</arg>
<arg>/api/v1/admin/restaurants/${restaurant_id}/approve</arg>
<arg>expected_status=any</arg>
<doc>Sends a PUT request on a previously created HTTP Session.</doc>
<status status="PASS" start="2026-02-20T23:17:29.222393" elapsed="2.033236"/>
</kw>
<return>
<value>${response}</value>
<status status="PASS" start="2026-02-20T23:17:31.255629" elapsed="0.000000"/>
</return>
<arg>${rid}</arg>
<status status="PASS" start="2026-02-20T23:17:29.222393" elapsed="2.033236"/>
</kw>
<kw name="Create Dictionary" owner="BuiltIn">
<msg time="2026-02-20T23:17:31.256628" level="INFO">&amp;{dp} = { name=Suite Dish | type=Veg | price=150 }</msg>
<var>&amp;{dp}</var>
<arg>name=Suite Dish</arg>
<arg>type=Veg</arg>
<arg>price=${150}</arg>
<doc>Creates and returns a dictionary based on the given ``items``.</doc>
<status status="PASS" start="2026-02-20T23:17:31.255629" elapsed="0.000999"/>
</kw>
<kw name="Add Dish" owner="common_keywords">
<kw name="POST On Session" owner="RequestsLibrary">
<msg time="2026-02-20T23:17:33.289459" level="INFO">POST Request : url=http://localhost:5000/api/v1/restaurants/40406ed3-cf99-47c1-a9e9-144541e0a3ff/dishes 
 path_url=/api/v1/restaurants/40406ed3-cf99-47c1-a9e9-144541e0a3ff/dishes 
 headers={'User-Agent': 'python-requests/2.31.0', 'Accept-Encoding': 'gzip, deflate', 'Accept': '*/*', 'Connection': 'keep-alive', 'Content-Type': 'application/json', 'Content-Length': '51'} 
 body=b'{"name": "Suite Dish", "type": "Veg", "price": 150}' 
 </msg>
<msg time="2026-02-20T23:17:33.289459" level="INFO">POST Response : url=http://localhost:5000/api/v1/restaurants/40406ed3-cf99-47c1-a9e9-144541e0a3ff/dishes 
 status=201, reason=CREATED 
 headers={'Server': 'Werkzeug/3.1.6 Python/3.12.3', 'Date': 'Fri, 20 Feb 2026 17:47:33 GMT', 'Content-Type': 'application/json', 'Content-Length': '232', 'Connection': 'close'} 
 body={
  "available_time": "",
  "dish_id": "9a5529a8-f22f-4bf0-b87e-899e46ca266d",
  "enabled": true,
  "image": "",
  "name": "Suite Dish",
  "price": 150.0,
  "restaurant_id": "40406ed3-cf99-47c1-a9e9-144541e0a3ff",
  "type": "Veg"
}
 
 </msg>
<msg time="2026-02-20T23:17:33.289459" level="INFO">${response} = &lt;Response [201]&gt;</msg>
<var>${response}</var>
<arg>${SESSION_ALIAS}</arg>
<arg>/api/v1/restaurants/${restaurant_id}/dishes</arg>
<arg>json=${payload}</arg>
<arg>expected_status=any</arg>
<doc>Sends a POST request on a previously created HTTP Session.</doc>
<status status="PASS" start="2026-02-20T23:17:31.257626" elapsed="2.031833"/>
</kw>
<return>
<value>${response}</value>
<status status="PASS" start="2026-02-20T23:17:33.289459" elapsed="0.000000"/>
</return>
<msg time="2026-02-20T23:17:33.289459" level="INFO">${dr} = &lt;Response [201]&gt;</msg>
<var>${dr}</var>
<arg>${rid}</arg>
<arg>${dp}</arg>
<status status="PASS" start="2026-02-20T23:17:31.256628" elapsed="2.032831"/>
</kw>
<kw name="Extract Field From Response" owner="common_keywords">
<kw name="Get Response Body" owner="common_keywords">
<kw name="Evaluate" owner="BuiltIn">
<msg time="2026-02-20T23:17:33.291461" level="INFO">${body} = {'available_time': '', 'dish_id': '9a5529a8-f22f-4bf0-b87e-899e46ca266d', 'enabled': True, 'image': '', 'name': 'Suite Dish', 'price': 150.0, 'restaurant_id': '40406ed3-cf99-47c1-a9e9-144541e0a3ff', '...</msg>
<var>${body}</var>
<arg>$response.json()</arg>
<doc>Evaluates the given expression in Python and returns the result.</doc>
<status status="PASS" start="2026-02-20T23:17:33.291461" elapsed="0.000000"/>
</kw>
<return>
<value>${body}</value>
<status status="PASS" start="2026-02-20T23:17:33.291461" elapsed="0.000000"/>
</return>
<msg time="2026-02-20T23:17:33.291461" level="INFO">${body} = {'available_time': '', 'dish_id': '9a5529a8-f22f-4bf0-b87e-899e46ca266d', 'enabled': True, 'image': '', 'name': 'Suite Dish', 'price': 150.0, 'restaurant_id': '40406ed3-cf99-47c1-a9e9-144541e0a3ff', '...</msg>
<var>${body}</var>
<arg>${response}</arg>
<status status="PASS" start="2026-02-20T23:17:33.290458" elapsed="0.001003"/>
</kw>
<kw name="Dictionary Should Contain Key" owner="Collections">
<msg time="2026-02-20T23:17:33.292460" level="INFO">False</msg>
<arg>${body}</arg>
<arg>${field}</arg>
<doc>Fails if ``key`` is not found from ``dictionary``.</doc>
<status status="PASS" start="2026-02-20T23:17:33.292460" elapsed="0.000000"/>
</kw>
<kw name="Get From Dictionary" owner="Collections">
<msg time="2026-02-20T23:17:33.294469" level="INFO">${value} = 9a5529a8-f22f-4bf0-b87e-899e46ca266d</msg>
<var>${value}</var>
<arg>${body}</arg>
<arg>${field}</arg>
<doc>Returns a value from the given ``dictionary`` based on the given ``key``.</doc>
<status status="PASS" start="2026-02-20T23:17:33.293460" elapsed="0.001009"/>
</kw>
<return>
<value>${value}</value>
<status status="PASS" start="2026-02-20T23:17:33.294469" elapsed="0.000000"/>
</return>
<msg time="2026-02-20T23:17:33.294469" level="INFO">${did} = 9a5529a8-f22f-4bf0-b87e-899e46ca266d</msg>
<var>${did}</var>
<arg>${dr}</arg>
<arg>dish_id</arg>
<status status="PASS" start="2026-02-20T23:17:33.290458" elapsed="0.005016"/>
</kw>
<kw name="Unique Name" owner="common_keywords">
<kw name="Get Current Date" owner="DateTime">
<msg time="2026-02-20T23:17:33.296457" level="INFO">${ts} = 231733296457</msg>
<var>${ts}</var>
<arg>result_format=%H%M%S%f</arg>
<doc>Returns current local or UTC time with an optional increment.</doc>
<status status="PASS" start="2026-02-20T23:17:33.295474" elapsed="0.000983"/>
</kw>
<return>
<value>${prefix}_${ts}</value>
<status status="PASS" start="2026-02-20T23:17:33.296457" elapsed="0.000000"/>
</return>
<msg time="2026-02-20T23:17:33.297461" level="INFO">${uemail} = rfsuite_231733296457</msg>
<var>${uemail}</var>
<arg>rfsuite</arg>
<status status="PASS" start="2026-02-20T23:17:33.295474" elapsed="0.001987"/>
</kw>
<kw name="Register User" owner="common_keywords">
<kw name="Create Dictionary" owner="BuiltIn">
<msg time="2026-02-20T23:17:33.298474" level="INFO">&amp;{payload} = { name=Suite User | email=rfsuite_231733296457@example.com | password=Suite@123 }</msg>
<var>&amp;{payload}</var>
<arg>name=${name}</arg>
<arg>email=${email}</arg>
<arg>password=${password}</arg>
<doc>Creates and returns a dictionary based on the given ``items``.</doc>
<status status="PASS" start="2026-02-20T23:17:33.297461" elapsed="0.001013"/>
</kw>
<kw name="POST On Session" owner="RequestsLibrary">
<msg time="2026-02-20T23:17:35.336148" level="INFO">POST Request : url=http://localhost:5000/api/v1/users/register 
 path_url=/api/v1/users/register 
 headers={'User-Agent': 'python-requests/2.31.0', 'Accept-Encoding': 'gzip, deflate', 'Accept': '*/*', 'Connection': 'keep-alive', 'Content-Type': 'application/json', 'Content-Length': '92'} 
 body=b'{"name": "Suite User", "email": "rfsuite_231733296457@example.com", "password": "Suite@123"}' 
 </msg>
<msg time="2026-02-20T23:17:35.336148" level="INFO">POST Response : url=http://localhost:5000/api/v1/users/register 
 status=201, reason=CREATED 
 headers={'Server': 'Werkzeug/3.1.6 Python/3.12.3', 'Date': 'Fri, 20 Feb 2026 17:47:35 GMT', 'Content-Type': 'application/json', 'Content-Length': '127', 'Connection': 'close'} 
 body={
  "email": "rfsuite_231733296457@example.com",
  "name": "Suite User",
  "user_id": "a7738465-684b-4164-bf12-020abf8f3e49"
}
 
 </msg>
<msg time="2026-02-20T23:17:35.336148" level="INFO">${response} = &lt;Response [201]&gt;</msg>
<var>${response}</var>
<arg>${SESSION_ALIAS}</arg>
<arg>/api/v1/users/register</arg>
<arg>json=${payload}</arg>
<arg>expected_status=any</arg>
<doc>Sends a POST request on a previously created HTTP Session.</doc>
<status status="PASS" start="2026-02-20T23:17:33.298474" elapsed="2.037674"/>
</kw>
<return>
<value>${response}</value>
<status status="PASS" start="2026-02-20T23:17:35.337148" elapsed="0.000000"/>
</return>
<msg time="2026-02-20T23:17:35.337148" level="INFO">${ur} = &lt;Response [201]&gt;</msg>
<var>${ur}</var>
<arg>Suite User</arg>
<arg>${uemail}@example.com</arg>
<arg>Suite@123</arg>
<status status="PASS" start="2026-02-20T23:17:33.297461" elapsed="2.039687"/>
</kw>
<kw name="Extract Field From Response" owner="common_keywords">
<kw name="Get Response Body" owner="common_keywords">
<kw name="Evaluate" owner="BuiltIn">
<msg time="2026-02-20T23:17:35.338147" level="INFO">${body} = {'email': 'rfsuite_231733296457@example.com', 'name': 'Suite User', 'user_id': 'a7738465-684b-4164-bf12-020abf8f3e49'}</msg>
<var>${body}</var>
<arg>$response.json()</arg>
<doc>Evaluates the given expression in Python and returns the result.</doc>
<status status="PASS" start="2026-02-20T23:17:35.338147" elapsed="0.000000"/>
</kw>
<return>
<value>${body}</value>
<status status="PASS" start="2026-02-20T23:17:35.338147" elapsed="0.001000"/>
</return>
<msg time="2026-02-20T23:17:35.339147" level="INFO">${body} = {'email': 'rfsuite_231733296457@example.com', 'name': 'Suite User', 'user_id': 'a7738465-684b-4164-bf12-020abf8f3e49'}</msg>
<var>${body}</var>
<arg>${response}</arg>
<status status="PASS" start="2026-02-20T23:17:35.338147" elapsed="0.001000"/>
</kw>
<kw name="Dictionary Should Contain Key" owner="Collections">
<msg time="2026-02-20T23:17:35.339147" level="INFO">False</msg>
<arg>${body}</arg>
<arg>${field}</arg>
<doc>Fails if ``key`` is not found from ``dictionary``.</doc>
<status status="PASS" start="2026-02-20T23:17:35.339147" elapsed="0.000000"/>
</kw>
<kw name="Get From Dictionary" owner="Collections">
<msg time="2026-02-20T23:17:35.339147" level="INFO">${value} = a7738465-684b-4164-bf12-020abf8f3e49</msg>
<var>${value}</var>
<arg>${body}</arg>
<arg>${field}</arg>
<doc>Returns a value from the given ``dictionary`` based on the given ``key``.</doc>
<status status="PASS" start="2026-02-20T23:17:35.339147" elapsed="0.000000"/>
</kw>
<return>
<value>${value}</value>
<status status="PASS" start="2026-02-20T23:17:35.339147" elapsed="0.000000"/>
</return>
<msg time="2026-02-20T23:17:35.340171" level="INFO">${uid} = a7738465-684b-4164-bf12-020abf8f3e49</msg>
<var>${uid}</var>
<arg>${ur}</arg>
<arg>user_id</arg>
<status status="PASS" start="2026-02-20T23:17:35.337148" elapsed="0.003023"/>
</kw>
<kw name="Set Suite Variable" owner="BuiltIn">
<msg time="2026-02-20T23:17:35.341170" level="INFO">${SUITE_REST_ID} = 40406ed3-cf99-47c1-a9e9-144541e0a3ff</msg>
<arg>${SUITE_REST_ID}</arg>
<arg>${rid}</arg>
<doc>Makes a variable available everywhere within the scope of the current suite.</doc>
<status status="PASS" start="2026-02-20T23:17:35.340171" elapsed="0.000999"/>
</kw>
<kw name="Set Suite Variable" owner="BuiltIn">
<msg time="2026-02-20T23:17:35.342147" level="INFO">${SUITE_REST_NAME} = RF_UserSuite_231727159607</msg>
<arg>${SUITE_REST_NAME}</arg>
<arg>${rname}</arg>
<doc>Makes a variable available everywhere within the scope of the current suite.</doc>
<status status="PASS" start="2026-02-20T23:17:35.341170" elapsed="0.000977"/>
</kw>
<kw name="Set Suite Variable" owner="BuiltIn">
<msg time="2026-02-20T23:17:35.343156" level="INFO">${SUITE_DISH_ID} = 9a5529a8-f22f-4bf0-b87e-899e46ca266d</msg>
<arg>${SUITE_DISH_ID}</arg>
<arg>${did}</arg>
<doc>Makes a variable available everywhere within the scope of the current suite.</doc>
<status status="PASS" start="2026-02-20T23:17:35.342147" elapsed="0.001009"/>
</kw>
<kw name="Set Suite Variable" owner="BuiltIn">
<msg time="2026-02-20T23:17:35.344151" level="INFO">${SUITE_USER_ID} = a7738465-684b-4164-bf12-020abf8f3e49</msg>
<arg>${SUITE_USER_ID}</arg>
<arg>${uid}</arg>
<doc>Makes a variable available everywhere within the scope of the current suite.</doc>
<status status="PASS" start="2026-02-20T23:17:35.343156" elapsed="0.000995"/>
</kw>
<status status="PASS" start="2026-02-20T23:17:27.158611" elapsed="8.185540"/>
</kw>
<arg>Backup Original Data</arg>
<arg>AND</arg>
<arg>Clear Data For Tests</arg>
<arg>AND</arg>
<arg>Create Foodie Session</arg>
<arg>AND</arg>
<arg>Setup User Suite</arg>
<doc>Executes all the given keywords in a sequence.</doc>
<status status="PASS" start="2026-02-20T23:17:27.131620" elapsed="8.212531"/>
</kw>
<test id="s1-s1-s1-t1" name="REQ-13 User Registration" line="13">
<kw name="Unique Name" owner="common_keywords">
<kw name="Get Current Date" owner="DateTime">
<msg time="2026-02-20T23:17:35.347173" level="INFO">${ts} = 231735346151</msg>
<var>${ts}</var>
<arg>result_format=%H%M%S%f</arg>
<doc>Returns current local or UTC time with an optional increment.</doc>
<status status="PASS" start="2026-02-20T23:17:35.346151" elapsed="0.001022"/>
</kw>
<return>
<value>${prefix}_${ts}</value>
<status status="PASS" start="2026-02-20T23:17:35.347173" elapsed="0.000000"/>
</return>
<msg time="2026-02-20T23:17:35.347173" level="INFO">${email} = rfuser_231735346151</msg>
<var>${email}</var>
<arg>rfuser</arg>
<status status="PASS" start="2026-02-20T23:17:35.346151" elapsed="0.001022"/>
</kw>
<kw name="Register User" owner="common_keywords">
<kw name="Create Dictionary" owner="BuiltIn">
<msg time="2026-02-20T23:17:35.350169" level="INFO">&amp;{payload} = { name=Arjun Kumar | email=rfuser_231735346151@example.com | password=Arjun@123 }</msg>
<var>&amp;{payload}</var>
<arg>name=${name}</arg>
<arg>email=${email}</arg>
<arg>password=${password}</arg>
<doc>Creates and returns a dictionary based on the given ``items``.</doc>
<status status="PASS" start="2026-02-20T23:17:35.349169" elapsed="0.001000"/>
</kw>
<kw name="POST On Session" owner="RequestsLibrary">
<msg time="2026-02-20T23:17:37.392928" level="INFO">POST Request : url=http://localhost:5000/api/v1/users/register 
 path_url=/api/v1/users/register 
 headers={'User-Agent': 'python-requests/2.31.0', 'Accept-Encoding': 'gzip, deflate', 'Accept': '*/*', 'Connection': 'keep-alive', 'Content-Type': 'application/json', 'Content-Length': '92'} 
 body=b'{"name": "Arjun Kumar", "email": "rfuser_231735346151@example.com", "password": "Arjun@123"}' 
 </msg>
<msg time="2026-02-20T23:17:37.392928" level="INFO">POST Response : url=http://localhost:5000/api/v1/users/register 
 status=201, reason=CREATED 
 headers={'Server': 'Werkzeug/3.1.6 Python/3.12.3', 'Date': 'Fri, 20 Feb 2026 17:47:37 GMT', 'Content-Type': 'application/json', 'Content-Length': '127', 'Connection': 'close'} 
 body={
  "email": "rfuser_231735346151@example.com",
  "name": "Arjun Kumar",
  "user_id": "005b75ec-98fb-414a-ada0-edabc24a3c15"
}
 
 </msg>
<msg time="2026-02-20T23:17:37.392928" level="INFO">${response} = &lt;Response [201]&gt;</msg>
<var>${response}</var>
<arg>${SESSION_ALIAS}</arg>
<arg>/api/v1/users/register</arg>
<arg>json=${payload}</arg>
<arg>expected_status=any</arg>
<doc>Sends a POST request on a previously created HTTP Session.</doc>
<status status="PASS" start="2026-02-20T23:17:35.350169" elapsed="2.042759"/>
</kw>
<return>
<value>${response}</value>
<status status="PASS" start="2026-02-20T23:17:37.393928" elapsed="0.000000"/>
</return>
<msg time="2026-02-20T23:17:37.393928" level="INFO">${response} = &lt;Response [201]&gt;</msg>
<var>${response}</var>
<arg>Arjun Kumar</arg>
<arg>${email}@example.com</arg>
<arg>Arjun@123</arg>
<status status="PASS" start="2026-02-20T23:17:35.348169" elapsed="2.045759"/>
</kw>
<kw name="Response Status Should Be" owner="common_keywords">
<kw name="Should Be Equal As Integers" owner="BuiltIn">
<msg time="2026-02-20T23:17:37.398926" level="INFO">Argument types are:
&lt;class 'int'&gt;
&lt;class 'str'&gt;</msg>
<arg>${response.status_code}</arg>
<arg>${expected_status}</arg>
<doc>Fails if objects are unequal after converting them to integers.</doc>
<status status="PASS" start="2026-02-20T23:17:37.395927" elapsed="0.002999"/>
</kw>
<arg>${response}</arg>
<arg>201</arg>
<status status="PASS" start="2026-02-20T23:17:37.395927" elapsed="0.004005"/>
</kw>
<kw name="Response Should Contain Key" owner="common_keywords">
<kw name="Get Response Body" owner="common_keywords">
<kw name="Evaluate" owner="BuiltIn">
<msg time="2026-02-20T23:17:37.401927" level="INFO">${body} = {'email': 'rfuser_231735346151@example.com', 'name': 'Arjun Kumar', 'user_id': '005b75ec-98fb-414a-ada0-edabc24a3c15'}</msg>
<var>${body}</var>
<arg>$response.json()</arg>
<doc>Evaluates the given expression in Python and returns the result.</doc>
<status status="PASS" start="2026-02-20T23:17:37.401927" elapsed="0.001006"/>
</kw>
<return>
<value>${body}</value>
<status status="PASS" start="2026-02-20T23:17:37.402933" elapsed="0.000000"/>
</return>
<msg time="2026-02-20T23:17:37.402933" level="INFO">${body} = {'email': 'rfuser_231735346151@example.com', 'name': 'Arjun Kumar', 'user_id': '005b75ec-98fb-414a-ada0-edabc24a3c15'}</msg>
<var>${body}</var>
<arg>${response}</arg>
<status status="PASS" start="2026-02-20T23:17:37.400928" elapsed="0.002005"/>
</kw>
<kw name="Dictionary Should Contain Key" owner="Collections">
<msg time="2026-02-20T23:17:37.403927" level="INFO">False</msg>
<arg>${body}</arg>
<arg>${key}</arg>
<doc>Fails if ``key`` is not found from ``dictionary``.</doc>
<status status="PASS" start="2026-02-20T23:17:37.402933" elapsed="0.000994"/>
</kw>
<arg>${response}</arg>
<arg>user_id</arg>
<status status="PASS" start="2026-02-20T23:17:37.399932" elapsed="0.003995"/>
</kw>
<kw name="Get Response Body" owner="common_keywords">
<kw name="Evaluate" owner="BuiltIn">
<msg time="2026-02-20T23:17:37.407487" level="INFO">${body} = {'email': 'rfuser_231735346151@example.com', 'name': 'Arjun Kumar', 'user_id': '005b75ec-98fb-414a-ada0-edabc24a3c15'}</msg>
<var>${body}</var>
<arg>$response.json()</arg>
<doc>Evaluates the given expression in Python and returns the result.</doc>
<status status="PASS" start="2026-02-20T23:17:37.406462" elapsed="0.001025"/>
</kw>
<return>
<value>${body}</value>
<status status="PASS" start="2026-02-20T23:17:37.407487" elapsed="0.000000"/>
</return>
<msg time="2026-02-20T23:17:37.407487" level="INFO">${body} = {'email': 'rfuser_231735346151@example.com', 'name': 'Arjun Kumar', 'user_id': '005b75ec-98fb-414a-ada0-edabc24a3c15'}</msg>
<var>${body}</var>
<arg>${response}</arg>
<status status="PASS" start="2026-02-20T23:17:37.404930" elapsed="0.002557"/>
</kw>
<kw name="Dictionary Should Not Contain Key" owner="Collections">
<msg time="2026-02-20T23:17:37.409485" level="INFO">False</msg>
<arg>${body}</arg>
<arg>password</arg>
<doc>Fails if ``key`` is found from ``dictionary``.</doc>
<status status="PASS" start="2026-02-20T23:17:37.408484" elapsed="0.001001"/>
</kw>
<doc>POST /api/v1/users/register — Register a new user.</doc>
<tag>POST</tag>
<tag>user</tag>
<status status="PASS" start="2026-02-20T23:17:35.345154" elapsed="2.065330"/>
</test>
<test id="s1-s1-s1-t2" name="REQ-14 Search Restaurants" line="23">
<kw name="Create Dictionary" owner="BuiltIn">
<msg time="2026-02-20T23:17:37.413490" level="INFO">&amp;{params} = { name=RF_UserSuite_231727159607 }</msg>
<var>&amp;{params}</var>
<arg>name=${SUITE_REST_NAME}</arg>
<doc>Creates and returns a dictionary based on the given ``items``.</doc>
<status status="PASS" start="2026-02-20T23:17:37.412483" elapsed="0.001007"/>
</kw>
<kw name="Search Restaurants" owner="common_keywords">
<kw name="GET On Session" owner="RequestsLibrary">
<msg time="2026-02-20T23:17:39.466014" level="INFO">GET Request : url=http://localhost:5000/api/v1/restaurants/search?name=RF_UserSuite_231727159607 
 path_url=/api/v1/restaurants/search?name=RF_UserSuite_231727159607 
 headers={'User-Agent': 'python-requests/2.31.0', 'Accept-Encoding': 'gzip, deflate', 'Accept': '*/*', 'Connection': 'keep-alive', 'Content-Type': 'application/json'} 
 body=None 
 </msg>
<msg time="2026-02-20T23:17:39.466014" level="INFO">GET Response : url=http://localhost:5000/api/v1/restaurants/search?name=RF_UserSuite_231727159607 
 status=200, reason=OK 
 headers={'Server': 'Werkzeug/3.1.6 Python/3.12.3', 'Date': 'Fri, 20 Feb 2026 17:47:39 GMT', 'Content-Type': 'application/json', 'Content-Length': '260', 'Connection': 'close'} 
 body=[
  {
    "category": "Indian",
    "contact": "6000000001",
    "enabled": true,
    "images": [],
    "location": "Chennai",
    "name": "RF_UserSuite_231727159607",
    "restaurant_id": "40406ed3-cf99-47c1-a9e9-144541e0a3ff",
    "status": "approved"
  }
]
 
 </msg>
<msg time="2026-02-20T23:17:39.467011" level="INFO">${response} = &lt;Response [200]&gt;</msg>
<var>${response}</var>
<arg>${SESSION_ALIAS}</arg>
<arg>/api/v1/restaurants/search</arg>
<arg>params=${params}</arg>
<arg>expected_status=any</arg>
<doc>Sends a GET request on a previously created HTTP Session.</doc>
<status status="PASS" start="2026-02-20T23:17:37.416478" elapsed="2.050533"/>
</kw>
<return>
<value>${response}</value>
<status status="PASS" start="2026-02-20T23:17:39.467011" elapsed="0.000000"/>
</return>
<msg time="2026-02-20T23:17:39.467011" level="INFO">${response} = &lt;Response [200]&gt;</msg>
<var>${response}</var>
<arg>${params}</arg>
<status status="PASS" start="2026-02-20T23:17:37.415480" elapsed="2.052539"/>
</kw>
<kw name="Response Status Should Be" owner="common_keywords">
<kw name="Should Be Equal As Integers" owner="BuiltIn">
<msg time="2026-02-20T23:17:39.471021" level="INFO">Argument types are:
&lt;class 'int'&gt;
&lt;class 'str'&gt;</msg>
<arg>${response.status_code}</arg>
<arg>${expected_status}</arg>
<doc>Fails if objects are unequal after converting them to integers.</doc>
<status status="PASS" start="2026-02-20T23:17:39.470010" elapsed="0.001011"/>
</kw>
<arg>${response}</arg>
<arg>200</arg>
<status status="PASS" start="2026-02-20T23:17:39.469011" elapsed="0.002010"/>
</kw>
<kw name="Evaluate" owner="BuiltIn">
<msg time="2026-02-20T23:17:39.474030" level="INFO">${body} = [{'category': 'Indian', 'contact': '6000000001', 'enabled': True, 'images': [], 'location': 'Chennai', 'name': 'RF_UserSuite_231727159607', 'restaurant_id': '40406ed3-cf99-47c1-a9e9-144541e0a3ff', 'st...</msg>
<var>${body}</var>
<arg>$response.json()</arg>
<doc>Evaluates the given expression in Python and returns the result.</doc>
<status status="PASS" start="2026-02-20T23:17:39.473047" elapsed="0.001980"/>
</kw>
<kw name="Should Not Be Empty" owner="BuiltIn">
<msg time="2026-02-20T23:17:39.477027" level="INFO">Length is 1.</msg>
<arg>${body}</arg>
<doc>Verifies that the given item is not empty.</doc>
<status status="PASS" start="2026-02-20T23:17:39.476030" elapsed="0.000997"/>
</kw>
<doc>GET /api/v1/restaurants/search — Search restaurants.</doc>
<tag>GET</tag>
<tag>user</tag>
<status status="PASS" start="2026-02-20T23:17:37.411477" elapsed="2.067552"/>
</test>
<test id="s1-s1-s1-t3" name="REQ-15 Place Order" line="32">
<kw name="Create List" owner="BuiltIn">
<msg time="2026-02-20T23:17:39.484048" level="INFO">@{dishes} = [ 9a5529a8-f22f-4bf0-b87e-899e46ca266d ]</msg>
<var>@{dishes}</var>
<arg>${SUITE_DISH_ID}</arg>
<doc>Returns a list containing given items.</doc>
<status status="PASS" start="2026-02-20T23:17:39.483051" elapsed="0.000997"/>
</kw>
<kw name="Place Order" owner="common_keywords">
<kw name="Create Dictionary" owner="BuiltIn">
<msg time="2026-02-20T23:17:39.490582" level="INFO">&amp;{payload} = { user_id=a7738465-684b-4164-bf12-020abf8f3e49 | restaurant_id=40406ed3-cf99-47c1-a9e9-144541e0a3ff | dishes=['9a5529a8-f22f-4bf0-b87e-899e46ca266d'] }</msg>
<var>&amp;{payload}</var>
<arg>user_id=${user_id}</arg>
<arg>restaurant_id=${restaurant_id}</arg>
<arg>dishes=${dishes}</arg>
<doc>Creates and returns a dictionary based on the given ``items``.</doc>
<status status="PASS" start="2026-02-20T23:17:39.486582" elapsed="0.004000"/>
</kw>
<kw name="POST On Session" owner="RequestsLibrary">
<msg time="2026-02-20T23:17:41.530553" level="INFO">POST Request : url=http://localhost:5000/api/v1/orders 
 path_url=/api/v1/orders 
 headers={'User-Agent': 'python-requests/2.31.0', 'Accept-Encoding': 'gzip, deflate', 'Accept': '*/*', 'Connection': 'keep-alive', 'Content-Type': 'application/json', 'Content-Length': '160'} 
 body=b'{"user_id": "a7738465-684b-4164-bf12-020abf8f3e49", "restaurant_id": "40406ed3-cf99-47c1-a9e9-144541e0a3ff", "dishes": ["9a5529a8-f22f-4bf0-b87e-899e46ca266d"]}' 
 </msg>
<msg time="2026-02-20T23:17:41.530553" level="INFO">POST Response : url=http://localhost:5000/api/v1/orders 
 status=201, reason=CREATED 
 headers={'Server': 'Werkzeug/3.1.6 Python/3.12.3', 'Date': 'Fri, 20 Feb 2026 17:47:41 GMT', 'Content-Type': 'application/json', 'Content-Length': '253', 'Connection': 'close'} 
 body={
  "dishes": [
    "9a5529a8-f22f-4bf0-b87e-899e46ca266d"
  ],
  "order_id": "0657e5ca-bab2-4a29-a61f-8408b679e64f",
  "restaurant_id": "40406ed3-cf99-47c1-a9e9-144541e0a3ff",
  "status": "placed",
  "user_id": "a7738465-684b-4164-bf12-020abf8f3e49"
}
 
 </msg>
<msg time="2026-02-20T23:17:41.531559" level="INFO">${response} = &lt;Response [201]&gt;</msg>
<var>${response}</var>
<arg>${SESSION_ALIAS}</arg>
<arg>/api/v1/orders</arg>
<arg>json=${payload}</arg>
<arg>expected_status=any</arg>
<doc>Sends a POST request on a previously created HTTP Session.</doc>
<status status="PASS" start="2026-02-20T23:17:39.491581" elapsed="2.039978"/>
</kw>
<return>
<value>${response}</value>
<status status="PASS" start="2026-02-20T23:17:41.531559" elapsed="0.000000"/>
</return>
<msg time="2026-02-20T23:17:41.532553" level="INFO">${response} = &lt;Response [201]&gt;</msg>
<var>${response}</var>
<arg>${SUITE_USER_ID}</arg>
<arg>${SUITE_REST_ID}</arg>
<arg>${dishes}</arg>
<status status="PASS" start="2026-02-20T23:17:39.485562" elapsed="2.046991"/>
</kw>
<kw name="Response Status Should Be" owner="common_keywords">
<kw name="Should Be Equal As Integers" owner="BuiltIn">
<msg time="2026-02-20T23:17:41.538559" level="INFO">Argument types are:
&lt;class 'int'&gt;
&lt;class 'str'&gt;</msg>
<arg>${response.status_code}</arg>
<arg>${expected_status}</arg>
<doc>Fails if objects are unequal after converting them to integers.</doc>
<status status="PASS" start="2026-02-20T23:17:41.535567" elapsed="0.002992"/>
</kw>
<arg>${response}</arg>
<arg>201</arg>
<status status="PASS" start="2026-02-20T23:17:41.534559" elapsed="0.004000"/>
</kw>
<kw name="Response Should Contain Key" owner="common_keywords">
<kw name="Get Response Body" owner="common_keywords">
<kw name="Evaluate" owner="BuiltIn">
<msg time="2026-02-20T23:17:41.541131" level="INFO">${body} = {'dishes': ['9a5529a8-f22f-4bf0-b87e-899e46ca266d'], 'order_id': '0657e5ca-bab2-4a29-a61f-8408b679e64f', 'restaurant_id': '40406ed3-cf99-47c1-a9e9-144541e0a3ff', 'status': 'placed', 'user_id': 'a77384...</msg>
<var>${body}</var>
<arg>$response.json()</arg>
<doc>Evaluates the given expression in Python and returns the result.</doc>
<status status="PASS" start="2026-02-20T23:17:41.540559" elapsed="0.000572"/>
</kw>
<return>
<value>${body}</value>
<status status="PASS" start="2026-02-20T23:17:41.541131" elapsed="0.000000"/>
</return>
<msg time="2026-02-20T23:17:41.541131" level="INFO">${body} = {'dishes': ['9a5529a8-f22f-4bf0-b87e-899e46ca266d'], 'order_id': '0657e5ca-bab2-4a29-a61f-8408b679e64f', 'restaurant_id': '40406ed3-cf99-47c1-a9e9-144541e0a3ff', 'status': 'placed', 'user_id': 'a77384...</msg>
<var>${body}</var>
<arg>${response}</arg>
<status status="PASS" start="2026-02-20T23:17:41.539568" elapsed="0.001563"/>
</kw>
<kw name="Dictionary Should Contain Key" owner="Collections">
<msg time="2026-02-20T23:17:41.542147" level="INFO">False</msg>
<arg>${body}</arg>
<arg>${key}</arg>
<doc>Fails if ``key`` is not found from ``dictionary``.</doc>
<status status="PASS" start="2026-02-20T23:17:41.542147" elapsed="0.000000"/>
</kw>
<arg>${response}</arg>
<arg>order_id</arg>
<status status="PASS" start="2026-02-20T23:17:41.539568" elapsed="0.002579"/>
</kw>
<kw name="Extract Field From Response" owner="common_keywords">
<kw name="Get Response Body" owner="common_keywords">
<kw name="Evaluate" owner="BuiltIn">
<msg time="2026-02-20T23:17:41.543757" level="INFO">${body} = {'dishes': ['9a5529a8-f22f-4bf0-b87e-899e46ca266d'], 'order_id': '0657e5ca-bab2-4a29-a61f-8408b679e64f', 'restaurant_id': '40406ed3-cf99-47c1-a9e9-144541e0a3ff', 'status': 'placed', 'user_id': 'a77384...</msg>
<var>${body}</var>
<arg>$response.json()</arg>
<doc>Evaluates the given expression in Python and returns the result.</doc>
<status status="PASS" start="2026-02-20T23:17:41.543757" elapsed="0.000000"/>
</kw>
<return>
<value>${body}</value>
<status status="PASS" start="2026-02-20T23:17:41.545431" elapsed="0.000000"/>
</return>
<msg time="2026-02-20T23:17:41.545431" level="INFO">${body} = {'dishes': ['9a5529a8-f22f-4bf0-b87e-899e46ca266d'], 'order_id': '0657e5ca-bab2-4a29-a61f-8408b679e64f', 'restaurant_id': '40406ed3-cf99-47c1-a9e9-144541e0a3ff', 'status': 'placed', 'user_id': 'a77384...</msg>
<var>${body}</var>
<arg>${response}</arg>
<status status="PASS" start="2026-02-20T23:17:41.543757" elapsed="0.001674"/>
</kw>
<kw name="Dictionary Should Contain Key" owner="Collections">
<msg time="2026-02-20T23:17:41.545431" level="INFO">False</msg>
<arg>${body}</arg>
<arg>${field}</arg>
<doc>Fails if ``key`` is not found from ``dictionary``.</doc>
<status status="PASS" start="2026-02-20T23:17:41.545431" elapsed="0.000000"/>
</kw>
<kw name="Get From Dictionary" owner="Collections">
<msg time="2026-02-20T23:17:41.545431" level="INFO">${value} = placed</msg>
<var>${value}</var>
<arg>${body}</arg>
<arg>${field}</arg>
<doc>Returns a value from the given ``dictionary`` based on the given ``key``.</doc>
<status status="PASS" start="2026-02-20T23:17:41.545431" elapsed="0.000000"/>
</kw>
<return>
<value>${value}</value>
<status status="PASS" start="2026-02-20T23:17:41.545431" elapsed="0.000000"/>
</return>
<msg time="2026-02-20T23:17:41.545431" level="INFO">${status} = placed</msg>
<var>${status}</var>
<arg>${response}</arg>
<arg>status</arg>
<status status="PASS" start="2026-02-20T23:17:41.543757" elapsed="0.001674"/>
</kw>
<kw name="Should Be Equal" owner="BuiltIn">
<arg>${status}</arg>
<arg>placed</arg>
<doc>Fails if the given objects are unequal.</doc>
<status status="PASS" start="2026-02-20T23:17:41.547074" elapsed="0.000000"/>
</kw>
<doc>POST /api/v1/orders — Place an order.</doc>
<tag>POST</tag>
<tag>user</tag>
<status status="PASS" start="2026-02-20T23:17:39.481029" elapsed="2.066045"/>
</test>
<test id="s1-s1-s1-t4" name="REQ-16 Give Rating" line="42">
<kw name="Create List" owner="BuiltIn">
<msg time="2026-02-20T23:17:41.550273" level="INFO">@{dishes} = [ 9a5529a8-f22f-4bf0-b87e-899e46ca266d ]</msg>
<var>@{dishes}</var>
<arg>${SUITE_DISH_ID}</arg>
<doc>Returns a list containing given items.</doc>
<status status="PASS" start="2026-02-20T23:17:41.550273" elapsed="0.000000"/>
</kw>
<kw name="Place Order" owner="common_keywords">
<kw name="Create Dictionary" owner="BuiltIn">
<msg time="2026-02-20T23:17:41.551885" level="INFO">&amp;{payload} = { user_id=a7738465-684b-4164-bf12-020abf8f3e49 | restaurant_id=40406ed3-cf99-47c1-a9e9-144541e0a3ff | dishes=['9a5529a8-f22f-4bf0-b87e-899e46ca266d'] }</msg>
<var>&amp;{payload}</var>
<arg>user_id=${user_id}</arg>
<arg>restaurant_id=${restaurant_id}</arg>
<arg>dishes=${dishes}</arg>
<doc>Creates and returns a dictionary based on the given ``items``.</doc>
<status status="PASS" start="2026-02-20T23:17:41.551885" elapsed="0.000000"/>
</kw>
<kw name="POST On Session" owner="RequestsLibrary">
<msg time="2026-02-20T23:17:43.587572" level="INFO">POST Request : url=http://localhost:5000/api/v1/orders 
 path_url=/api/v1/orders 
 headers={'User-Agent': 'python-requests/2.31.0', 'Accept-Encoding': 'gzip, deflate', 'Accept': '*/*', 'Connection': 'keep-alive', 'Content-Type': 'application/json', 'Content-Length': '160'} 
 body=b'{"user_id": "a7738465-684b-4164-bf12-020abf8f3e49", "restaurant_id": "40406ed3-cf99-47c1-a9e9-144541e0a3ff", "dishes": ["9a5529a8-f22f-4bf0-b87e-899e46ca266d"]}' 
 </msg>
<msg time="2026-02-20T23:17:43.587572" level="INFO">POST Response : url=http://localhost:5000/api/v1/orders 
 status=201, reason=CREATED 
 headers={'Server': 'Werkzeug/3.1.6 Python/3.12.3', 'Date': 'Fri, 20 Feb 2026 17:47:43 GMT', 'Content-Type': 'application/json', 'Content-Length': '253', 'Connection': 'close'} 
 body={
  "dishes": [
    "9a5529a8-f22f-4bf0-b87e-899e46ca266d"
  ],
  "order_id": "17a7e764-39cf-45b3-8372-1e8fbcf73249",
  "restaurant_id": "40406ed3-cf99-47c1-a9e9-144541e0a3ff",
  "status": "placed",
  "user_id": "a7738465-684b-4164-bf12-020abf8f3e49"
}
 
 </msg>
<msg time="2026-02-20T23:17:43.587572" level="INFO">${response} = &lt;Response [201]&gt;</msg>
<var>${response}</var>
<arg>${SESSION_ALIAS}</arg>
<arg>/api/v1/orders</arg>
<arg>json=${payload}</arg>
<arg>expected_status=any</arg>
<doc>Sends a POST request on a previously created HTTP Session.</doc>
<status status="PASS" start="2026-02-20T23:17:41.551885" elapsed="2.035687"/>
</kw>
<return>
<value>${response}</value>
<status status="PASS" start="2026-02-20T23:17:43.587572" elapsed="0.000000"/>
</return>
<msg time="2026-02-20T23:17:43.588575" level="INFO">${order} = &lt;Response [201]&gt;</msg>
<var>${order}</var>
<arg>${SUITE_USER_ID}</arg>
<arg>${SUITE_REST_ID}</arg>
<arg>${dishes}</arg>
<status status="PASS" start="2026-02-20T23:17:41.551885" elapsed="2.036690"/>
</kw>
<kw name="Extract Field From Response" owner="common_keywords">
<kw name="Get Response Body" owner="common_keywords">
<kw name="Evaluate" owner="BuiltIn">
<msg time="2026-02-20T23:17:43.599575" level="INFO">${body} = {'dishes': ['9a5529a8-f22f-4bf0-b87e-899e46ca266d'], 'order_id': '17a7e764-39cf-45b3-8372-1e8fbcf73249', 'restaurant_id': '40406ed3-cf99-47c1-a9e9-144541e0a3ff', 'status': 'placed', 'user_id': 'a77384...</msg>
<var>${body}</var>
<arg>$response.json()</arg>
<doc>Evaluates the given expression in Python and returns the result.</doc>
<status status="PASS" start="2026-02-20T23:17:43.598571" elapsed="0.001004"/>
</kw>
<return>
<value>${body}</value>
<status status="PASS" start="2026-02-20T23:17:43.599575" elapsed="0.000000"/>
</return>
<msg time="2026-02-20T23:17:43.599575" level="INFO">${body} = {'dishes': ['9a5529a8-f22f-4bf0-b87e-899e46ca266d'], 'order_id': '17a7e764-39cf-45b3-8372-1e8fbcf73249', 'restaurant_id': '40406ed3-cf99-47c1-a9e9-144541e0a3ff', 'status': 'placed', 'user_id': 'a77384...</msg>
<var>${body}</var>
<arg>${response}</arg>
<status status="PASS" start="2026-02-20T23:17:43.598571" elapsed="0.001004"/>
</kw>
<kw name="Dictionary Should Contain Key" owner="Collections">
<msg time="2026-02-20T23:17:43.600604" level="INFO">False</msg>
<arg>${body}</arg>
<arg>${field}</arg>
<doc>Fails if ``key`` is not found from ``dictionary``.</doc>
<status status="PASS" start="2026-02-20T23:17:43.599575" elapsed="0.001029"/>
</kw>
<kw name="Get From Dictionary" owner="Collections">
<msg time="2026-02-20T23:17:43.600604" level="INFO">${value} = 17a7e764-39cf-45b3-8372-1e8fbcf73249</msg>
<var>${value}</var>
<arg>${body}</arg>
<arg>${field}</arg>
<doc>Returns a value from the given ``dictionary`` based on the given ``key``.</doc>
<status status="PASS" start="2026-02-20T23:17:43.600604" elapsed="0.000000"/>
</kw>
<return>
<value>${value}</value>
<status status="PASS" start="2026-02-20T23:17:43.600604" elapsed="0.000000"/>
</return>
<msg time="2026-02-20T23:17:43.601597" level="INFO">${oid} = 17a7e764-39cf-45b3-8372-1e8fbcf73249</msg>
<var>${oid}</var>
<arg>${order}</arg>
<arg>order_id</arg>
<status status="PASS" start="2026-02-20T23:17:43.597574" elapsed="0.004023"/>
</kw>
<kw name="Give Rating" owner="common_keywords">
<kw name="Create Dictionary" owner="BuiltIn">
<msg time="2026-02-20T23:17:43.604574" level="INFO">&amp;{payload} = { order_id=17a7e764-39cf-45b3-8372-1e8fbcf73249 | rating=5 | comment=Excellent food and fast delivery! }</msg>
<var>&amp;{payload}</var>
<arg>order_id=${order_id}</arg>
<arg>rating=${rating}</arg>
<arg>comment=${comment}</arg>
<doc>Creates and returns a dictionary based on the given ``items``.</doc>
<status status="PASS" start="2026-02-20T23:17:43.603573" elapsed="0.001001"/>
</kw>
<kw name="POST On Session" owner="RequestsLibrary">
<msg time="2026-02-20T23:17:45.661570" level="INFO">POST Request : url=http://localhost:5000/api/v1/ratings 
 path_url=/api/v1/ratings 
 headers={'User-Agent': 'python-requests/2.31.0', 'Accept-Encoding': 'gzip, deflate', 'Accept': '*/*', 'Connection': 'keep-alive', 'Content-Type': 'application/json', 'Content-Length': '113'} 
 body=b'{"order_id": "17a7e764-39cf-45b3-8372-1e8fbcf73249", "rating": 5, "comment": "Excellent food and fast delivery!"}' 
 </msg>
<msg time="2026-02-20T23:17:45.661570" level="INFO">POST Response : url=http://localhost:5000/api/v1/ratings 
 status=201, reason=CREATED 
 headers={'Server': 'Werkzeug/3.1.6 Python/3.12.3', 'Date': 'Fri, 20 Feb 2026 17:47:45 GMT', 'Content-Type': 'application/json', 'Content-Length': '177', 'Connection': 'close'} 
 body={
  "comment": "Excellent food and fast delivery!",
  "order_id": "17a7e764-39cf-45b3-8372-1e8fbcf73249",
  "rating": 5,
  "rating_id": "92206d9b-ff94-4cda-86d0-b1696a37cfdf"
}
 
 </msg>
<msg time="2026-02-20T23:17:45.661570" level="INFO">${response} = &lt;Response [201]&gt;</msg>
<var>${response}</var>
<arg>${SESSION_ALIAS}</arg>
<arg>/api/v1/ratings</arg>
<arg>json=${payload}</arg>
<arg>expected_status=any</arg>
<doc>Sends a POST request on a previously created HTTP Session.</doc>
<status status="PASS" start="2026-02-20T23:17:43.604574" elapsed="2.056996"/>
</kw>
<return>
<value>${response}</value>
<status status="PASS" start="2026-02-20T23:17:45.661570" elapsed="0.000975"/>
</return>
<msg time="2026-02-20T23:17:45.662545" level="INFO">${response} = &lt;Response [201]&gt;</msg>
<var>${response}</var>
<arg>${oid}</arg>
<arg>${5}</arg>
<arg>Excellent food and fast delivery!</arg>
<status status="PASS" start="2026-02-20T23:17:43.602577" elapsed="2.059968"/>
</kw>
<kw name="Response Status Should Be" owner="common_keywords">
<kw name="Should Be Equal As Integers" owner="BuiltIn">
<msg time="2026-02-20T23:17:45.666548" level="INFO">Argument types are:
&lt;class 'int'&gt;
&lt;class 'str'&gt;</msg>
<arg>${response.status_code}</arg>
<arg>${expected_status}</arg>
<doc>Fails if objects are unequal after converting them to integers.</doc>
<status status="PASS" start="2026-02-20T23:17:45.664542" elapsed="0.002006"/>
</kw>
<arg>${response}</arg>
<arg>201</arg>
<status status="PASS" start="2026-02-20T23:17:45.663542" elapsed="0.003006"/>
</kw>
<kw name="Response Should Contain Key" owner="common_keywords">
<kw name="Get Response Body" owner="common_keywords">
<kw name="Evaluate" owner="BuiltIn">
<msg time="2026-02-20T23:17:45.668569" level="INFO">${body} = {'comment': 'Excellent food and fast delivery!', 'order_id': '17a7e764-39cf-45b3-8372-1e8fbcf73249', 'rating': 5, 'rating_id': '92206d9b-ff94-4cda-86d0-b1696a37cfdf'}</msg>
<var>${body}</var>
<arg>$response.json()</arg>
<doc>Evaluates the given expression in Python and returns the result.</doc>
<status status="PASS" start="2026-02-20T23:17:45.668569" elapsed="0.001000"/>
</kw>
<return>
<value>${body}</value>
<status status="PASS" start="2026-02-20T23:17:45.669569" elapsed="0.000000"/>
</return>
<msg time="2026-02-20T23:17:45.670547" level="INFO">${body} = {'comment': 'Excellent food and fast delivery!', 'order_id': '17a7e764-39cf-45b3-8372-1e8fbcf73249', 'rating': 5, 'rating_id': '92206d9b-ff94-4cda-86d0-b1696a37cfdf'}</msg>
<var>${body}</var>
<arg>${response}</arg>
<status status="PASS" start="2026-02-20T23:17:45.667546" elapsed="0.003001"/>
</kw>
<kw name="Dictionary Should Contain Key" owner="Collections">
<msg time="2026-02-20T23:17:45.671563" level="INFO">False</msg>
<arg>${body}</arg>
<arg>${key}</arg>
<doc>Fails if ``key`` is not found from ``dictionary``.</doc>
<status status="PASS" start="2026-02-20T23:17:45.671563" elapsed="0.000000"/>
</kw>
<arg>${response}</arg>
<arg>rating_id</arg>
<status status="PASS" start="2026-02-20T23:17:45.667546" elapsed="0.004017"/>
</kw>
<kw name="Extract Field From Response" owner="common_keywords">
<kw name="Get Response Body" owner="common_keywords">
<kw name="Evaluate" owner="BuiltIn">
<msg time="2026-02-20T23:17:45.674570" level="INFO">${body} = {'comment': 'Excellent food and fast delivery!', 'order_id': '17a7e764-39cf-45b3-8372-1e8fbcf73249', 'rating': 5, 'rating_id': '92206d9b-ff94-4cda-86d0-b1696a37cfdf'}</msg>
<var>${body}</var>
<arg>$response.json()</arg>
<doc>Evaluates the given expression in Python and returns the result.</doc>
<status status="PASS" start="2026-02-20T23:17:45.674570" elapsed="0.000000"/>
</kw>
<return>
<value>${body}</value>
<status status="PASS" start="2026-02-20T23:17:45.674570" elapsed="0.000000"/>
</return>
<msg time="2026-02-20T23:17:45.675608" level="INFO">${body} = {'comment': 'Excellent food and fast delivery!', 'order_id': '17a7e764-39cf-45b3-8372-1e8fbcf73249', 'rating': 5, 'rating_id': '92206d9b-ff94-4cda-86d0-b1696a37cfdf'}</msg>
<var>${body}</var>
<arg>${response}</arg>
<status status="PASS" start="2026-02-20T23:17:45.673571" elapsed="0.002037"/>
</kw>
<kw name="Dictionary Should Contain Key" owner="Collections">
<msg time="2026-02-20T23:17:45.675608" level="INFO">False</msg>
<arg>${body}</arg>
<arg>${field}</arg>
<doc>Fails if ``key`` is not found from ``dictionary``.</doc>
<status status="PASS" start="2026-02-20T23:17:45.675608" elapsed="0.000000"/>
</kw>
<kw name="Get From Dictionary" owner="Collections">
<msg time="2026-02-20T23:17:45.676586" level="INFO">${value} = 5</msg>
<var>${value}</var>
<arg>${body}</arg>
<arg>${field}</arg>
<doc>Returns a value from the given ``dictionary`` based on the given ``key``.</doc>
<status status="PASS" start="2026-02-20T23:17:45.675608" elapsed="0.000978"/>
</kw>
<return>
<value>${value}</value>
<status status="PASS" start="2026-02-20T23:17:45.676586" elapsed="0.000000"/>
</return>
<msg time="2026-02-20T23:17:45.676586" level="INFO">${rating} = 5</msg>
<var>${rating}</var>
<arg>${response}</arg>
<arg>rating</arg>
<status status="PASS" start="2026-02-20T23:17:45.672577" elapsed="0.004009"/>
</kw>
<kw name="Should Be Equal As Integers" owner="BuiltIn">
<msg time="2026-02-20T23:17:45.678585" level="INFO">Argument types are:
&lt;class 'int'&gt;
&lt;class 'str'&gt;</msg>
<arg>${rating}</arg>
<arg>5</arg>
<doc>Fails if objects are unequal after converting them to integers.</doc>
<status status="PASS" start="2026-02-20T23:17:45.677583" elapsed="0.001002"/>
</kw>
<doc>POST /api/v1/ratings — Give a rating for a placed order.</doc>
<tag>POST</tag>
<tag>user</tag>
<status status="PASS" start="2026-02-20T23:17:41.548623" elapsed="4.130964"/>
</test>
<kw name="Run Keywords" owner="BuiltIn" type="TEARDOWN">
<kw name="Delete Foodie Session" owner="common_keywords">
<kw name="Delete All Sessions" owner="RequestsLibrary">
<msg time="2026-02-20T23:17:45.683585" level="INFO">Deleting All Sessions</msg>
<doc>Removes all the session objects</doc>
<status status="PASS" start="2026-02-20T23:17:45.682587" elapsed="0.000998"/>
</kw>
<status status="PASS" start="2026-02-20T23:17:45.682587" elapsed="0.000998"/>
</kw>
<kw name="Restore Original Data" owner="common_keywords">
<kw name="Get Data Dir" owner="common_keywords">
<kw name="Normalize Path" owner="OperatingSystem">
<msg time="2026-02-20T23:17:45.685582" level="INFO">${root} = C:\Users\91934\PycharmProjects\foodie_app</msg>
<var>${root}</var>
<arg>C:\\Users\\91934\\PycharmProjects\\foodie_app\\tests\\robot\\resources${/}..${/}..${/}..</arg>
<doc>Normalizes the given path.</doc>
<status status="PASS" start="2026-02-20T23:17:45.685582" elapsed="0.000000"/>
</kw>
<return>
<value>${root}${/}data</value>
<status status="PASS" start="2026-02-20T23:17:45.685582" elapsed="0.001006"/>
</return>
<msg time="2026-02-20T23:17:45.686588" level="INFO">${data_dir} = C:\Users\91934\PycharmProjects\foodie_app\data</msg>
<var>${data_dir}</var>
<status status="PASS" start="2026-02-20T23:17:45.684585" elapsed="0.002003"/>
</kw>
<kw name="Create File" owner="OperatingSystem">
<msg time="2026-02-20T23:17:45.688581" level="INFO" html="true">Created file '&lt;a href="file://C:\Users\91934\PycharmProjects\foodie_app\data\restaurants.json"&gt;C:\Users\91934\PycharmProjects\foodie_app\data\restaurants.json&lt;/a&gt;'.</msg>
<arg>${data_dir}${/}restaurants.json</arg>
<arg>${BACKUP_RESTAURANTS}</arg>
<doc>Creates a file with the given content and encoding.</doc>
<status status="PASS" start="2026-02-20T23:17:45.686588" elapsed="0.001993"/>
</kw>
<kw name="Create File" owner="OperatingSystem">
<msg time="2026-02-20T23:17:45.692117" level="INFO" html="true">Created file '&lt;a href="file://C:\Users\91934\PycharmProjects\foodie_app\data\dishes.json"&gt;C:\Users\91934\PycharmProjects\foodie_app\data\dishes.json&lt;/a&gt;'.</msg>
<arg>${data_dir}${/}dishes.json</arg>
<arg>${BACKUP_DISHES}</arg>
<doc>Creates a file with the given content and encoding.</doc>
<status status="PASS" start="2026-02-20T23:17:45.690099" elapsed="0.002018"/>
</kw>
<kw name="Create File" owner="OperatingSystem">
<msg time="2026-02-20T23:17:45.694641" level="INFO" html="true">Created file '&lt;a href="file://C:\Users\91934\PycharmProjects\foodie_app\data\users.json"&gt;C:\Users\91934\PycharmProjects\foodie_app\data\users.json&lt;/a&gt;'.</msg>
<arg>${data_dir}${/}users.json</arg>
<arg>${BACKUP_USERS}</arg>
<doc>Creates a file with the given content and encoding.</doc>
<status status="PASS" start="2026-02-20T23:17:45.693122" elapsed="0.002538"/>
</kw>
<kw name="Create File" owner="OperatingSystem">
<msg time="2026-02-20T23:17:45.698678" level="INFO" html="true">Created file '&lt;a href="file://C:\Users\91934\PycharmProjects\foodie_app\data\orders.json"&gt;C:\Users\91934\PycharmProjects\foodie_app\data\orders.json&lt;/a&gt;'.</msg>
<arg>${data_dir}${/}orders.json</arg>
<arg>${BACKUP_ORDERS}</arg>
<doc>Creates a file with the given content and encoding.</doc>
<status status="PASS" start="2026-02-20T23:17:45.695660" elapsed="0.004003"/>
</kw>
<kw name="Create File" owner="OperatingSystem">
<msg time="2026-02-20T23:17:45.703659" level="INFO" html="true">Created file '&lt;a href="file://C:\Users\91934\PycharmProjects\foodie_app\data\ratings.json"&gt;C:\Users\91934\PycharmProjects\foodie_app\data\ratings.json&lt;/a&gt;'.</msg>
<arg>${data_dir}${/}ratings.json</arg>
<arg>${BACKUP_RATINGS}</arg>
<doc>Creates a file with the given content and encoding.</doc>
<status status="PASS" start="2026-02-20T23:17:45.699663" elapsed="0.003996"/>
</kw>
<doc>Restore original JSON files after saving test data.</doc>
<status status="PASS" start="2026-02-20T23:17:45.683585" elapsed="0.021075"/>
</kw>
<arg>Delete Foodie Session</arg>
<arg>AND</arg>
<arg>Restore Original Data</arg>
<doc>Executes all the given keywords in a sequence.</doc>
<status status="PASS" start="2026-02-20T23:17:45.682587" elapsed="0.022073"/>
</kw>
<status status="PASS" start="2026-02-20T23:17:26.954500" elapsed="18.750160"/>
</suite>
<status status="PASS" start="2026-02-20T23:17:26.951489" elapsed="18.756169"/>
</suite>
<suite id="s1-s2" name="Dish" source="C:\Users\91934\PycharmProjects\foodie_app\tests\robot\dish">
<suite id="s1-s2-s1" name="Test Dish" source="C:\Users\91934\PycharmProjects\foodie_app\tests\robot\dish\test_dish.robot">
<kw name="Run Keywords" owner="BuiltIn" type="SETUP">
<kw name="Backup Original Data" owner="common_keywords">
<kw name="Get Data Dir" owner="common_keywords">
<kw name="Normalize Path" owner="OperatingSystem">
<msg time="2026-02-20T23:17:45.728654" level="INFO">${root} = C:\Users\91934\PycharmProjects\foodie_app</msg>
<var>${root}</var>
<arg>C:\\Users\\91934\\PycharmProjects\\foodie_app\\tests\\robot\\resources${/}..${/}..${/}..</arg>
<doc>Normalizes the given path.</doc>
<status status="PASS" start="2026-02-20T23:17:45.728654" elapsed="0.000000"/>
</kw>
<return>
<value>${root}${/}data</value>
<status status="PASS" start="2026-02-20T23:17:45.729659" elapsed="0.000000"/>
</return>
<msg time="2026-02-20T23:17:45.729659" level="INFO">${data_dir} = C:\Users\91934\PycharmProjects\foodie_app\data</msg>
<var>${data_dir}</var>
<status status="PASS" start="2026-02-20T23:17:45.728654" elapsed="0.001005"/>
</kw>
<kw name="Get File" owner="OperatingSystem">
<msg time="2026-02-20T23:17:45.729659" level="INFO" html="true">Getting file '&lt;a href="file://C:\Users\91934\PycharmProjects\foodie_app\data\restaurants.json"&gt;C:\Users\91934\PycharmProjects\foodie_app\data\restaurants.json&lt;/a&gt;'.</msg>
<msg time="2026-02-20T23:17:45.731659" level="INFO">${r} = {
  "restaurants": [
    {
      "restaurant_id": "e8e8c701-e550-4c76-ba50-8d73bf226f1b",
      "name": "Admin Approve Test",
      "category": "FastFood",
      "location": "ApproveCity",
      "imag...</msg>
<var>${r}</var>
<arg>${data_dir}${/}restaurants.json</arg>
<doc>Returns the contents of a specified file.</doc>
<status status="PASS" start="2026-02-20T23:17:45.729659" elapsed="0.002000"/>
</kw>
<kw name="Get File" owner="OperatingSystem">
<msg time="2026-02-20T23:17:45.732661" level="INFO" html="true">Getting file '&lt;a href="file://C:\Users\91934\PycharmProjects\foodie_app\data\dishes.json"&gt;C:\Users\91934\PycharmProjects\foodie_app\data\dishes.json&lt;/a&gt;'.</msg>
<msg time="2026-02-20T23:17:45.733654" level="INFO">${d} = {
  "dishes": [
    {
      "dish_id": "6124cc96-a283-4ab7-8bb5-c52cfab13d1b",
      "restaurant_id": "0a8114ed-37fb-4857-b094-dfc820ce121b",
      "name": "Robot Burger",
      "type": "Non-Veg",
   ...</msg>
<var>${d}</var>
<arg>${data_dir}${/}dishes.json</arg>
<doc>Returns the contents of a specified file.</doc>
<status status="PASS" start="2026-02-20T23:17:45.732661" elapsed="0.000993"/>
</kw>
<kw name="Get File" owner="OperatingSystem">
<msg time="2026-02-20T23:17:45.733654" level="INFO" html="true">Getting file '&lt;a href="file://C:\Users\91934\PycharmProjects\foodie_app\data\users.json"&gt;C:\Users\91934\PycharmProjects\foodie_app\data\users.json&lt;/a&gt;'.</msg>
<msg time="2026-02-20T23:17:45.734660" level="INFO">${u} = {
  "users": [
    {
      "user_id": "82c75ab6-b4a7-4c99-9f81-bfc7868e8c8e",
      "name": "RF Suite User",
      "email": "rfsuite@example.com",
      "password": "Suite@RF123"
    },
    {
      "u...</msg>
<var>${u}</var>
<arg>${data_dir}${/}users.json</arg>
<doc>Returns the contents of a specified file.</doc>
<status status="PASS" start="2026-02-20T23:17:45.733654" elapsed="0.001006"/>
</kw>
<kw name="Get File" owner="OperatingSystem">
<msg time="2026-02-20T23:17:45.734660" level="INFO" html="true">Getting file '&lt;a href="file://C:\Users\91934\PycharmProjects\foodie_app\data\orders.json"&gt;C:\Users\91934\PycharmProjects\foodie_app\data\orders.json&lt;/a&gt;'.</msg>
<msg time="2026-02-20T23:17:45.734660" level="INFO">${o} = {
  "orders": [
    {
      "order_id": "1a2913a8-a598-4ed1-b70d-d775ca834576",
      "user_id": "82c75ab6-b4a7-4c99-9f81-bfc7868e8c8e",
      "restaurant_id": "2af06e6c-a4ef-40ed-a0a0-c04bbe7a9fee",
...</msg>
<var>${o}</var>
<arg>${data_dir}${/}orders.json</arg>
<doc>Returns the contents of a specified file.</doc>
<status status="PASS" start="2026-02-20T23:17:45.734660" elapsed="0.000000"/>
</kw>
<kw name="Get File" owner="OperatingSystem">
<msg time="2026-02-20T23:17:45.735656" level="INFO" html="true">Getting file '&lt;a href="file://C:\Users\91934\PycharmProjects\foodie_app\data\ratings.json"&gt;C:\Users\91934\PycharmProjects\foodie_app\data\ratings.json&lt;/a&gt;'.</msg>
<msg time="2026-02-20T23:17:45.735656" level="INFO">${rt} = {
  "ratings": [
    {
      "rating_id": "594d1c2c-e6c6-4310-a60a-73e95b740428",
      "order_id": "cc60ce63-1ade-4a90-8e8c-541d1d20c013",
      "rating": 5,
      "comment": "Excellent food and fast...</msg>
<var>${rt}</var>
<arg>${data_dir}${/}ratings.json</arg>
<doc>Returns the contents of a specified file.</doc>
<status status="PASS" start="2026-02-20T23:17:45.734660" elapsed="0.000996"/>
</kw>
<kw name="Set Suite Variable" owner="BuiltIn">
<msg time="2026-02-20T23:17:45.736674" level="INFO">${BACKUP_RESTAURANTS} = {
  "restaurants": [
    {
      "restaurant_id": "e8e8c701-e550-4c76-ba50-8d73bf226f1b",
      "name": "Admin Approve Test",
      "category": "FastFood",
      "location": "ApproveCity",
      "imag...</msg>
<arg>${BACKUP_RESTAURANTS}</arg>
<arg>${r}</arg>
<doc>Makes a variable available everywhere within the scope of the current suite.</doc>
<status status="PASS" start="2026-02-20T23:17:45.736674" elapsed="0.000000"/>
</kw>
<kw name="Set Suite Variable" owner="BuiltIn">
<msg time="2026-02-20T23:17:45.737669" level="INFO">${BACKUP_DISHES} = {
  "dishes": [
    {
      "dish_id": "6124cc96-a283-4ab7-8bb5-c52cfab13d1b",
      "restaurant_id": "0a8114ed-37fb-4857-b094-dfc820ce121b",
      "name": "Robot Burger",
      "type": "Non-Veg",
   ...</msg>
<arg>${BACKUP_DISHES}</arg>
<arg>${d}</arg>
<doc>Makes a variable available everywhere within the scope of the current suite.</doc>
<status status="PASS" start="2026-02-20T23:17:45.737669" elapsed="0.000000"/>
</kw>
<kw name="Set Suite Variable" owner="BuiltIn">
<msg time="2026-02-20T23:17:45.738681" level="INFO">${BACKUP_USERS} = {
  "users": [
    {
      "user_id": "82c75ab6-b4a7-4c99-9f81-bfc7868e8c8e",
      "name": "RF Suite User",
      "email": "rfsuite@example.com",
      "password": "Suite@RF123"
    },
    {
      "u...</msg>
<arg>${BACKUP_USERS}</arg>
<arg>${u}</arg>
<doc>Makes a variable available everywhere within the scope of the current suite.</doc>
<status status="PASS" start="2026-02-20T23:17:45.737669" elapsed="0.001012"/>
</kw>
<kw name="Set Suite Variable" owner="BuiltIn">
<msg time="2026-02-20T23:17:45.739681" level="INFO">${BACKUP_ORDERS} = {
  "orders": [
    {
      "order_id": "1a2913a8-a598-4ed1-b70d-d775ca834576",
      "user_id": "82c75ab6-b4a7-4c99-9f81-bfc7868e8c8e",
      "restaurant_id": "2af06e6c-a4ef-40ed-a0a0-c04bbe7a9fee",
...</msg>
<arg>${BACKUP_ORDERS}</arg>
<arg>${o}</arg>
<doc>Makes a variable available everywhere within the scope of the current suite.</doc>
<status status="PASS" start="2026-02-20T23:17:45.738681" elapsed="0.001000"/>
</kw>
<kw name="Set Suite Variable" owner="BuiltIn">
<msg time="2026-02-20T23:17:45.740681" level="INFO">${BACKUP_RATINGS} = {
  "ratings": [
    {
      "rating_id": "594d1c2c-e6c6-4310-a60a-73e95b740428",
      "order_id": "cc60ce63-1ade-4a90-8e8c-541d1d20c013",
      "rating": 5,
      "comment": "Excellent food and fast...</msg>
<arg>${BACKUP_RATINGS}</arg>
<arg>${rt}</arg>
<doc>Makes a variable available everywhere within the scope of the current suite.</doc>
<status status="PASS" start="2026-02-20T23:17:45.739681" elapsed="0.001000"/>
</kw>
<doc>Save original JSON file contents before tests run.</doc>
<status status="PASS" start="2026-02-20T23:17:45.728654" elapsed="0.012027"/>
</kw>
<kw name="Clear Data For Tests" owner="common_keywords">
<kw name="Get Data Dir" owner="common_keywords">
<kw name="Normalize Path" owner="OperatingSystem">
<msg time="2026-02-20T23:17:45.741681" level="INFO">${root} = C:\Users\91934\PycharmProjects\foodie_app</msg>
<var>${root}</var>
<arg>C:\\Users\\91934\\PycharmProjects\\foodie_app\\tests\\robot\\resources${/}..${/}..${/}..</arg>
<doc>Normalizes the given path.</doc>
<status status="PASS" start="2026-02-20T23:17:45.741681" elapsed="0.000000"/>
</kw>
<return>
<value>${root}${/}data</value>
<status status="PASS" start="2026-02-20T23:17:45.741681" elapsed="0.000000"/>
</return>
<msg time="2026-02-20T23:17:45.742681" level="INFO">${data_dir} = C:\Users\91934\PycharmProjects\foodie_app\data</msg>
<var>${data_dir}</var>
<status status="PASS" start="2026-02-20T23:17:45.741681" elapsed="0.001000"/>
</kw>
<kw name="Create File" owner="OperatingSystem">
<msg time="2026-02-20T23:17:45.743662" level="INFO" html="true">Created file '&lt;a href="file://C:\Users\91934\PycharmProjects\foodie_app\data\restaurants.json"&gt;C:\Users\91934\PycharmProjects\foodie_app\data\restaurants.json&lt;/a&gt;'.</msg>
<arg>${data_dir}${/}restaurants.json</arg>
<arg>{"restaurants": []}</arg>
<doc>Creates a file with the given content and encoding.</doc>
<status status="PASS" start="2026-02-20T23:17:45.742681" elapsed="0.000981"/>
</kw>
<kw name="Create File" owner="OperatingSystem">
<msg time="2026-02-20T23:17:45.745681" level="INFO" html="true">Created file '&lt;a href="file://C:\Users\91934\PycharmProjects\foodie_app\data\dishes.json"&gt;C:\Users\91934\PycharmProjects\foodie_app\data\dishes.json&lt;/a&gt;'.</msg>
<arg>${data_dir}${/}dishes.json</arg>
<arg>{"dishes": []}</arg>
<doc>Creates a file with the given content and encoding.</doc>
<status status="PASS" start="2026-02-20T23:17:45.744683" elapsed="0.000998"/>
</kw>
<kw name="Create File" owner="OperatingSystem">
<msg time="2026-02-20T23:17:45.748661" level="INFO" html="true">Created file '&lt;a href="file://C:\Users\91934\PycharmProjects\foodie_app\data\users.json"&gt;C:\Users\91934\PycharmProjects\foodie_app\data\users.json&lt;/a&gt;'.</msg>
<arg>${data_dir}${/}users.json</arg>
<arg>{"users": []}</arg>
<doc>Creates a file with the given content and encoding.</doc>
<status status="PASS" start="2026-02-20T23:17:45.746682" elapsed="0.001979"/>
</kw>
<kw name="Create File" owner="OperatingSystem">
<msg time="2026-02-20T23:17:45.750657" level="INFO" html="true">Created file '&lt;a href="file://C:\Users\91934\PycharmProjects\foodie_app\data\orders.json"&gt;C:\Users\91934\PycharmProjects\foodie_app\data\orders.json&lt;/a&gt;'.</msg>
<arg>${data_dir}${/}orders.json</arg>
<arg>{"orders": []}</arg>
<doc>Creates a file with the given content and encoding.</doc>
<status status="PASS" start="2026-02-20T23:17:45.749659" elapsed="0.000998"/>
</kw>
<kw name="Create File" owner="OperatingSystem">
<msg time="2026-02-20T23:17:45.751656" level="INFO" html="true">Created file '&lt;a href="file://C:\Users\91934\PycharmProjects\foodie_app\data\ratings.json"&gt;C:\Users\91934\PycharmProjects\foodie_app\data\ratings.json&lt;/a&gt;'.</msg>
<arg>${data_dir}${/}ratings.json</arg>
<arg>{"ratings": []}</arg>
<doc>Creates a file with the given content and encoding.</doc>
<status status="PASS" start="2026-02-20T23:17:45.750657" elapsed="0.000999"/>
</kw>
<doc>Temporarily clear JSON files so tests run on clean data.</doc>
<status status="PASS" start="2026-02-20T23:17:45.741681" elapsed="0.009975"/>
</kw>
<kw name="Create Foodie Session" owner="common_keywords">
<kw name="Create Session" owner="RequestsLibrary">
<msg time="2026-02-20T23:17:45.752655" level="INFO">Creating Session using : alias=foodie, url=http://localhost:5000, headers={'Content-Type': 'application/json'},                     cookies={}, auth=None, timeout=None, proxies=None, verify=False,                     debug=0 </msg>
<arg>${SESSION_ALIAS}</arg>
<arg>${BASE_URL}</arg>
<arg>headers=&amp;{COMMON_HEADERS}</arg>
<doc>Create Session: create a HTTP session to a server</doc>
<status status="PASS" start="2026-02-20T23:17:45.752655" elapsed="0.000000"/>
</kw>
<status status="PASS" start="2026-02-20T23:17:45.751656" elapsed="0.000999"/>
</kw>
<kw name="Setup Dish Suite">
<kw name="Unique Name" owner="common_keywords">
<kw name="Get Current Date" owner="DateTime">
<msg time="2026-02-20T23:17:45.753654" level="INFO">${ts} = 231745753654</msg>
<var>${ts}</var>
<arg>result_format=%H%M%S%f</arg>
<doc>Returns current local or UTC time with an optional increment.</doc>
<status status="PASS" start="2026-02-20T23:17:45.753654" elapsed="0.000000"/>
</kw>
<return>
<value>${prefix}_${ts}</value>
<status status="PASS" start="2026-02-20T23:17:45.753654" elapsed="0.000000"/>
</return>
<msg time="2026-02-20T23:17:45.753654" level="INFO">${name} = RF_DishSuite_231745753654</msg>
<var>${name}</var>
<arg>RF_DishSuite</arg>
<status status="PASS" start="2026-02-20T23:17:45.753654" elapsed="0.000000"/>
</kw>
<kw name="Register Restaurant" owner="common_keywords">
<kw name="Create Dictionary" owner="BuiltIn">
<msg time="2026-02-20T23:17:45.754653" level="INFO">&amp;{payload} = { name=RF_DishSuite_231745753654 | category=Indian | location=Chennai | contact=8000000001 }</msg>
<var>&amp;{payload}</var>
<arg>name=${name}</arg>
<arg>category=${category}</arg>
<arg>location=${location}</arg>
<arg>contact=${contact}</arg>
<doc>Creates and returns a dictionary based on the given ``items``.</doc>
<status status="PASS" start="2026-02-20T23:17:45.754653" elapsed="0.000000"/>
</kw>
<kw name="POST On Session" owner="RequestsLibrary">
<msg time="2026-02-20T23:17:47.783342" level="INFO">POST Request : url=http://localhost:5000/api/v1/restaurants 
 path_url=/api/v1/restaurants 
 headers={'User-Agent': 'python-requests/2.31.0', 'Accept-Encoding': 'gzip, deflate', 'Accept': '*/*', 'Connection': 'keep-alive', 'Content-Type': 'application/json', 'Content-Length': '107'} 
 body=b'{"name": "RF_DishSuite_231745753654", "category": "Indian", "location": "Chennai", "contact": "8000000001"}' 
 </msg>
<msg time="2026-02-20T23:17:47.783342" level="INFO">POST Response : url=http://localhost:5000/api/v1/restaurants 
 status=201, reason=CREATED 
 headers={'Server': 'Werkzeug/3.1.6 Python/3.12.3', 'Date': 'Fri, 20 Feb 2026 17:47:47 GMT', 'Content-Type': 'application/json', 'Content-Length': '235', 'Connection': 'close'} 
 body={
  "category": "Indian",
  "contact": "8000000001",
  "enabled": true,
  "images": [],
  "location": "Chennai",
  "name": "RF_DishSuite_231745753654",
  "restaurant_id": "6ea039e6-2db4-4f2f-863e-6c23d84f303c",
  "status": "pending"
}
 
 </msg>
<msg time="2026-02-20T23:17:47.784364" level="INFO">${response} = &lt;Response [201]&gt;</msg>
<var>${response}</var>
<arg>${SESSION_ALIAS}</arg>
<arg>/api/v1/restaurants</arg>
<arg>json=${payload}</arg>
[...]
</return>
<msg time="2026-02-20T23:18:47.636600" level="INFO">${body} = {'dishes': ['3d197d48-1339-4097-a1f2-756d7de33b7f'], 'order_id': 'b4162bdf-75b3-479d-9fb8-0ba1b972b4cf', 'restaurant_id': 'c00e2a6a-f1b2-41c8-bb3d-c1c7c06dff26', 'status': 'placed', 'user_id': '1aa133...</msg>
<var>${body}</var>
<arg>${response}</arg>
<status status="PASS" start="2026-02-20T23:18:47.635603" elapsed="0.000997"/>
</kw>
<kw name="Dictionary Should Contain Key" owner="Collections">
<msg time="2026-02-20T23:18:47.637600" level="INFO">False</msg>
<arg>${body}</arg>
<arg>${field}</arg>
<doc>Fails if ``key`` is not found from ``dictionary``.</doc>
<status status="PASS" start="2026-02-20T23:18:47.636600" elapsed="0.001000"/>
</kw>
<kw name="Get From Dictionary" owner="Collections">
<msg time="2026-02-20T23:18:47.637600" level="INFO">${value} = placed</msg>
<var>${value}</var>
<arg>${body}</arg>
<arg>${field}</arg>
<doc>Returns a value from the given ``dictionary`` based on the given ``key``.</doc>
<status status="PASS" start="2026-02-20T23:18:47.637600" elapsed="0.000000"/>
</kw>
<return>
<value>${value}</value>
<status status="PASS" start="2026-02-20T23:18:47.637600" elapsed="0.000000"/>
</return>
<msg time="2026-02-20T23:18:47.638600" level="INFO">${status} = placed</msg>
<var>${status}</var>
<arg>${response}</arg>
<arg>status</arg>
<status status="PASS" start="2026-02-20T23:18:47.634580" elapsed="0.004020"/>
</kw>
<kw name="Should Be Equal" owner="BuiltIn">
<arg>${status}</arg>
<arg>placed</arg>
<doc>Fails if the given objects are unequal.</doc>
<status status="PASS" start="2026-02-20T23:18:47.640582" elapsed="0.000000"/>
</kw>
<doc>POST /api/v1/orders — Place an order.</doc>
<tag>POST</tag>
<tag>user</tag>
<status status="PASS" start="2026-02-20T23:18:45.558658" elapsed="2.082948"/>
</test>
<test id="s1-s5-s1-t4" name="REQ-16 Give Rating" line="41">
<kw name="Create List" owner="BuiltIn">
<msg time="2026-02-20T23:18:47.645619" level="INFO">@{dishes} = [ 3d197d48-1339-4097-a1f2-756d7de33b7f ]</msg>
<var>@{dishes}</var>
<arg>${SUITE_DISH_ID}</arg>
<doc>Returns a list containing given items.</doc>
<status status="PASS" start="2026-02-20T23:18:47.644622" elapsed="0.000997"/>
</kw>
<kw name="Place Order" owner="common_keywords">
<kw name="Create Dictionary" owner="BuiltIn">
<msg time="2026-02-20T23:18:47.648618" level="INFO">&amp;{payload} = { user_id=1aa13399-7cb4-4455-a823-41b469b20551 | restaurant_id=c00e2a6a-f1b2-41c8-bb3d-c1c7c06dff26 | dishes=['3d197d48-1339-4097-a1f2-756d7de33b7f'] }</msg>
<var>&amp;{payload}</var>
<arg>user_id=${user_id}</arg>
<arg>restaurant_id=${restaurant_id}</arg>
<arg>dishes=${dishes}</arg>
<doc>Creates and returns a dictionary based on the given ``items``.</doc>
<status status="PASS" start="2026-02-20T23:18:47.647618" elapsed="0.001000"/>
</kw>
<kw name="POST On Session" owner="RequestsLibrary">
<msg time="2026-02-20T23:18:49.677329" level="INFO">POST Request : url=http://localhost:5000/api/v1/orders 
 path_url=/api/v1/orders 
 headers={'User-Agent': 'python-requests/2.31.0', 'Accept-Encoding': 'gzip, deflate', 'Accept': '*/*', 'Connection': 'keep-alive', 'Content-Type': 'application/json', 'Content-Length': '160'} 
 body=b'{"user_id": "1aa13399-7cb4-4455-a823-41b469b20551", "restaurant_id": "c00e2a6a-f1b2-41c8-bb3d-c1c7c06dff26", "dishes": ["3d197d48-1339-4097-a1f2-756d7de33b7f"]}' 
 </msg>
<msg time="2026-02-20T23:18:49.677329" level="INFO">POST Response : url=http://localhost:5000/api/v1/orders 
 status=201, reason=CREATED 
 headers={'Server': 'Werkzeug/3.1.6 Python/3.12.3', 'Date': 'Fri, 20 Feb 2026 17:48:49 GMT', 'Content-Type': 'application/json', 'Content-Length': '253', 'Connection': 'close'} 
 body={
  "dishes": [
    "3d197d48-1339-4097-a1f2-756d7de33b7f"
  ],
  "order_id": "1e600532-3490-4cb8-abdb-5000542baae5",
  "restaurant_id": "c00e2a6a-f1b2-41c8-bb3d-c1c7c06dff26",
  "status": "placed",
  "user_id": "1aa13399-7cb4-4455-a823-41b469b20551"
}
 
 </msg>
<msg time="2026-02-20T23:18:49.677329" level="INFO">${response} = &lt;Response [201]&gt;</msg>
<var>${response}</var>
<arg>${SESSION_ALIAS}</arg>
<arg>/api/v1/orders</arg>
<arg>json=${payload}</arg>
<arg>expected_status=any</arg>
<doc>Sends a POST request on a previously created HTTP Session.</doc>
<status status="PASS" start="2026-02-20T23:18:47.648618" elapsed="2.028711"/>
</kw>
<return>
<value>${response}</value>
<status status="PASS" start="2026-02-20T23:18:49.677329" elapsed="0.000000"/>
</return>
<msg time="2026-02-20T23:18:49.678329" level="INFO">${order} = &lt;Response [201]&gt;</msg>
<var>${order}</var>
<arg>${SUITE_USER_ID}</arg>
<arg>${SUITE_REST_ID}</arg>
<arg>${dishes}</arg>
<status status="PASS" start="2026-02-20T23:18:47.646621" elapsed="2.031708"/>
</kw>
<kw name="Extract Field From Response" owner="common_keywords">
<kw name="Get Response Body" owner="common_keywords">
<kw name="Evaluate" owner="BuiltIn">
<msg time="2026-02-20T23:18:49.681329" level="INFO">${body} = {'dishes': ['3d197d48-1339-4097-a1f2-756d7de33b7f'], 'order_id': '1e600532-3490-4cb8-abdb-5000542baae5', 'restaurant_id': 'c00e2a6a-f1b2-41c8-bb3d-c1c7c06dff26', 'status': 'placed', 'user_id': '1aa133...</msg>
<var>${body}</var>
<arg>$response.json()</arg>
<doc>Evaluates the given expression in Python and returns the result.</doc>
<status status="PASS" start="2026-02-20T23:18:49.680328" elapsed="0.001001"/>
</kw>
<return>
<value>${body}</value>
<status status="PASS" start="2026-02-20T23:18:49.681329" elapsed="0.000000"/>
</return>
<msg time="2026-02-20T23:18:49.681329" level="INFO">${body} = {'dishes': ['3d197d48-1339-4097-a1f2-756d7de33b7f'], 'order_id': '1e600532-3490-4cb8-abdb-5000542baae5', 'restaurant_id': 'c00e2a6a-f1b2-41c8-bb3d-c1c7c06dff26', 'status': 'placed', 'user_id': '1aa133...</msg>
<var>${body}</var>
<arg>${response}</arg>
<status status="PASS" start="2026-02-20T23:18:49.680328" elapsed="0.001001"/>
</kw>
<kw name="Dictionary Should Contain Key" owner="Collections">
<msg time="2026-02-20T23:18:49.682331" level="INFO">False</msg>
<arg>${body}</arg>
<arg>${field}</arg>
<doc>Fails if ``key`` is not found from ``dictionary``.</doc>
<status status="PASS" start="2026-02-20T23:18:49.682331" elapsed="0.000000"/>
</kw>
<kw name="Get From Dictionary" owner="Collections">
<msg time="2026-02-20T23:18:49.683357" level="INFO">${value} = 1e600532-3490-4cb8-abdb-5000542baae5</msg>
<var>${value}</var>
<arg>${body}</arg>
<arg>${field}</arg>
<doc>Returns a value from the given ``dictionary`` based on the given ``key``.</doc>
<status status="PASS" start="2026-02-20T23:18:49.683357" elapsed="0.000000"/>
</kw>
<return>
<value>${value}</value>
<status status="PASS" start="2026-02-20T23:18:49.683357" elapsed="0.000000"/>
</return>
<msg time="2026-02-20T23:18:49.684352" level="INFO">${oid} = 1e600532-3490-4cb8-abdb-5000542baae5</msg>
<var>${oid}</var>
<arg>${order}</arg>
<arg>order_id</arg>
<status status="PASS" start="2026-02-20T23:18:49.679328" elapsed="0.005024"/>
</kw>
<kw name="Give Rating" owner="common_keywords">
<kw name="Create Dictionary" owner="BuiltIn">
<msg time="2026-02-20T23:18:49.688329" level="INFO">&amp;{payload} = { order_id=1e600532-3490-4cb8-abdb-5000542baae5 | rating=5 | comment=Excellent food and fast delivery! }</msg>
<var>&amp;{payload}</var>
<arg>order_id=${order_id}</arg>
<arg>rating=${rating}</arg>
<arg>comment=${comment}</arg>
<doc>Creates and returns a dictionary based on the given ``items``.</doc>
<status status="PASS" start="2026-02-20T23:18:49.687331" elapsed="0.000998"/>
</kw>
<kw name="POST On Session" owner="RequestsLibrary">
<msg time="2026-02-20T23:18:51.715663" level="INFO">POST Request : url=http://localhost:5000/api/v1/ratings 
 path_url=/api/v1/ratings 
 headers={'User-Agent': 'python-requests/2.31.0', 'Accept-Encoding': 'gzip, deflate', 'Accept': '*/*', 'Connection': 'keep-alive', 'Content-Type': 'application/json', 'Content-Length': '113'} 
 body=b'{"order_id": "1e600532-3490-4cb8-abdb-5000542baae5", "rating": 5, "comment": "Excellent food and fast delivery!"}' 
 </msg>
<msg time="2026-02-20T23:18:51.716652" level="INFO">POST Response : url=http://localhost:5000/api/v1/ratings 
 status=201, reason=CREATED 
 headers={'Server': 'Werkzeug/3.1.6 Python/3.12.3', 'Date': 'Fri, 20 Feb 2026 17:48:51 GMT', 'Content-Type': 'application/json', 'Content-Length': '177', 'Connection': 'close'} 
 body={
  "comment": "Excellent food and fast delivery!",
  "order_id": "1e600532-3490-4cb8-abdb-5000542baae5",
  "rating": 5,
  "rating_id": "aba69544-4742-492c-bde8-8fcf494ff545"
}
 
 </msg>
<msg time="2026-02-20T23:18:51.716652" level="INFO">${response} = &lt;Response [201]&gt;</msg>
<var>${response}</var>
<arg>${SESSION_ALIAS}</arg>
<arg>/api/v1/ratings</arg>
<arg>json=${payload}</arg>
<arg>expected_status=any</arg>
<doc>Sends a POST request on a previously created HTTP Session.</doc>
<status status="PASS" start="2026-02-20T23:18:49.688329" elapsed="2.028323"/>
</kw>
<return>
<value>${response}</value>
<status status="PASS" start="2026-02-20T23:18:51.716652" elapsed="0.000000"/>
</return>
<msg time="2026-02-20T23:18:51.716652" level="INFO">${response} = &lt;Response [201]&gt;</msg>
<var>${response}</var>
<arg>${oid}</arg>
<arg>${5}</arg>
<arg>Excellent food and fast delivery!</arg>
<status status="PASS" start="2026-02-20T23:18:49.685352" elapsed="2.031300"/>
</kw>
<kw name="Response Status Should Be" owner="common_keywords">
<kw name="Should Be Equal As Integers" owner="BuiltIn">
<msg time="2026-02-20T23:18:51.719663" level="INFO">Argument types are:
&lt;class 'int'&gt;
&lt;class 'str'&gt;</msg>
<arg>${response.status_code}</arg>
<arg>${expected_status}</arg>
<doc>Fails if objects are unequal after converting them to integers.</doc>
<status status="PASS" start="2026-02-20T23:18:51.718647" elapsed="0.001016"/>
</kw>
<arg>${response}</arg>
<arg>201</arg>
<status status="PASS" start="2026-02-20T23:18:51.717649" elapsed="0.002014"/>
</kw>
<kw name="Response Should Contain Key" owner="common_keywords">
<kw name="Get Response Body" owner="common_keywords">
<kw name="Evaluate" owner="BuiltIn">
<msg time="2026-02-20T23:18:51.721663" level="INFO">${body} = {'comment': 'Excellent food and fast delivery!', 'order_id': '1e600532-3490-4cb8-abdb-5000542baae5', 'rating': 5, 'rating_id': 'aba69544-4742-492c-bde8-8fcf494ff545'}</msg>
<var>${body}</var>
<arg>$response.json()</arg>
<doc>Evaluates the given expression in Python and returns the result.</doc>
<status status="PASS" start="2026-02-20T23:18:51.721663" elapsed="0.000000"/>
</kw>
<return>
<value>${body}</value>
<status status="PASS" start="2026-02-20T23:18:51.722649" elapsed="0.000000"/>
</return>
<msg time="2026-02-20T23:18:51.722649" level="INFO">${body} = {'comment': 'Excellent food and fast delivery!', 'order_id': '1e600532-3490-4cb8-abdb-5000542baae5', 'rating': 5, 'rating_id': 'aba69544-4742-492c-bde8-8fcf494ff545'}</msg>
<var>${body}</var>
<arg>${response}</arg>
<status status="PASS" start="2026-02-20T23:18:51.720647" elapsed="0.002002"/>
</kw>
<kw name="Dictionary Should Contain Key" owner="Collections">
<msg time="2026-02-20T23:18:51.722649" level="INFO">False</msg>
<arg>${body}</arg>
<arg>${key}</arg>
<doc>Fails if ``key`` is not found from ``dictionary``.</doc>
<status status="PASS" start="2026-02-20T23:18:51.722649" elapsed="0.000000"/>
</kw>
<arg>${response}</arg>
<arg>rating_id</arg>
<status status="PASS" start="2026-02-20T23:18:51.720647" elapsed="0.002002"/>
</kw>
<kw name="Extract Field From Response" owner="common_keywords">
<kw name="Get Response Body" owner="common_keywords">
<kw name="Evaluate" owner="BuiltIn">
<msg time="2026-02-20T23:18:51.724650" level="INFO">${body} = {'comment': 'Excellent food and fast delivery!', 'order_id': '1e600532-3490-4cb8-abdb-5000542baae5', 'rating': 5, 'rating_id': 'aba69544-4742-492c-bde8-8fcf494ff545'}</msg>
<var>${body}</var>
<arg>$response.json()</arg>
<doc>Evaluates the given expression in Python and returns the result.</doc>
<status status="PASS" start="2026-02-20T23:18:51.724650" elapsed="0.000000"/>
</kw>
<return>
<value>${body}</value>
<status status="PASS" start="2026-02-20T23:18:51.726654" elapsed="0.000000"/>
</return>
<msg time="2026-02-20T23:18:51.726654" level="INFO">${body} = {'comment': 'Excellent food and fast delivery!', 'order_id': '1e600532-3490-4cb8-abdb-5000542baae5', 'rating': 5, 'rating_id': 'aba69544-4742-492c-bde8-8fcf494ff545'}</msg>
<var>${body}</var>
<arg>${response}</arg>
<status status="PASS" start="2026-02-20T23:18:51.724650" elapsed="0.002004"/>
</kw>
<kw name="Dictionary Should Contain Key" owner="Collections">
<msg time="2026-02-20T23:18:51.727651" level="INFO">False</msg>
<arg>${body}</arg>
<arg>${field}</arg>
<doc>Fails if ``key`` is not found from ``dictionary``.</doc>
<status status="PASS" start="2026-02-20T23:18:51.727651" elapsed="0.000000"/>
</kw>
<kw name="Get From Dictionary" owner="Collections">
<msg time="2026-02-20T23:18:51.727651" level="INFO">${value} = 5</msg>
<var>${value}</var>
<arg>${body}</arg>
<arg>${field}</arg>
<doc>Returns a value from the given ``dictionary`` based on the given ``key``.</doc>
<status status="PASS" start="2026-02-20T23:18:51.727651" elapsed="0.000000"/>
</kw>
<return>
<value>${value}</value>
<status status="PASS" start="2026-02-20T23:18:51.727651" elapsed="0.001002"/>
</return>
<msg time="2026-02-20T23:18:51.728653" level="INFO">${rating} = 5</msg>
<var>${rating}</var>
<arg>${response}</arg>
<arg>rating</arg>
<status status="PASS" start="2026-02-20T23:18:51.723656" elapsed="0.004997"/>
</kw>
<kw name="Should Be Equal As Integers" owner="BuiltIn">
<msg time="2026-02-20T23:18:51.729660" level="INFO">Argument types are:
&lt;class 'int'&gt;
&lt;class 'str'&gt;</msg>
<arg>${rating}</arg>
<arg>5</arg>
<doc>Fails if objects are unequal after converting them to integers.</doc>
<status status="PASS" start="2026-02-20T23:18:51.729660" elapsed="0.000000"/>
</kw>
<doc>POST /api/v1/ratings — Give a rating for a placed order.</doc>
<tag>POST</tag>
<tag>user</tag>
<status status="PASS" start="2026-02-20T23:18:47.643581" elapsed="4.087075"/>
</test>
<kw name="Run Keywords" owner="BuiltIn" type="TEARDOWN">
<kw name="Delete Foodie Session" owner="common_keywords">
<kw name="Delete All Sessions" owner="RequestsLibrary">
<msg time="2026-02-20T23:18:51.734664" level="INFO">Deleting All Sessions</msg>
<doc>Removes all the session objects</doc>
<status status="PASS" start="2026-02-20T23:18:51.734664" elapsed="0.000000"/>
</kw>
<status status="PASS" start="2026-02-20T23:18:51.734664" elapsed="0.000000"/>
</kw>
<kw name="Restore Original Data" owner="common_keywords">
<kw name="Get Data Dir" owner="common_keywords">
<kw name="Normalize Path" owner="OperatingSystem">
<msg time="2026-02-20T23:18:51.735648" level="INFO">${root} = C:\Users\91934\PycharmProjects\foodie_app</msg>
<var>${root}</var>
<arg>C:\\Users\\91934\\PycharmProjects\\foodie_app\\tests\\robot\\resources${/}..${/}..${/}..</arg>
<doc>Normalizes the given path.</doc>
<status status="PASS" start="2026-02-20T23:18:51.735648" elapsed="0.000000"/>
</kw>
<return>
<value>${root}${/}data</value>
<status status="PASS" start="2026-02-20T23:18:51.735648" elapsed="0.000000"/>
</return>
<msg time="2026-02-20T23:18:51.735648" level="INFO">${data_dir} = C:\Users\91934\PycharmProjects\foodie_app\data</msg>
<var>${data_dir}</var>
<status status="PASS" start="2026-02-20T23:18:51.734664" elapsed="0.000984"/>
</kw>
<kw name="Create File" owner="OperatingSystem">
<msg time="2026-02-20T23:18:51.737663" level="INFO" html="true">Created file '&lt;a href="file://C:\Users\91934\PycharmProjects\foodie_app\data\restaurants.json"&gt;C:\Users\91934\PycharmProjects\foodie_app\data\restaurants.json&lt;/a&gt;'.</msg>
<arg>${data_dir}${/}restaurants.json</arg>
<arg>${BACKUP_RESTAURANTS}</arg>
<doc>Creates a file with the given content and encoding.</doc>
<status status="PASS" start="2026-02-20T23:18:51.735648" elapsed="0.002015"/>
</kw>
<kw name="Create File" owner="OperatingSystem">
<msg time="2026-02-20T23:18:51.738664" level="INFO" html="true">Created file '&lt;a href="file://C:\Users\91934\PycharmProjects\foodie_app\data\dishes.json"&gt;C:\Users\91934\PycharmProjects\foodie_app\data\dishes.json&lt;/a&gt;'.</msg>
<arg>${data_dir}${/}dishes.json</arg>
<arg>${BACKUP_DISHES}</arg>
<doc>Creates a file with the given content and encoding.</doc>
<status status="PASS" start="2026-02-20T23:18:51.737663" elapsed="0.001001"/>
</kw>
<kw name="Create File" owner="OperatingSystem">
<msg time="2026-02-20T23:18:51.739648" level="INFO" html="true">Created file '&lt;a href="file://C:\Users\91934\PycharmProjects\foodie_app\data\users.json"&gt;C:\Users\91934\PycharmProjects\foodie_app\data\users.json&lt;/a&gt;'.</msg>
<arg>${data_dir}${/}users.json</arg>
<arg>${BACKUP_USERS}</arg>
<doc>Creates a file with the given content and encoding.</doc>
<status status="PASS" start="2026-02-20T23:18:51.738664" elapsed="0.001992"/>
</kw>
<kw name="Create File" owner="OperatingSystem">
<msg time="2026-02-20T23:18:51.743662" level="INFO" html="true">Created file '&lt;a href="file://C:\Users\91934\PycharmProjects\foodie_app\data\orders.json"&gt;C:\Users\91934\PycharmProjects\foodie_app\data\orders.json&lt;/a&gt;'.</msg>
<arg>${data_dir}${/}orders.json</arg>
<arg>${BACKUP_ORDERS}</arg>
<doc>Creates a file with the given content and encoding.</doc>
<status status="PASS" start="2026-02-20T23:18:51.740656" elapsed="0.003006"/>
</kw>
<kw name="Create File" owner="OperatingSystem">
<msg time="2026-02-20T23:18:51.745659" level="INFO" html="true">Created file '&lt;a href="file://C:\Users\91934\PycharmProjects\foodie_app\data\ratings.json"&gt;C:\Users\91934\PycharmProjects\foodie_app\data\ratings.json&lt;/a&gt;'.</msg>
<arg>${data_dir}${/}ratings.json</arg>
<arg>${BACKUP_RATINGS}</arg>
<doc>Creates a file with the given content and encoding.</doc>
<status status="PASS" start="2026-02-20T23:18:51.743662" elapsed="0.001997"/>
</kw>
<doc>Restore original JSON files after saving test data.</doc>
<status status="PASS" start="2026-02-20T23:18:51.734664" elapsed="0.010995"/>
</kw>
<arg>Delete Foodie Session</arg>
<arg>AND</arg>
<arg>Restore Original Data</arg>
<doc>Executes all the given keywords in a sequence.</doc>
<status status="PASS" start="2026-02-20T23:18:51.732650" elapsed="0.013009"/>
</kw>
<status status="PASS" start="2026-02-20T23:18:33.198770" elapsed="18.546889"/>
</suite>
<status status="PASS" start="2026-02-20T23:18:33.192775" elapsed="18.554874"/>
</suite>
<status status="PASS" start="2026-02-20T23:17:26.897491" elapsed="84.853160"/>
</suite>
<statistics>
<total>
<stat pass="18" fail="0" skip="0">All Tests</stat>
</total>
<tag>
<stat pass="1" fail="0" skip="0">DELETE</stat>
<stat pass="4" fail="0" skip="0">dish</stat>
<stat pass="5" fail="0" skip="0">GET</stat>
<stat pass="2" fail="0" skip="0">order</stat>
<stat pass="8" fail="0" skip="0">POST</stat>
<stat pass="4" fail="0" skip="0">PUT</stat>
<stat pass="4" fail="0" skip="0">restaurant</stat>
<stat pass="8" fail="0" skip="0">user</stat>
</tag>
<suite>
<stat pass="18" fail="0" skip="0" id="s1" name="Robot">Robot</stat>
<stat pass="4" fail="0" skip="0" id="s1-s1" name="Admin">Robot.Admin</stat>
<stat pass="4" fail="0" skip="0" id="s1-s1-s1" name="Test Admin">Robot.Admin.Test Admin</stat>
<stat pass="4" fail="0" skip="0" id="s1-s2" name="Dish">Robot.Dish</stat>
<stat pass="4" fail="0" skip="0" id="s1-s2-s1" name="Test Dish">Robot.Dish.Test Dish</stat>
<stat pass="2" fail="0" skip="0" id="s1-s3" name="Order">Robot.Order</stat>
<stat pass="2" fail="0" skip="0" id="s1-s3-s1" name="Test Order">Robot.Order.Test Order</stat>
<stat pass="4" fail="0" skip="0" id="s1-s4" name="Restaurant">Robot.Restaurant</stat>
<stat pass="4" fail="0" skip="0" id="s1-s4-s1" name="Test Restaurant">Robot.Restaurant.Test Restaurant</stat>
<stat pass="4" fail="0" skip="0" id="s1-s5" name="User">Robot.User</stat>
<stat pass="4" fail="0" skip="0" id="s1-s5-s1" name="Test User">Robot.User.Test User</stat>
</suite>
</statistics>
<errors>
</errors>
</robot>
