<?xml version="1.0" encoding="UTF-8"?>
<robot generator="Robot 7.0 (Python 3.12.3 on win32)" generated="2026-02-20T13:24:02.621989" rpa="false" schemaversion="5">
<suite id="s1" name="Robot" source="C:\Users\91934\PycharmProjects\foodie_app\tests\robot">
<suite id="s1-s1" name="Admin" source="C:\Users\91934\PycharmProjects\foodie_app\tests\robot\admin">
<suite id="s1-s1-s1" name="Test Admin" source="C:\Users\91934\PycharmProjects\foodie_app\tests\robot\admin\test_admin.robot">
<kw name="Create Foodie Session" owner="common_keywords" type="SETUP">
<kw name="Create Session" owner="RequestsLibrary">
<msg time="2026-02-20T13:24:03.131358" level="INFO">Creating Session using : alias=foodie, url=http://localhost:5000, headers={'Content-Type': 'application/json'},                     cookies={}, auth=None, timeout=None, proxies=None, verify=False,                     debug=0 </msg>
<arg>${SESSION_ALIAS}</arg>
<arg>${BASE_URL}</arg>
<arg>headers={"Content-Type": "application/json"}</arg>
<doc>Create Session: create a HTTP session to a server</doc>
<status status="PASS" start="2026-02-20T13:24:03.129845" elapsed="0.001513"/>
</kw>
<doc>Create a reusable HTTP session for all tests.</doc>
<status status="PASS" start="2026-02-20T13:24:03.129845" elapsed="0.001513"/>
</kw>
<test id="s1-s1-s1-t1" name="RF-ADMIN-01 Approve Existing Restaurant Returns 200" line="20">
<kw name="Register And Get Restaurant ID">
<kw name="Register Restaurant" owner="common_keywords">
<kw name="Create Dictionary" owner="BuiltIn">
<msg time="2026-02-20T13:24:03.133876" level="INFO">&amp;{payload} = { name=Admin Approve Test | category=FastFood | location=ApproveCity | contact=1010101010 }</msg>
<var>&amp;{payload}</var>
<arg>name=${name}</arg>
<arg>category=${category}</arg>
<arg>location=${location}</arg>
<arg>contact=${contact}</arg>
<doc>Creates and returns a dictionary based on the given ``items``.</doc>
<status status="PASS" start="2026-02-20T13:24:03.133876" elapsed="0.000000"/>
</kw>
<kw name="POST On Session" owner="RequestsLibrary">
<msg time="2026-02-20T13:24:05.252174" level="INFO">POST Request : url=http://localhost:5000/api/v1/restaurants 
 path_url=/api/v1/restaurants 
 headers={'User-Agent': 'python-requests/2.31.0', 'Accept-Encoding': 'gzip, deflate', 'Accept': '*/*', 'Connection': 'keep-alive', 'Content-Type': 'application/json', 'Content-Length': '106'} 
 body=b'{"name": "Admin Approve Test", "category": "FastFood", "location": "ApproveCity", "contact": "1010101010"}' 
 </msg>
<msg time="2026-02-20T13:24:05.252174" level="INFO">POST Response : url=http://localhost:5000/api/v1/restaurants 
 status=409, reason=CONFLICT 
 headers={'Server': 'Werkzeug/3.1.6 Python/3.12.3', 'Date': 'Fri, 20 Feb 2026 07:54:05 GMT', 'Content-Type': 'application/json', 'Content-Length': '60', 'Connection': 'close'} 
 body={
  "error": "Restaurant already exists at this location"
}
 
 </msg>
<msg time="2026-02-20T13:24:05.252174" level="INFO">${response} = &lt;Response [409]&gt;</msg>
<var>${response}</var>
<arg>${SESSION_ALIAS}</arg>
<arg>/api/v1/restaurants</arg>
<arg>json=${payload}</arg>
<arg>expected_status=any</arg>
<doc>Sends a POST request on a previously created HTTP Session.</doc>
<status status="PASS" start="2026-02-20T13:24:03.133876" elapsed="2.118298"/>
</kw>
<return>
<value>${response}</value>
<status status="PASS" start="2026-02-20T13:24:05.253183" elapsed="0.000000"/>
</return>
<msg time="2026-02-20T13:24:05.253183" level="INFO">${reg_resp} = &lt;Response [409]&gt;</msg>
<var>${reg_resp}</var>
<arg>name=${name}</arg>
<arg>category=${category}</arg>
<arg>location=${location}</arg>
<arg>contact=${contact}</arg>
<doc>POST /api/v1/restaurants and return response.</doc>
<status status="PASS" start="2026-02-20T13:24:03.132367" elapsed="2.120816"/>
</kw>
<kw name="Extract Field From Response" owner="common_keywords">
<kw name="Set Variable" owner="BuiltIn">
<msg time="2026-02-20T13:24:05.254180" level="INFO">${body} = {'error': 'Restaurant already exists at this location'}</msg>
<var>${body}</var>
<arg>${response.json()}</arg>
<doc>Returns the given values which can then be assigned to a variables.</doc>
<status status="PASS" start="2026-02-20T13:24:05.253183" elapsed="0.000997"/>
</kw>
<kw name="Get From Dictionary" owner="Collections">
<msg time="2026-02-20T13:24:05.255182" level="FAIL">Dictionary does not contain key 'restaurant_id'.</msg>
<var>${value}</var>
<arg>${body}</arg>
<arg>${field}</arg>
<doc>Returns a value from the given ``dictionary`` based on the given ``key``.</doc>
<status status="FAIL" start="2026-02-20T13:24:05.254180" elapsed="0.002509">Dictionary does not contain key 'restaurant_id'.</status>
</kw>
<return>
<value>${value}</value>
<status status="NOT RUN" start="2026-02-20T13:24:05.257696" elapsed="0.000000"/>
</return>
<var>${rid}</var>
<arg>${reg_resp}</arg>
<arg>restaurant_id</arg>
<status status="FAIL" start="2026-02-20T13:24:05.253183" elapsed="0.004513">Dictionary does not contain key 'restaurant_id'.</status>
</kw>
<return>
<value>${rid}</value>
<status status="NOT RUN" start="2026-02-20T13:24:05.257696" elapsed="0.000000"/>
</return>
<var>${rid}</var>
<arg>Admin Approve Test</arg>
<arg>FastFood</arg>
<arg>ApproveCity</arg>
<arg>1010101010</arg>
<status status="FAIL" start="2026-02-20T13:24:03.132367" elapsed="2.125329">Dictionary does not contain key 'restaurant_id'.</status>
</kw>
<kw name="Admin Approve Restaurant" owner="common_keywords">
<var>${response}</var>
<arg>${rid}</arg>
<status status="NOT RUN" start="2026-02-20T13:24:05.258706" elapsed="0.000000"/>
</kw>
<kw name="Response Status Should Be" owner="common_keywords">
<arg>${response}</arg>
<arg>200</arg>
<status status="NOT RUN" start="2026-02-20T13:24:05.259790" elapsed="0.000000"/>
</kw>
<kw name="Response Should Contain Key" owner="common_keywords">
<arg>${response}</arg>
<arg>message</arg>
<status status="NOT RUN" start="2026-02-20T13:24:05.259790" elapsed="0.000000"/>
</kw>
<doc>Positive: Admin approve returns 200 OK.</doc>
<tag>admin</tag>
<tag>approve</tag>
<tag>positive</tag>
<status status="FAIL" start="2026-02-20T13:24:03.131358" elapsed="2.129345">Dictionary does not contain key 'restaurant_id'.</status>
</test>
<test id="s1-s1-s1-t2" name="RF-ADMIN-02 Approve Updates Restaurant Status To Approved" line="28">
<kw name="Register And Get Restaurant ID">
<kw name="Register Restaurant" owner="common_keywords">
<kw name="Create Dictionary" owner="BuiltIn">
<msg time="2026-02-20T13:24:05.264217" level="INFO">&amp;{payload} = { name=Status After Approve | category=Italian | location=StatusCity | contact=1111111112 }</msg>
<var>&amp;{payload}</var>
<arg>name=${name}</arg>
<arg>category=${category}</arg>
<arg>location=${location}</arg>
<arg>contact=${contact}</arg>
<doc>Creates and returns a dictionary based on the given ``items``.</doc>
<status status="PASS" start="2026-02-20T13:24:05.262704" elapsed="0.001513"/>
</kw>
<kw name="POST On Session" owner="RequestsLibrary">
<msg time="2026-02-20T13:24:07.291487" level="INFO">POST Request : url=http://localhost:5000/api/v1/restaurants 
 path_url=/api/v1/restaurants 
 headers={'User-Agent': 'python-requests/2.31.0', 'Accept-Encoding': 'gzip, deflate', 'Accept': '*/*', 'Connection': 'keep-alive', 'Content-Type': 'application/json', 'Content-Length': '106'} 
 body=b'{"name": "Status After Approve", "category": "Italian", "location": "StatusCity", "contact": "1111111112"}' 
 </msg>
<msg time="2026-02-20T13:24:07.292519" level="INFO">POST Response : url=http://localhost:5000/api/v1/restaurants 
 status=409, reason=CONFLICT 
 headers={'Server': 'Werkzeug/3.1.6 Python/3.12.3', 'Date': 'Fri, 20 Feb 2026 07:54:07 GMT', 'Content-Type': 'application/json', 'Content-Length': '60', 'Connection': 'close'} 
 body={
  "error": "Restaurant already exists at this location"
}
 
 </msg>
<msg time="2026-02-20T13:24:07.292519" level="INFO">${response} = &lt;Response [409]&gt;</msg>
<var>${response}</var>
<arg>${SESSION_ALIAS}</arg>
<arg>/api/v1/restaurants</arg>
<arg>json=${payload}</arg>
<arg>expected_status=any</arg>
<doc>Sends a POST request on a previously created HTTP Session.</doc>
<status status="PASS" start="2026-02-20T13:24:05.264217" elapsed="2.028302"/>
</kw>
<return>
<value>${response}</value>
<status status="PASS" start="2026-02-20T13:24:07.292519" elapsed="0.000000"/>
</return>
<msg time="2026-02-20T13:24:07.292519" level="INFO">${reg_resp} = &lt;Response [409]&gt;</msg>
<var>${reg_resp}</var>
<arg>name=${name}</arg>
<arg>category=${category}</arg>
<arg>location=${location}</arg>
<arg>contact=${contact}</arg>
<doc>POST /api/v1/restaurants and return response.</doc>
<status status="PASS" start="2026-02-20T13:24:05.262704" elapsed="2.029815"/>
</kw>
<kw name="Extract Field From Response" owner="common_keywords">
<kw name="Set Variable" owner="BuiltIn">
<msg time="2026-02-20T13:24:07.294046" level="INFO">${body} = {'error': 'Restaurant already exists at this location'}</msg>
<var>${body}</var>
<arg>${response.json()}</arg>
<doc>Returns the given values which can then be assigned to a variables.</doc>
<status status="PASS" start="2026-02-20T13:24:07.294046" elapsed="0.000000"/>
</kw>
<kw name="Get From Dictionary" owner="Collections">
<msg time="2026-02-20T13:24:07.294046" level="FAIL">Dictionary does not contain key 'restaurant_id'.</msg>
<var>${value}</var>
<arg>${body}</arg>
<arg>${field}</arg>
<doc>Returns a value from the given ``dictionary`` based on the given ``key``.</doc>
<status status="FAIL" start="2026-02-20T13:24:07.294046" elapsed="0.001010">Dictionary does not contain key 'restaurant_id'.</status>
</kw>
<return>
<value>${value}</value>
<status status="NOT RUN" start="2026-02-20T13:24:07.295056" elapsed="0.000000"/>
</return>
<var>${rid}</var>
<arg>${reg_resp}</arg>
<arg>restaurant_id</arg>
<status status="FAIL" start="2026-02-20T13:24:07.292519" elapsed="0.002537">Dictionary does not contain key 'restaurant_id'.</status>
</kw>
<return>
<value>${rid}</value>
<status status="NOT RUN" start="2026-02-20T13:24:07.295056" elapsed="0.000000"/>
</return>
<var>${rid}</var>
<arg>Status After Approve</arg>
<arg>Italian</arg>
<arg>StatusCity</arg>
<arg>1111111112</arg>
<status status="FAIL" start="2026-02-20T13:24:05.261703" elapsed="2.033353">Dictionary does not contain key 'restaurant_id'.</status>
</kw>
<kw name="Admin Approve Restaurant" owner="common_keywords">
<arg>${rid}</arg>
<status status="NOT RUN" start="2026-02-20T13:24:07.295056" elapsed="0.000000"/>
</kw>
<kw name="Get Restaurant" owner="common_keywords">
<var>${get_resp}</var>
<arg>${rid}</arg>
<status status="NOT RUN" start="2026-02-20T13:24:07.296059" elapsed="0.000000"/>
</kw>
<kw name="Extract Field From Response" owner="common_keywords">
<var>${status}</var>
<arg>${get_resp}</arg>
<arg>status</arg>
<status status="NOT RUN" start="2026-02-20T13:24:07.296059" elapsed="0.000000"/>
</kw>
<kw name="Should Be Equal" owner="BuiltIn">
<arg>${status}</arg>
<arg>approved</arg>
<doc>Fails if the given objects are unequal.</doc>
<status status="NOT RUN" start="2026-02-20T13:24:07.296059" elapsed="0.000000"/>
</kw>
<doc>Positive: After approve, status field is 'approved'.</doc>
<tag>admin</tag>
<tag>approve</tag>
<tag>positive</tag>
<status status="FAIL" start="2026-02-20T13:24:05.261703" elapsed="2.034356">Dictionary does not contain key 'restaurant_id'.</status>
</test>
<test id="s1-s1-s1-t3" name="RF-ADMIN-03 Approve Non Existent Restaurant Returns 404" line="37">
<kw name="Admin Approve Restaurant" owner="common_keywords">
<kw name="PUT On Session" owner="RequestsLibrary">
<msg time="2026-02-20T13:24:09.351208" level="INFO">PUT Request : url=http://localhost:5000/api/v1/admin/restaurants/nonexistent-admin-robot-id/approve 
 path_url=/api/v1/admin/restaurants/nonexistent-admin-robot-id/approve 
 headers={'User-Agent': 'python-requests/2.31.0', 'Accept-Encoding': 'gzip, deflate', 'Accept': '*/*', 'Connection': 'keep-alive', 'Content-Type': 'application/json', 'Content-Length': '0'} 
 body=None 
 </msg>
<msg time="2026-02-20T13:24:09.351208" level="INFO">PUT Response : url=http://localhost:5000/api/v1/admin/restaurants/nonexistent-admin-robot-id/approve 
 status=404, reason=NOT FOUND 
 headers={'Server': 'Werkzeug/3.1.6 Python/3.12.3', 'Date': 'Fri, 20 Feb 2026 07:54:09 GMT', 'Content-Type': 'application/json', 'Content-Length': '38', 'Connection': 'close'} 
 body={
  "error": "Restaurant not found"
}
 
 </msg>
<msg time="2026-02-20T13:24:09.351208" level="INFO">${response} = &lt;Response [404]&gt;</msg>
<var>${response}</var>
<arg>${SESSION_ALIAS}</arg>
<arg>/api/v1/admin/restaurants/${restaurant_id}/approve</arg>
<arg>expected_status=any</arg>
<doc>Sends a PUT request on a previously created HTTP Session.</doc>
<status status="PASS" start="2026-02-20T13:24:07.298065" elapsed="2.053143"/>
</kw>
<return>
<value>${response}</value>
<status status="PASS" start="2026-02-20T13:24:09.351208" elapsed="0.000000"/>
</return>
<msg time="2026-02-20T13:24:09.351208" level="INFO">${response} = &lt;Response [404]&gt;</msg>
<var>${response}</var>
<arg>${FAKE_ID}</arg>
<status status="PASS" start="2026-02-20T13:24:07.297066" elapsed="2.054142"/>
</kw>
<kw name="Response Status Should Be" owner="common_keywords">
<kw name="Should Be Equal As Integers" owner="BuiltIn">
<msg time="2026-02-20T13:24:09.353747" level="INFO">Argument types are:
&lt;class 'int'&gt;
&lt;class 'str'&gt;</msg>
<arg>${response.status_code}</arg>
<arg>${expected_status}</arg>
<doc>Fails if objects are unequal after converting them to integers.</doc>
<status status="PASS" start="2026-02-20T13:24:09.353747" elapsed="0.000000"/>
</kw>
<arg>${response}</arg>
<arg>404</arg>
<status status="PASS" start="2026-02-20T13:24:09.352732" elapsed="0.001015"/>
</kw>
<doc>Negative: Admin approve invalid ID returns 404.</doc>
<tag>admin</tag>
<tag>approve</tag>
<tag>negative</tag>
<status status="PASS" start="2026-02-20T13:24:07.297066" elapsed="2.057691"/>
</test>
<test id="s1-s1-s1-t4" name="RF-ADMIN-04 Approve Multiple Restaurants" line="43">
<kw name="Register And Get Restaurant ID">
<kw name="Register Restaurant" owner="common_keywords">
<kw name="Create Dictionary" owner="BuiltIn">
<msg time="2026-02-20T13:24:09.358764" level="INFO">&amp;{payload} = { name=Multi Approve One | category=Cafe | location=CityA | contact=2020202020 }</msg>
<var>&amp;{payload}</var>
<arg>name=${name}</arg>
<arg>category=${category}</arg>
<arg>location=${location}</arg>
<arg>contact=${contact}</arg>
<doc>Creates and returns a dictionary based on the given ``items``.</doc>
<status status="PASS" start="2026-02-20T13:24:09.357757" elapsed="0.001007"/>
</kw>
<kw name="POST On Session" owner="RequestsLibrary">
<msg time="2026-02-20T13:24:11.393230" level="INFO">POST Request : url=http://localhost:5000/api/v1/restaurants 
 path_url=/api/v1/restaurants 
 headers={'User-Agent': 'python-requests/2.31.0', 'Accept-Encoding': 'gzip, deflate', 'Accept': '*/*', 'Connection': 'keep-alive', 'Content-Type': 'application/json', 'Content-Length': '95'} 
 body=b'{"name": "Multi Approve One", "category": "Cafe", "location": "CityA", "contact": "2020202020"}' 
 </msg>
<msg time="2026-02-20T13:24:11.393230" level="INFO">POST Response : url=http://localhost:5000/api/v1/restaurants 
 status=409, reason=CONFLICT 
 headers={'Server': 'Werkzeug/3.1.6 Python/3.12.3', 'Date': 'Fri, 20 Feb 2026 07:54:11 GMT', 'Content-Type': 'application/json', 'Content-Length': '60', 'Connection': 'close'} 
 body={
  "error": "Restaurant already exists at this location"
}
 
 </msg>
<msg time="2026-02-20T13:24:11.393230" level="INFO">${response} = &lt;Response [409]&gt;</msg>
<var>${response}</var>
<arg>${SESSION_ALIAS}</arg>
<arg>/api/v1/restaurants</arg>
<arg>json=${payload}</arg>
<arg>expected_status=any</arg>
<doc>Sends a POST request on a previously created HTTP Session.</doc>
<status status="PASS" start="2026-02-20T13:24:09.359781" elapsed="2.033449"/>
</kw>
<return>
<value>${response}</value>
<status status="PASS" start="2026-02-20T13:24:11.393230" elapsed="0.000000"/>
</return>
<msg time="2026-02-20T13:24:11.393230" level="INFO">${reg_resp} = &lt;Response [409]&gt;</msg>
<var>${reg_resp}</var>
<arg>name=${name}</arg>
<arg>category=${category}</arg>
<arg>location=${location}</arg>
<arg>contact=${contact}</arg>
<doc>POST /api/v1/restaurants and return response.</doc>
<status status="PASS" start="2026-02-20T13:24:09.356761" elapsed="2.037458"/>
</kw>
<kw name="Extract Field From Response" owner="common_keywords">
<kw name="Set Variable" owner="BuiltIn">
<msg time="2026-02-20T13:24:11.396223" level="INFO">${body} = {'error': 'Restaurant already exists at this location'}</msg>
<var>${body}</var>
<arg>${response.json()}</arg>
<doc>Returns the given values which can then be assigned to a variables.</doc>
<status status="PASS" start="2026-02-20T13:24:11.395218" elapsed="0.001005"/>
</kw>
<kw name="Get From Dictionary" owner="Collections">
<msg time="2026-02-20T13:24:11.396223" level="FAIL">Dictionary does not contain key 'restaurant_id'.</msg>
<var>${value}</var>
<arg>${body}</arg>
<arg>${field}</arg>
<doc>Returns a value from the given ``dictionary`` based on the given ``key``.</doc>
<status status="FAIL" start="2026-02-20T13:24:11.396223" elapsed="0.001012">Dictionary does not contain key 'restaurant_id'.</status>
</kw>
<return>
<value>${value}</value>
<status status="NOT RUN" start="2026-02-20T13:24:11.397235" elapsed="0.000000"/>
</return>
<var>${rid}</var>
<arg>${reg_resp}</arg>
<arg>restaurant_id</arg>
<status status="FAIL" start="2026-02-20T13:24:11.394219" elapsed="0.003016">Dictionary does not contain key 'restaurant_id'.</status>
</kw>
<return>
<value>${rid}</value>
<status status="NOT RUN" start="2026-02-20T13:24:11.397235" elapsed="0.000000"/>
</return>
<var>${rid1}</var>
<arg>Multi Approve One</arg>
<arg>Cafe</arg>
<arg>CityA</arg>
<arg>2020202020</arg>
<status status="FAIL" start="2026-02-20T13:24:09.356761" elapsed="2.040474">Dictionary does not contain key 'restaurant_id'.</status>
</kw>
<kw name="Register And Get Restaurant ID">
<var>${rid2}</var>
<arg>Multi Approve Two</arg>
<arg>Bakery</arg>
<arg>CityB</arg>
<arg>3030303030</arg>
<status status="NOT RUN" start="2026-02-20T13:24:11.398232" elapsed="0.000000"/>
</kw>
<kw name="Admin Approve Restaurant" owner="common_keywords">
<var>${resp1}</var>
<arg>${rid1}</arg>
<status status="NOT RUN" start="2026-02-20T13:24:11.398232" elapsed="0.000000"/>
</kw>
<kw name="Admin Approve Restaurant" owner="common_keywords">
<var>${resp2}</var>
<arg>${rid2}</arg>
<status status="NOT RUN" start="2026-02-20T13:24:11.399234" elapsed="0.000000"/>
</kw>
<kw name="Response Status Should Be" owner="common_keywords">
<arg>${resp1}</arg>
<arg>200</arg>
<status status="NOT RUN" start="2026-02-20T13:24:11.399234" elapsed="0.000000"/>
</kw>
<kw name="Response Status Should Be" owner="common_keywords">
<arg>${resp2}</arg>
<arg>200</arg>
<status status="NOT RUN" start="2026-02-20T13:24:11.399234" elapsed="0.000000"/>
</kw>
<doc>Positive: Multiple restaurants can be approved.</doc>
<tag>admin</tag>
<tag>approve</tag>
<tag>positive</tag>
<status status="FAIL" start="2026-02-20T13:24:09.354757" elapsed="2.044477">Dictionary does not contain key 'restaurant_id'.</status>
</test>
<test id="s1-s1-s1-t5" name="RF-ADMIN-05 Admin Disable Restaurant Returns 200" line="58">
<kw name="Register And Get Restaurant ID">
<kw name="Register Restaurant" owner="common_keywords">
<kw name="Create Dictionary" owner="BuiltIn">
<msg time="2026-02-20T13:24:11.403765" level="INFO">&amp;{payload} = { name=Admin Disable Test | category=Chinese | location=DisableCity | contact=4040404040 }</msg>
<var>&amp;{payload}</var>
<arg>name=${name}</arg>
<arg>category=${category}</arg>
<arg>location=${location}</arg>
<arg>contact=${contact}</arg>
<doc>Creates and returns a dictionary based on the given ``items``.</doc>
<status status="PASS" start="2026-02-20T13:24:11.403765" elapsed="0.000000"/>
</kw>
<kw name="POST On Session" owner="RequestsLibrary">
<msg time="2026-02-20T13:24:13.444251" level="INFO">POST Request : url=http://localhost:5000/api/v1/restaurants 
 path_url=/api/v1/restaurants 
 headers={'User-Agent': 'python-requests/2.31.0', 'Accept-Encoding': 'gzip, deflate', 'Accept': '*/*', 'Connection': 'keep-alive', 'Content-Type': 'application/json', 'Content-Length': '105'} 
 body=b'{"name": "Admin Disable Test", "category": "Chinese", "location": "DisableCity", "contact": "4040404040"}' 
 </msg>
<msg time="2026-02-20T13:24:13.444251" level="INFO">POST Response : url=http://localhost:5000/api/v1/restaurants 
 status=409, reason=CONFLICT 
 headers={'Server': 'Werkzeug/3.1.6 Python/3.12.3', 'Date': 'Fri, 20 Feb 2026 07:54:13 GMT', 'Content-Type': 'application/json', 'Content-Length': '60', 'Connection': 'close'} 
 body={
  "error": "Restaurant already exists at this location"
}
 
 </msg>
<msg time="2026-02-20T13:24:13.444251" level="INFO">${response} = &lt;Response [409]&gt;</msg>
<var>${response}</var>
<arg>${SESSION_ALIAS}</arg>
<arg>/api/v1/restaurants</arg>
<arg>json=${payload}</arg>
<arg>expected_status=any</arg>
<doc>Sends a POST request on a previously created HTTP Session.</doc>
<status status="PASS" start="2026-02-20T13:24:11.403765" elapsed="2.040486"/>
</kw>
<return>
<value>${response}</value>
<status status="PASS" start="2026-02-20T13:24:13.444251" elapsed="0.000000"/>
</return>
<msg time="2026-02-20T13:24:13.444251" level="INFO">${reg_resp} = &lt;Response [409]&gt;</msg>
<var>${reg_resp}</var>
<arg>name=${name}</arg>
<arg>category=${category}</arg>
<arg>location=${location}</arg>
<arg>contact=${contact}</arg>
<doc>POST /api/v1/restaurants and return response.</doc>
<status status="PASS" start="2026-02-20T13:24:11.402768" elapsed="2.041483"/>
</kw>
<kw name="Extract Field From Response" owner="common_keywords">
<kw name="Set Variable" owner="BuiltIn">
<msg time="2026-02-20T13:24:13.445273" level="INFO">${body} = {'error': 'Restaurant already exists at this location'}</msg>
<var>${body}</var>
<arg>${response.json()}</arg>
<doc>Returns the given values which can then be assigned to a variables.</doc>
<status status="PASS" start="2026-02-20T13:24:13.445273" elapsed="0.000000"/>
</kw>
<kw name="Get From Dictionary" owner="Collections">
<msg time="2026-02-20T13:24:13.446262" level="FAIL">Dictionary does not contain key 'restaurant_id'.</msg>
<var>${value}</var>
<arg>${body}</arg>
<arg>${field}</arg>
<doc>Returns a value from the given ``dictionary`` based on the given ``key``.</doc>
<status status="FAIL" start="2026-02-20T13:24:13.446262" elapsed="0.000000">Dictionary does not contain key 'restaurant_id'.</status>
</kw>
<return>
<value>${value}</value>
<status status="NOT RUN" start="2026-02-20T13:24:13.446262" elapsed="0.000000"/>
</return>
<var>${rid}</var>
<arg>${reg_resp}</arg>
<arg>restaurant_id</arg>
<status status="FAIL" start="2026-02-20T13:24:13.444251" elapsed="0.002011">Dictionary does not contain key 'restaurant_id'.</status>
</kw>
<return>
<value>${rid}</value>
<status status="NOT RUN" start="2026-02-20T13:24:13.446262" elapsed="0.000000"/>
</return>
<var>${rid}</var>
<arg>Admin Disable Test</arg>
<arg>Chinese</arg>
<arg>DisableCity</arg>
<arg>4040404040</arg>
<status status="FAIL" start="2026-02-20T13:24:11.401757" elapsed="2.044505">Dictionary does not contain key 'restaurant_id'.</status>
</kw>
<kw name="Admin Disable Restaurant" owner="common_keywords">
<var>${response}</var>
<arg>${rid}</arg>
<status status="NOT RUN" start="2026-02-20T13:24:13.447259" elapsed="0.000000"/>
</kw>
<kw name="Response Status Should Be" owner="common_keywords">
<arg>${response}</arg>
<arg>200</arg>
<status status="NOT RUN" start="2026-02-20T13:24:13.447259" elapsed="0.000000"/>
</kw>
<kw name="Response Should Contain Key" owner="common_keywords">
<arg>${response}</arg>
<arg>message</arg>
<status status="NOT RUN" start="2026-02-20T13:24:13.447259" elapsed="0.000000"/>
</kw>
<doc>Positive: Admin disable returns 200 OK.</doc>
<tag>admin</tag>
<tag>disable</tag>
<tag>positive</tag>
<status status="FAIL" start="2026-02-20T13:24:11.400745" elapsed="2.046514">Dictionary does not contain key 'restaurant_id'.</status>
</test>
<test id="s1-s1-s1-t6" name="RF-ADMIN-06 Admin Disable Sets Status And Enabled Flag" line="66">
<kw name="Register And Get Restaurant ID">
<kw name="Register Restaurant" owner="common_keywords">
<kw name="Create Dictionary" owner="BuiltIn">
<msg time="2026-02-20T13:24:13.449777" level="INFO">&amp;{payload} = { name=Disable Flag Check | category=Mexican | location=FlagCity | contact=5050505051 }</msg>
<var>&amp;{payload}</var>
<arg>name=${name}</arg>
<arg>category=${category}</arg>
<arg>location=${location}</arg>
<arg>contact=${contact}</arg>
<doc>Creates and returns a dictionary based on the given ``items``.</doc>
<status status="PASS" start="2026-02-20T13:24:13.449777" elapsed="0.000000"/>
</kw>
<kw name="POST On Session" owner="RequestsLibrary">
<msg time="2026-02-20T13:24:15.499477" level="INFO">POST Request : url=http://localhost:5000/api/v1/restaurants 
 path_url=/api/v1/restaurants 
 headers={'User-Agent': 'python-requests/2.31.0', 'Accept-Encoding': 'gzip, deflate', 'Accept': '*/*', 'Connection': 'keep-alive', 'Content-Type': 'application/json', 'Content-Length': '102'} 
 body=b'{"name": "Disable Flag Check", "category": "Mexican", "location": "FlagCity", "contact": "5050505051"}' 
 </msg>
<msg time="2026-02-20T13:24:15.499477" level="INFO">POST Response : url=http://localhost:5000/api/v1/restaurants 
 status=409, reason=CONFLICT 
 headers={'Server': 'Werkzeug/3.1.6 Python/3.12.3', 'Date': 'Fri, 20 Feb 2026 07:54:15 GMT', 'Content-Type': 'application/json', 'Content-Length': '60', 'Connection': 'close'} 
 body={
  "error": "Restaurant already exists at this location"
}
 
 </msg>
<msg time="2026-02-20T13:24:15.499477" level="INFO">${response} = &lt;Response [409]&gt;</msg>
<var>${response}</var>
<arg>${SESSION_ALIAS}</arg>
<arg>/api/v1/restaurants</arg>
<arg>json=${payload}</arg>
<arg>expected_status=any</arg>
<doc>Sends a POST request on a previously created HTTP Session.</doc>
<status status="PASS" start="2026-02-20T13:24:13.449777" elapsed="2.049700"/>
</kw>
<return>
<value>${response}</value>
<status status="PASS" start="2026-02-20T13:24:15.499477" elapsed="0.000000"/>
</return>
<msg time="2026-02-20T13:24:15.499477" level="INFO">${reg_resp} = &lt;Response [409]&gt;</msg>
<var>${reg_resp}</var>
<arg>name=${name}</arg>
<arg>category=${category}</arg>
<arg>location=${location}</arg>
<arg>contact=${contact}</arg>
<doc>POST /api/v1/restaurants and return response.</doc>
<status status="PASS" start="2026-02-20T13:24:13.448767" elapsed="2.050710"/>
</kw>
<kw name="Extract Field From Response" owner="common_keywords">
<kw name="Set Variable" owner="BuiltIn">
<msg time="2026-02-20T13:24:15.501488" level="INFO">${body} = {'error': 'Restaurant already exists at this location'}</msg>
<var>${body}</var>
<arg>${response.json()}</arg>
<doc>Returns the given values which can then be assigned to a variables.</doc>
<status status="PASS" start="2026-02-20T13:24:15.500649" elapsed="0.000839"/>
</kw>
<kw name="Get From Dictionary" owner="Collections">
<msg time="2026-02-20T13:24:15.501488" level="FAIL">Dictionary does not contain key 'restaurant_id'.</msg>
<var>${value}</var>
<arg>${body}</arg>
<arg>${field}</arg>
<doc>Returns a value from the given ``dictionary`` based on the given ``key``.</doc>
<status status="FAIL" start="2026-02-20T13:24:15.501488" elapsed="0.000000">Dictionary does not contain key 'restaurant_id'.</status>
</kw>
<return>
<value>${value}</value>
<status status="NOT RUN" start="2026-02-20T13:24:15.501488" elapsed="0.000000"/>
</return>
<var>${rid}</var>
<arg>${reg_resp}</arg>
<arg>restaurant_id</arg>
<status status="FAIL" start="2026-02-20T13:24:15.500649" elapsed="0.000839">Dictionary does not contain key 'restaurant_id'.</status>
</kw>
<return>
<value>${rid}</value>
<status status="NOT RUN" start="2026-02-20T13:24:15.501488" elapsed="0.000000"/>
</return>
<var>${rid}</var>
<arg>Disable Flag Check</arg>
<arg>Mexican</arg>
<arg>FlagCity</arg>
<arg>5050505051</arg>
<status status="FAIL" start="2026-02-20T13:24:13.448767" elapsed="2.052721">Dictionary does not contain key 'restaurant_id'.</status>
</kw>
<kw name="Admin Disable Restaurant" owner="common_keywords">
<arg>${rid}</arg>
<status status="NOT RUN" start="2026-02-20T13:24:15.502471" elapsed="0.000000"/>
</kw>
<kw name="Get Restaurant" owner="common_keywords">
<var>${get_resp}</var>
<arg>${rid}</arg>
<status status="NOT RUN" start="2026-02-20T13:24:15.502471" elapsed="0.000000"/>
</kw>
<kw name="Extract Field From Response" owner="common_keywords">
<var>${status}</var>
<arg>${get_resp}</arg>
<arg>status</arg>
<status status="NOT RUN" start="2026-02-20T13:24:15.503981" elapsed="0.000000"/>
</kw>
<kw name="Extract Field From Response" owner="common_keywords">
<var>${enabled}</var>
<arg>${get_resp}</arg>
<arg>enabled</arg>
<status status="NOT RUN" start="2026-02-20T13:24:15.503981" elapsed="0.000000"/>
</kw>
<kw name="Should Be Equal" owner="BuiltIn">
<arg>${status}</arg>
<arg>disabled</arg>
<doc>Fails if the given objects are unequal.</doc>
<status status="NOT RUN" start="2026-02-20T13:24:15.503981" elapsed="0.001016"/>
</kw>
<kw name="Should Be Equal" owner="BuiltIn">
<arg>${enabled}</arg>
<arg>${False}</arg>
<doc>Fails if the given objects are unequal.</doc>
<status status="NOT RUN" start="2026-02-20T13:24:15.504997" elapsed="0.000000"/>
</kw>
<doc>Positive: Disabled restaurant has status=disabled and enabled=False.</doc>
<tag>admin</tag>
<tag>disable</tag>
<tag>positive</tag>
<status status="FAIL" start="2026-02-20T13:24:13.447259" elapsed="2.057738">Dictionary does not contain key 'restaurant_id'.</status>
</test>
<test id="s1-s1-s1-t7" name="RF-ADMIN-07 Admin Disable Non Existent Restaurant Returns 404" line="77">
<kw name="Admin Disable Restaurant" owner="common_keywords">
<kw name="PUT On Session" owner="RequestsLibrary">
<msg time="2026-02-20T13:24:17.537917" level="INFO">PUT Request : url=http://localhost:5000/api/v1/admin/restaurants/nonexistent-admin-robot-id/disable 
 path_url=/api/v1/admin/restaurants/nonexistent-admin-robot-id/disable 
 headers={'User-Agent': 'python-requests/2.31.0', 'Accept-Encoding': 'gzip, deflate', 'Accept': '*/*', 'Connection': 'keep-alive', 'Content-Type': 'application/json', 'Content-Length': '0'} 
 body=None 
 </msg>
<msg time="2026-02-20T13:24:17.538926" level="INFO">PUT Response : url=http://localhost:5000/api/v1/admin/restaurants/nonexistent-admin-robot-id/disable 
 status=404, reason=NOT FOUND 
 headers={'Server': 'Werkzeug/3.1.6 Python/3.12.3', 'Date': 'Fri, 20 Feb 2026 07:54:17 GMT', 'Content-Type': 'application/json', 'Content-Length': '38', 'Connection': 'close'} 
 body={
  "error": "Restaurant not found"
}
 
 </msg>
<msg time="2026-02-20T13:24:17.538926" level="INFO">${response} = &lt;Response [404]&gt;</msg>
<var>${response}</var>
<arg>${SESSION_ALIAS}</arg>
<arg>/api/v1/admin/restaurants/${restaurant_id}/disable</arg>
<arg>expected_status=any</arg>
<doc>Sends a PUT request on a previously created HTTP Session.</doc>
<status status="PASS" start="2026-02-20T13:24:15.505995" elapsed="2.032931"/>
</kw>
<return>
<value>${response}</value>
<status status="PASS" start="2026-02-20T13:24:17.538926" elapsed="0.000000"/>
</return>
<msg time="2026-02-20T13:24:17.538926" level="INFO">${response} = &lt;Response [404]&gt;</msg>
<var>${response}</var>
<arg>${FAKE_ID}</arg>
<status status="PASS" start="2026-02-20T13:24:15.505995" elapsed="2.032931"/>
</kw>
<kw name="Response Status Should Be" owner="common_keywords">
<kw name="Should Be Equal As Integers" owner="BuiltIn">
<msg time="2026-02-20T13:24:17.541503" level="INFO">Argument types are:
&lt;class 'int'&gt;
&lt;class 'str'&gt;</msg>
<arg>${response.status_code}</arg>
<arg>${expected_status}</arg>
<doc>Fails if objects are unequal after converting them to integers.</doc>
<status status="PASS" start="2026-02-20T13:24:17.541503" elapsed="0.000000"/>
</kw>
<arg>${response}</arg>
<arg>404</arg>
<status status="PASS" start="2026-02-20T13:24:17.539987" elapsed="0.001516"/>
</kw>
<doc>Negative: Admin disable invalid ID returns 404.</doc>
<tag>admin</tag>
<tag>disable</tag>
<tag>negative</tag>
<status status="PASS" start="2026-02-20T13:24:15.505995" elapsed="2.036524"/>
</test>
<test id="s1-s1-s1-t8" name="RF-ADMIN-08 Get All Feedback Returns 200" line="88">
<kw name="Admin Get All Feedback" owner="common_keywords">
<kw name="GET On Session" owner="RequestsLibrary">
<msg time="2026-02-20T13:24:19.595841" level="INFO">GET Request : url=http://localhost:5000/api/v1/admin/feedback 
 path_url=/api/v1/admin/feedback 
 headers={'User-Agent': 'python-requests/2.31.0', 'Accept-Encoding': 'gzip, deflate', 'Accept': '*/*', 'Connection': 'keep-alive', 'Content-Type': 'application/json'} 
 body=None 
 </msg>
<msg time="2026-02-20T13:24:19.595841" level="INFO">GET Response : url=http://localhost:5000/api/v1/admin/feedback 
 status=200, reason=OK 
 headers={'Server': 'Werkzeug/3.1.6 Python/3.12.3', 'Date': 'Fri, 20 Feb 2026 07:54:19 GMT', 'Content-Type': 'application/json', 'Content-Length': '193', 'Connection': 'close'} 
 body=[
  {
    "comment": "Excellent food and fast delivery!",
    "order_id": "cc60ce63-1ade-4a90-8e8c-541d1d20c013",
    "rating": 5,
    "rating_id": "594d1c2c-e6c6-4310-a60a-73e95b740428"
  }
]
 
 </msg>
<msg time="2026-02-20T13:24:19.595841" level="INFO">${response} = &lt;Response [200]&gt;</msg>
<var>${response}</var>
<arg>${SESSION_ALIAS}</arg>
<arg>/api/v1/admin/feedback</arg>
<arg>expected_status=any</arg>
<doc>Sends a GET request on a previously created HTTP Session.</doc>
<status status="PASS" start="2026-02-20T13:24:17.543524" elapsed="2.052317"/>
</kw>
<return>
<value>${response}</value>
<status status="PASS" start="2026-02-20T13:24:19.595841" elapsed="0.000000"/>
</return>
<msg time="2026-02-20T13:24:19.595841" level="INFO">${response} = &lt;Response [200]&gt;</msg>
<var>${response}</var>
<status status="PASS" start="2026-02-20T13:24:17.543524" elapsed="2.052317"/>
</kw>
<kw name="Response Status Should Be" owner="common_keywords">
<kw name="Should Be Equal As Integers" owner="BuiltIn">
<msg time="2026-02-20T13:24:19.597835" level="INFO">Argument types are:
&lt;class 'int'&gt;
&lt;class 'str'&gt;</msg>
<arg>${response.status_code}</arg>
<arg>${expected_status}</arg>
<doc>Fails if objects are unequal after converting them to integers.</doc>
<status status="PASS" start="2026-02-20T13:24:19.597835" elapsed="0.000000"/>
</kw>
<arg>${response}</arg>
<arg>200</arg>
<status status="PASS" start="2026-02-20T13:24:19.596838" elapsed="0.000997"/>
</kw>
<doc>Positive: GET /api/v1/admin/feedback returns 200 OK.</doc>
<tag>admin</tag>
<tag>feedback</tag>
<tag>positive</tag>
<status status="PASS" start="2026-02-20T13:24:17.543524" elapsed="2.054311"/>
</test>
<test id="s1-s1-s1-t9" name="RF-ADMIN-09 Feedback Response Is A List" line="94">
<kw name="Admin Get All Feedback" owner="common_keywords">
<kw name="GET On Session" owner="RequestsLibrary">
<msg time="2026-02-20T13:24:21.637868" level="INFO">GET Request : url=http://localhost:5000/api/v1/admin/feedback 
 path_url=/api/v1/admin/feedback 
 headers={'User-Agent': 'python-requests/2.31.0', 'Accept-Encoding': 'gzip, deflate', 'Accept': '*/*', 'Connection': 'keep-alive', 'Content-Type': 'application/json'} 
 body=None 
 </msg>
<msg time="2026-02-20T13:24:21.637868" level="INFO">GET Response : url=http://localhost:5000/api/v1/admin/feedback 
 status=200, reason=OK 
 headers={'Server': 'Werkzeug/3.1.6 Python/3.12.3', 'Date': 'Fri, 20 Feb 2026 07:54:21 GMT', 'Content-Type': 'application/json', 'Content-Length': '193', 'Connection': 'close'} 
 body=[
  {
    "comment": "Excellent food and fast delivery!",
    "order_id": "cc60ce63-1ade-4a90-8e8c-541d1d20c013",
    "rating": 5,
    "rating_id": "594d1c2c-e6c6-4310-a60a-73e95b740428"
  }
]
 
 </msg>
<msg time="2026-02-20T13:24:21.637868" level="INFO">${response} = &lt;Response [200]&gt;</msg>
<var>${response}</var>
<arg>${SESSION_ALIAS}</arg>
<arg>/api/v1/admin/feedback</arg>
<arg>expected_status=any</arg>
<doc>Sends a GET request on a previously created HTTP Session.</doc>
<status status="PASS" start="2026-02-20T13:24:19.599837" elapsed="2.038031"/>
</kw>
<return>
<value>${response}</value>
<status status="PASS" start="2026-02-20T13:24:21.637868" elapsed="0.000000"/>
</return>
<msg time="2026-02-20T13:24:21.637868" level="INFO">${response} = &lt;Response [200]&gt;</msg>
<var>${response}</var>
<status status="PASS" start="2026-02-20T13:24:19.599837" elapsed="2.038031"/>
</kw>
<kw name="Set Variable" owner="BuiltIn">
<msg time="2026-02-20T13:24:21.638892" level="INFO">${body} = [{'comment': 'Excellent food and fast delivery!', 'order_id': 'cc60ce63-1ade-4a90-8e8c-541d1d20c013', 'rating': 5, 'rating_id': '594d1c2c-e6c6-4310-a60a-73e95b740428'}]</msg>
<var>${body}</var>
<arg>${response.json()}</arg>
<doc>Returns the given values which can then be assigned to a variables.</doc>
<status status="PASS" start="2026-02-20T13:24:21.638892" elapsed="0.000000"/>
</kw>
<kw name="Should Be True" owner="BuiltIn">
<arg>isinstance($body, list)</arg>
<doc>Fails if the given condition is not true.</doc>
<status status="PASS" start="2026-02-20T13:24:21.640416" elapsed="0.000000"/>
</kw>
<doc>Positive: Feedback response body is a JSON list.</doc>
<tag>admin</tag>
<tag>feedback</tag>
<tag>positive</tag>
<status status="PASS" start="2026-02-20T13:24:19.598845" elapsed="2.041571"/>
</test>
<test id="s1-s1-s1-t10" name="RF-ADMIN-10 Get All Orders Returns 200" line="106">
<kw name="Admin Get All Orders" owner="common_keywords">
<kw name="GET On Session" owner="RequestsLibrary">
<msg time="2026-02-20T13:24:23.690750" level="INFO">GET Request : url=http://localhost:5000/api/v1/admin/orders 
 path_url=/api/v1/admin/orders 
 headers={'User-Agent': 'python-requests/2.31.0', 'Accept-Encoding': 'gzip, deflate', 'Accept': '*/*', 'Connection': 'keep-alive', 'Content-Type': 'application/json'} 
 body=None 
 </msg>
<msg time="2026-02-20T13:24:23.690750" level="INFO">GET Response : url=http://localhost:5000/api/v1/admin/orders 
 status=200, reason=OK 
 headers={'Server': 'Werkzeug/3.1.6 Python/3.12.3', 'Date': 'Fri, 20 Feb 2026 07:54:23 GMT', 'Content-Type': 'application/json', 'Content-Length': '1363', 'Connection': 'close'} 
 body=[
  {
    "dishes": [
      "5bb45059-e18d-4856-b1c2-1ffdfb7061b5"
    ],
    "order_id": "1a2913a8-a598-4ed1-b70d-d775ca834576",
    "restaurant_id": "2af06e6c-a4ef-40ed-a0a0-c04bbe7a9fee",
    "status": "placed",
    "user_id": "82c75ab6-b4a7-4c99-9f81-bfc7868e8c8e"
  },
  {
    "dishes": [
      "5bb45059-e18d-4856-b1c2-1ffdfb7061b5"
    ],
    "order_id": "c336c377-19a9-4ce1-a088-a0f2a8aeffe6",
    "restaurant_id": "2af06e6c-a4ef-40ed-a0a0-c04bbe7a9fee",
    "status": "placed",
    "user_id": "82c75ab6-b4a7-4c99-9f81-bfc7868e8c8e"
  },
  {
    "dishes": [
      "5bb45059-e18d-4856-b1c2-1ffdfb7061b5"
    ],
    "order_id": "627728df-851c-45bd-bbd2-011192534e85",
    "restaurant_id": "2af06e6c-a4ef-40ed-a0a0-c04bbe7a9fee",
    "status": "placed",
    "user_id": "82c75ab6-b4a7-4c99-9f81-bfc7868e8c8e"
  },
  {
    "dishes": [
      "8bb5b5b0-d45a-43f9-8a19-2595045effac"
    ],
    "order_id": "c2dc6fde-4935-4b6d-ae91-ed809dd12d3b",
    "restaurant_id": "c5a8860e-4aec-436b-9bad-e80a9abebf25",
    "status": "placed",
    "user_id": "6763b2f9-ebce-4c42-80e8-45b56d82b7ac"
  },
  {
    "dishes": [
      "df1fe52f-8641-406e-b4bc-87771f6b2689"
    ],
    "order_id": "cc60ce63-1ade-4a90-8e8c-541d1d20c013",
    "restaurant_id": "7bccce17-e681-4303-9ba5-ad99dc78b6f7",
    "status": "placed",
    "user_id": "1b0a36a0-7e46-47c1-bfb2-d277b03a3985"
  }
]
 
 </msg>
<msg time="2026-02-20T13:24:23.690750" level="INFO">${response} = &lt;Response [200]&gt;</msg>
<var>${response}</var>
<arg>${SESSION_ALIAS}</arg>
<arg>/api/v1/admin/orders</arg>
<arg>expected_status=any</arg>
<doc>Sends a GET request on a previously created HTTP Session.</doc>
<status status="PASS" start="2026-02-20T13:24:21.642435" elapsed="2.048315"/>
</kw>
<return>
<value>${response}</value>
<status status="PASS" start="2026-02-20T13:24:23.691762" elapsed="0.000000"/>
</return>
<msg time="2026-02-20T13:24:23.691762" level="INFO">${response} = &lt;Response [200]&gt;</msg>
<var>${response}</var>
<status status="PASS" start="2026-02-20T13:24:21.642435" elapsed="2.049327"/>
</kw>
<kw name="Response Status Should Be" owner="common_keywords">
<kw name="Should Be Equal As Integers" owner="BuiltIn">
<msg time="2026-02-20T13:24:23.692755" level="INFO">Argument types are:
&lt;class 'int'&gt;
&lt;class 'str'&gt;</msg>
<arg>${response.status_code}</arg>
<arg>${expected_status}</arg>
<doc>Fails if objects are unequal after converting them to integers.</doc>
<status status="PASS" start="2026-02-20T13:24:23.692755" elapsed="0.000000"/>
</kw>
<arg>${response}</arg>
<arg>200</arg>
<status status="PASS" start="2026-02-20T13:24:23.691762" elapsed="0.000993"/>
</kw>
<doc>Positive: GET /api/v1/admin/orders returns 200 OK.</doc>
<tag>admin</tag>
<tag>orders</tag>
<tag>positive</tag>
<status status="PASS" start="2026-02-20T13:24:21.641425" elapsed="2.051330"/>
</test>
<test id="s1-s1-s1-t11" name="RF-ADMIN-11 Orders Response Is A List" line="112">
<kw name="Admin Get All Orders" owner="common_keywords">
<kw name="GET On Session" owner="RequestsLibrary">
<msg time="2026-02-20T13:24:25.745746" level="INFO">GET Request : url=http://localhost:5000/api/v1/admin/orders 
 path_url=/api/v1/admin/orders 
 headers={'User-Agent': 'python-requests/2.31.0', 'Accept-Encoding': 'gzip, deflate', 'Accept': '*/*', 'Connection': 'keep-alive', 'Content-Type': 'application/json'} 
 body=None 
 </msg>
<msg time="2026-02-20T13:24:25.745746" level="INFO">GET Response : url=http://localhost:5000/api/v1/admin/orders 
 status=200, reason=OK 
 headers={'Server': 'Werkzeug/3.1.6 Python/3.12.3', 'Date': 'Fri, 20 Feb 2026 07:54:25 GMT', 'Content-Type': 'application/json', 'Content-Length': '1363', 'Connection': 'close'} 
 body=[
  {
    "dishes": [
      "5bb45059-e18d-4856-b1c2-1ffdfb7061b5"
    ],
    "order_id": "1a2913a8-a598-4ed1-b70d-d775ca834576",
    "restaurant_id": "2af06e6c-a4ef-40ed-a0a0-c04bbe7a9fee",
    "status": "placed",
    "user_id": "82c75ab6-b4a7-4c99-9f81-bfc7868e8c8e"
  },
  {
    "dishes": [
      "5bb45059-e18d-4856-b1c2-1ffdfb7061b5"
    ],
    "order_id": "c336c377-19a9-4ce1-a088-a0f2a8aeffe6",
    "restaurant_id": "2af06e6c-a4ef-40ed-a0a0-c04bbe7a9fee",
    "status": "placed",
    "user_id": "82c75ab6-b4a7-4c99-9f81-bfc7868e8c8e"
  },
  {
    "dishes": [
      "5bb45059-e18d-4856-b1c2-1ffdfb7061b5"
    ],
    "order_id": "627728df-851c-45bd-bbd2-011192534e85",
    "restaurant_id": "2af06e6c-a4ef-40ed-a0a0-c04bbe7a9fee",
    "status": "placed",
    "user_id": "82c75ab6-b4a7-4c99-9f81-bfc7868e8c8e"
  },
  {
    "dishes": [
      "8bb5b5b0-d45a-43f9-8a19-2595045effac"
    ],
    "order_id": "c2dc6fde-4935-4b6d-ae91-ed809dd12d3b",
    "restaurant_id": "c5a8860e-4aec-436b-9bad-e80a9abebf25",
    "status": "placed",
    "user_id": "6763b2f9-ebce-4c42-80e8-45b56d82b7ac"
  },
  {
    "dishes": [
      "df1fe52f-8641-406e-b4bc-87771f6b2689"
    ],
    "order_id": "cc60ce63-1ade-4a90-8e8c-541d1d20c013",
    "restaurant_id": "7bccce17-e681-4303-9ba5-ad99dc78b6f7",
    "status": "placed",
    "user_id": "1b0a36a0-7e46-47c1-bfb2-d277b03a3985"
  }
]
 
 </msg>
<msg time="2026-02-20T13:24:25.745746" level="INFO">${response} = &lt;Response [200]&gt;</msg>
<var>${response}</var>
<arg>${SESSION_ALIAS}</arg>
<arg>/api/v1/admin/orders</arg>
<arg>expected_status=any</arg>
<doc>Sends a GET request on a previously created HTTP Session.</doc>
<status status="PASS" start="2026-02-20T13:24:23.694757" elapsed="2.050989"/>
</kw>
<return>
<value>${response}</value>
<status status="PASS" start="2026-02-20T13:24:25.745746" elapsed="0.000000"/>
</return>
<msg time="2026-02-20T13:24:25.747257" level="INFO">${response} = &lt;Response [200]&gt;</msg>
<var>${response}</var>
<status status="PASS" start="2026-02-20T13:24:23.694757" elapsed="2.052500"/>
</kw>
<kw name="Set Variable" owner="BuiltIn">
<msg time="2026-02-20T13:24:25.748265" level="INFO">${body} = [{'dishes': ['5bb45059-e18d-4856-b1c2-1ffdfb7061b5'], 'order_id': '1a2913a8-a598-4ed1-b70d-d775ca834576', 'restaurant_id': '2af06e6c-a4ef-40ed-a0a0-c04bbe7a9fee', 'status': 'placed', 'user_id': '82c75...</msg>
<var>${body}</var>
<arg>${response.json()}</arg>
<doc>Returns the given values which can then be assigned to a variables.</doc>
<status status="PASS" start="2026-02-20T13:24:25.747257" elapsed="0.001008"/>
</kw>
<kw name="Should Be True" owner="BuiltIn">
<arg>isinstance($body, list)</arg>
<doc>Fails if the given condition is not true.</doc>
<status status="PASS" start="2026-02-20T13:24:25.748265" elapsed="0.000000"/>
</kw>
<doc>Positive: Orders response body is a JSON list.</doc>
<tag>admin</tag>
<tag>orders</tag>
<tag>positive</tag>
<status status="PASS" start="2026-02-20T13:24:23.693757" elapsed="2.055514"/>
</test>
<kw name="Delete Foodie Session" owner="common_keywords" type="TEARDOWN">
<kw name="Delete All Sessions" owner="RequestsLibrary">
<msg time="2026-02-20T13:24:25.750270" level="INFO">Deleting All Sessions</msg>
<doc>Removes all the session objects</doc>
<status status="PASS" start="2026-02-20T13:24:25.750270" elapsed="0.000000"/>
</kw>
<doc>Remove the HTTP session after tests complete.</doc>
<status status="PASS" start="2026-02-20T13:24:25.750270" elapsed="0.000000"/>
</kw>
<status status="FAIL" start="2026-02-20T13:24:02.681308" elapsed="23.068962"/>
</suite>
<status status="FAIL" start="2026-02-20T13:24:02.679310" elapsed="23.071970"/>
</suite>
<suite id="s1-s2" name="Dish" source="C:\Users\91934\PycharmProjects\foodie_app\tests\robot\dish">
<suite id="s1-s2-s1" name="Test Dish" source="C:\Users\91934\PycharmProjects\foodie_app\tests\robot\dish\test_dish.robot">
<kw name="Run Keywords" owner="BuiltIn" type="SETUP">
<kw name="Create Foodie Session" owner="common_keywords">
<kw name="Create Session" owner="RequestsLibrary">
<msg time="2026-02-20T13:24:25.763799" level="INFO">Creating Session using : alias=foodie, url=http://localhost:5000, headers={'Content-Type': 'application/json'},                     cookies={}, auth=None, timeout=None, proxies=None, verify=False,                     debug=0 </msg>
<arg>${SESSION_ALIAS}</arg>
<arg>${BASE_URL}</arg>
<arg>headers={"Content-Type": "application/json"}</arg>
<doc>Create Session: create a HTTP session to a server</doc>
<status status="PASS" start="2026-02-20T13:24:25.762808" elapsed="0.000991"/>
</kw>
<doc>Create a reusable HTTP session for all tests.</doc>
<status status="PASS" start="2026-02-20T13:24:25.762808" elapsed="0.000991"/>
</kw>
<kw name="Setup Dish Suite">
<kw name="Register Restaurant" owner="common_keywords">
<kw name="Create Dictionary" owner="BuiltIn">
<msg time="2026-02-20T13:24:25.765317" level="INFO">&amp;{payload} = { name=RF Dish Suite Restaurant | category=Test | location=RF City | contact=5050505050 }</msg>
<var>&amp;{payload}</var>
<arg>name=${name}</arg>
<arg>category=${category}</arg>
<arg>location=${location}</arg>
<arg>contact=${contact}</arg>
<doc>Creates and returns a dictionary based on the given ``items``.</doc>
<status status="PASS" start="2026-02-20T13:24:25.765317" elapsed="0.000000"/>
</kw>
<kw name="POST On Session" owner="RequestsLibrary">
<msg time="2026-02-20T13:24:27.790537" level="INFO">POST Request : url=http://localhost:5000/api/v1/restaurants 
 path_url=/api/v1/restaurants 
 headers={'User-Agent': 'python-requests/2.31.0', 'Accept-Encoding': 'gzip, deflate', 'Accept': '*/*', 'Connection': 'keep-alive', 'Content-Type': 'application/json', 'Content-Length': '104'} 
 body=b'{"name": "RF Dish Suite Restaurant", "category": "Test", "location": "RF City", "contact": "5050505050"}' 
 </msg>
<msg time="2026-02-20T13:24:27.790537" level="INFO">POST Response : url=http://localhost:5000/api/v1/restaurants 
 status=409, reason=CONFLICT 
 headers={'Server': 'Werkzeug/3.1.6 Python/3.12.3', 'Date': 'Fri, 20 Feb 2026 07:54:27 GMT', 'Content-Type': 'application/json', 'Content-Length': '60', 'Connection': 'close'} 
 body={
  "error": "Restaurant already exists at this location"
}
 
 </msg>
<msg time="2026-02-20T13:24:27.790537" level="INFO">${response} = &lt;Response [409]&gt;</msg>
<var>${response}</var>
<arg>${SESSION_ALIAS}</arg>
<arg>/api/v1/restaurants</arg>
<arg>json=${payload}</arg>
<arg>expected_status=any</arg>
<doc>Sends a POST request on a previously created HTTP Session.</doc>
<status status="PASS" start="2026-02-20T13:24:25.765317" elapsed="2.025220"/>
</kw>
<return>
<value>${response}</value>
<status status="PASS" start="2026-02-20T13:24:27.790537" elapsed="0.000000"/>
</return>
<msg time="2026-02-20T13:24:27.791538" level="INFO">${reg_resp} = &lt;Response [409]&gt;</msg>
<var>${reg_resp}</var>
<arg>name=RF Dish Suite Restaurant</arg>
<arg>category=Test</arg>
<arg>location=RF City</arg>
<arg>contact=5050505050</arg>
<doc>POST /api/v1/restaurants and return response.</doc>
<status status="PASS" start="2026-02-20T13:24:25.763799" elapsed="2.027739"/>
</kw>
<kw name="Extract Field From Response" owner="common_keywords">
<kw name="Set Variable" owner="BuiltIn">
<msg time="2026-02-20T13:24:27.791538" level="INFO">${body} = {'error': 'Restaurant already exists at this location'}</msg>
<var>${body}</var>
<arg>${response.json()}</arg>
<doc>Returns the given values which can then be assigned to a variables.</doc>
<status status="PASS" start="2026-02-20T13:24:27.791538" elapsed="0.000000"/>
</kw>
<kw name="Get From Dictionary" owner="Collections">
<msg time="2026-02-20T13:24:27.792536" level="FAIL">Dictionary does not contain key 'restaurant_id'.</msg>
<var>${value}</var>
<arg>${body}</arg>
<arg>${field}</arg>
<doc>Returns a value from the given ``dictionary`` based on the given ``key``.</doc>
<status status="FAIL" start="2026-02-20T13:24:27.792536" elapsed="0.000000">Dictionary does not contain key 'restaurant_id'.</status>
</kw>
<return>
<value>${value}</value>
<status status="NOT RUN" start="2026-02-20T13:24:27.792536" elapsed="0.000000"/>
</return>
<var>${rid}</var>
<arg>${reg_resp}</arg>
<arg>restaurant_id</arg>
<status status="FAIL" start="2026-02-20T13:24:27.791538" elapsed="0.000998">Dictionary does not contain key 'restaurant_id'.</status>
</kw>
<kw name="Admin Approve Restaurant" owner="common_keywords">
<arg>${rid}</arg>
<status status="NOT RUN" start="2026-02-20T13:24:27.792536" elapsed="0.000000"/>
</kw>
<kw name="Set Suite Variable" owner="BuiltIn">
<arg>${SUITE_RESTAURANT_ID}</arg>
<arg>${rid}</arg>
<doc>Makes a variable available everywhere within the scope of the current suite.</doc>
<status status="NOT RUN" start="2026-02-20T13:24:27.792536" elapsed="0.000000"/>
</kw>
<doc>Register and approve a restaurant for dish tests.</doc>
<status status="FAIL" start="2026-02-20T13:24:25.763799" elapsed="2.028737">Dictionary does not contain key 'restaurant_id'.</status>
</kw>
<arg>Create Foodie Session</arg>
<arg>AND</arg>
<arg>Setup Dish Suite</arg>
<doc>Executes all the given keywords in a sequence.</doc>
<status status="FAIL" start="2026-02-20T13:24:25.762808" elapsed="2.029728">Dictionary does not contain key 'restaurant_id'.</status>
</kw>
<test id="s1-s2-s1-t1" name="RF-DISH-01 Add Dish To Valid Restaurant Returns 201" line="20">
<doc>Positive: Add a valid dish returns 201 Created.</doc>
<tag>add</tag>
<tag>dish</tag>
<tag>positive</tag>
<status status="FAIL" start="2026-02-20T13:24:27.792536" elapsed="0.001009">Parent suite setup failed:
Dictionary does not contain key 'restaurant_id'.</status>
</test>
<test id="s1-s2-s1-t2" name="RF-DISH-02 New Dish Is Enabled By Default" line="30">
<doc>Positive: Newly added dish has enabled=True.</doc>
<tag>add</tag>
<tag>dish</tag>
<tag>positive</tag>
<status status="FAIL" start="2026-02-20T13:24:27.795051" elapsed="0.000000">Parent suite setup failed:
Dictionary does not contain key 'restaurant_id'.</status>
</test>
<test id="s1-s2-s1-t3" name="RF-DISH-03 Add Dish Missing Name Returns 400" line="39">
<doc>Negative: Missing name field returns 400.</doc>
<tag>add</tag>
<tag>dish</tag>
<tag>negative</tag>
<status status="FAIL" start="2026-02-20T13:24:27.796062" elapsed="0.000000">Parent suite setup failed:
Dictionary does not contain key 'restaurant_id'.</status>
</test>
<test id="s1-s2-s1-t4" name="RF-DISH-04 Add Dish Negative Price Returns 400" line="46">
<doc>Negative: Negative price returns 400 Bad Request.</doc>
<tag>add</tag>
<tag>dish</tag>
<tag>negative</tag>
<status status="FAIL" start="2026-02-20T13:24:27.797059" elapsed="0.000997">Parent suite setup failed:
Dictionary does not contain key 'restaurant_id'.</status>
</test>
<test id="s1-s2-s1-t5" name="RF-DISH-05 Add Dish To Non Existent Restaurant Returns 404" line="53">
<doc>Negative: Add dish to invalid restaurant returns 404.</doc>
<tag>add</tag>
<tag>dish</tag>
<tag>negative</tag>
<status status="FAIL" start="2026-02-20T13:24:27.798056" elapsed="0.000000">Parent suite setup failed:
Dictionary does not contain key 'restaurant_id'.</status>
</test>
<test id="s1-s2-s1-t6" name="RF-DISH-06 Update Existing Dish Returns 200" line="65">
<doc>Positive: Update valid dish returns 200 OK with updated fields.</doc>
<tag>dish</tag>
<tag>positive</tag>
<tag>update</tag>
<status status="FAIL" start="2026-02-20T13:24:27.799056" elapsed="0.000000">Parent suite setup failed:
Dictionary does not contain key 'restaurant_id'.</status>
</test>
<test id="s1-s2-s1-t7" name="RF-DISH-07 Update Non Existent Dish Returns 404" line="75">
<doc>Negative: Update invalid dish returns 404 Not Found.</doc>
<tag>dish</tag>
<tag>negative</tag>
<tag>update</tag>
<status status="FAIL" start="2026-02-20T13:24:27.801059" elapsed="0.000000">Parent suite setup failed:
Dictionary does not contain key 'restaurant_id'.</status>
</test>
<test id="s1-s2-s1-t8" name="RF-DISH-08 Disable Dish Returns 200" line="87">
<doc>Positive: Disable a dish returns 200 OK.</doc>
<tag>dish</tag>
<tag>positive</tag>
<tag>status</tag>
<status status="FAIL" start="2026-02-20T13:24:27.802569" elapsed="0.000000">Parent suite setup failed:
Dictionary does not contain key 'restaurant_id'.</status>
</test>
<test id="s1-s2-s1-t9" name="RF-DISH-09 Enable Dish Returns 200" line="95">
<doc>Positive: Re-enable a disabled dish returns 200 OK.</doc>
<tag>dish</tag>
<tag>positive</tag>
<tag>status</tag>
<status status="FAIL" start="2026-02-20T13:24:27.803578" elapsed="0.001000">Parent suite setup failed:
Dictionary does not contain key 'restaurant_id'.</status>
</test>
<test id="s1-s2-s1-t10" name="RF-DISH-10 Set Status Missing Enabled Field Returns 400" line="103">
<doc>Negative: Missing 'enabled' field returns 400.</doc>
<tag>dish</tag>
<tag>negative</tag>
<tag>status</tag>
<status status="FAIL" start="2026-02-20T13:24:27.804578" elapsed="0.000000">Parent suite setup failed:
Dictionary does not contain key 'restaurant_id'.</status>
</test>
<test id="s1-s2-s1-t11" name="RF-DISH-11 Set Status Non Existent Dish Returns 404" line="112">
<doc>Negative: Status update for invalid dish returns 404.</doc>
<tag>dish</tag>
<tag>negative</tag>
<tag>status</tag>
<status status="FAIL" start="2026-02-20T13:24:27.805578" elapsed="0.000000">Parent suite setup failed:
Dictionary does not contain key 'restaurant_id'.</status>
</test>
<test id="s1-s2-s1-t12" name="RF-DISH-12 Delete Existing Dish Returns 200" line="123">
<doc>Positive: Delete valid dish returns 200 OK with message.</doc>
<tag>delete</tag>
<tag>dish</tag>
<tag>positive</tag>
<status status="FAIL" start="2026-02-20T13:24:27.806633" elapsed="0.001001">Parent suite setup failed:
Dictionary does not contain key 'restaurant_id'.</status>
</test>
<test id="s1-s2-s1-t13" name="RF-DISH-13 Delete Dish Twice Returns 404 Second Time" line="132">
<doc>Negative: Delete already-deleted dish returns 404.</doc>
<tag>delete</tag>
<tag>dish</tag>
<tag>negative</tag>
<status status="FAIL" start="2026-02-20T13:24:27.807634" elapsed="0.000997">Parent suite setup failed:
Dictionary does not contain key 'restaurant_id'.</status>
</test>
<test id="s1-s2-s1-t14" name="RF-DISH-14 Delete Non Existent Dish Returns 404" line="140">
<doc>Negative: Delete invalid dish ID returns 404.</doc>
<tag>delete</tag>
<tag>dish</tag>
<tag>negative</tag>
<status status="FAIL" start="2026-02-20T13:24:27.808631" elapsed="0.000000">Parent suite setup failed:
Dictionary does not contain key 'restaurant_id'.</status>
</test>
<kw name="Delete Foodie Session" owner="common_keywords" type="TEARDOWN">
<kw name="Delete All Sessions" owner="RequestsLibrary">
<msg time="2026-02-20T13:24:27.809631" level="INFO">Deleting All Sessions</msg>
<doc>Removes all the session objects</doc>
<status status="PASS" start="2026-02-20T13:24:27.809631" elapsed="0.000000"/>
</kw>
<doc>Remove the HTTP session after tests complete.</doc>
<status status="PASS" start="2026-02-20T13:24:27.809631" elapsed="0.000000"/>
</kw>
<status status="FAIL" start="2026-02-20T13:24:25.754280" elapsed="2.055351">Suite setup failed:
Dictionary does not contain key 'restaurant_id'.</status>
</suite>
<status status="FAIL" start="2026-02-20T13:24:25.752301" elapsed="2.058330"/>
</suite>
<suite id="s1-s3" name="Order" source="C:\Users\91934\PycharmProjects\foodie_app\tests\robot\order">
<suite id="s1-s3-s1" name="Test Order" source="C:\Users\91934\PycharmProjects\foodie_app\tests\robot\order\test_order.robot">
<kw name="Run Keywords" owner="BuiltIn" type="SETUP">
<kw name="Create Foodie Session" owner="common_keywords">
<kw name="Create Session" owner="RequestsLibrary">
<msg time="2026-02-20T13:24:27.825704" level="INFO">Creating Session using : alias=foodie, url=http://localhost:5000, headers={'Content-Type': 'application/json'},                     cookies={}, auth=None, timeout=None, proxies=None, verify=False,                     debug=0 </msg>
<arg>${SESSION_ALIAS}</arg>
<arg>${BASE_URL}</arg>
<arg>headers={"Content-Type": "application/json"}</arg>
<doc>Create Session: create a HTTP session to a server</doc>
<status status="PASS" start="2026-02-20T13:24:27.824690" elapsed="0.001014"/>
</kw>
<doc>Create a reusable HTTP session for all tests.</doc>
<status status="PASS" start="2026-02-20T13:24:27.824690" elapsed="0.001014"/>
</kw>
<kw name="Setup Order Suite">
<kw name="Register Restaurant" owner="common_keywords">
<kw name="Create Dictionary" owner="BuiltIn">
<msg time="2026-02-20T13:24:27.827211" level="INFO">&amp;{payload} = { name=RF Order Suite Rest | category=Test | location=Order Suite City | contact=9191919191 }</msg>
<var>&amp;{payload}</var>
<arg>name=${name}</arg>
<arg>category=${category}</arg>
<arg>location=${location}</arg>
<arg>contact=${contact}</arg>
<doc>Creates and returns a dictionary based on the given ``items``.</doc>
<status status="PASS" start="2026-02-20T13:24:27.827211" elapsed="0.000000"/>
</kw>
<kw name="POST On Session" owner="RequestsLibrary">
<msg time="2026-02-20T13:24:29.869723" level="INFO">POST Request : url=http://localhost:5000/api/v1/restaurants 
 path_url=/api/v1/restaurants 
 headers={'User-Agent': 'python-requests/2.31.0', 'Accept-Encoding': 'gzip, deflate', 'Accept': '*/*', 'Connection': 'keep-alive', 'Content-Type': 'application/json', 'Content-Length': '108'} 
 body=b'{"name": "RF Order Suite Rest", "category": "Test", "location": "Order Suite City", "contact": "9191919191"}' 
 </msg>
<msg time="2026-02-20T13:24:29.869723" level="INFO">POST Response : url=http://localhost:5000/api/v1/restaurants 
 status=409, reason=CONFLICT 
 headers={'Server': 'Werkzeug/3.1.6 Python/3.12.3', 'Date': 'Fri, 20 Feb 2026 07:54:29 GMT', 'Content-Type': 'application/json', 'Content-Length': '60', 'Connection': 'close'} 
 body={
  "error": "Restaurant already exists at this location"
}
 
 </msg>
<msg time="2026-02-20T13:24:29.869723" level="INFO">${response} = &lt;Response [409]&gt;</msg>
<var>${response}</var>
<arg>${SESSION_ALIAS}</arg>
<arg>/api/v1/restaurants</arg>
<arg>json=${payload}</arg>
<arg>expected_status=any</arg>
<doc>Sends a POST request on a previously created HTTP Session.</doc>
<status status="PASS" start="2026-02-20T13:24:27.827211" elapsed="2.042512"/>
</kw>
<return>
<value>${response}</value>
<status status="PASS" start="2026-02-20T13:24:29.870729" elapsed="0.000000"/>
</return>
<msg time="2026-02-20T13:24:29.870729" level="INFO">${reg_resp} = &lt;Response [409]&gt;</msg>
<var>${reg_resp}</var>
<arg>name=RF Order Suite Rest</arg>
<arg>category=Test</arg>
<arg>location=Order Suite City</arg>
<arg>contact=9191919191</arg>
<doc>POST /api/v1/restaurants and return response.</doc>
<status status="PASS" start="2026-02-20T13:24:27.825704" elapsed="2.045025"/>
</kw>
<kw name="Extract Field From Response" owner="common_keywords">
<kw name="Set Variable" owner="BuiltIn">
<msg time="2026-02-20T13:24:29.871739" level="INFO">${body} = {'error': 'Restaurant already exists at this location'}</msg>
<var>${body}</var>
<arg>${response.json()}</arg>
<doc>Returns the given values which can then be assigned to a variables.</doc>
<status status="PASS" start="2026-02-20T13:24:29.871739" elapsed="0.000000"/>
</kw>
<kw name="Get From Dictionary" owner="Collections">
<msg time="2026-02-20T13:24:29.871739" level="FAIL">Dictionary does not contain key 'restaurant_id'.</msg>
<var>${value}</var>
<arg>${body}</arg>
<arg>${field}</arg>
<doc>Returns a value from the given ``dictionary`` based on the given ``key``.</doc>
<status status="FAIL" start="2026-02-20T13:24:29.871739" elapsed="0.000000">Dictionary does not contain key 'restaurant_id'.</status>
</kw>
<return>
<value>${value}</value>
<status status="NOT RUN" start="2026-02-20T13:24:29.871739" elapsed="0.000000"/>
</return>
<var>${rid}</var>
<arg>${reg_resp}</arg>
<arg>restaurant_id</arg>
<status status="FAIL" start="2026-02-20T13:24:29.870729" elapsed="0.001010">Dictionary does not contain key 'restaurant_id'.</status>
</kw>
<kw name="Admin Approve Restaurant" owner="common_keywords">
<arg>${rid}</arg>
<status status="NOT RUN" start="2026-02-20T13:24:29.872740" elapsed="0.000000"/>
</kw>
<kw name="Set Suite Variable" owner="BuiltIn">
<arg>${SUITE_RESTAURANT_ID}</arg>
<arg>${rid}</arg>
<doc>Makes a variable available everywhere within the scope of the current suite.</doc>
<status status="NOT RUN" start="2026-02-20T13:24:29.872740" elapsed="0.000000"/>
</kw>
<kw name="Create Dictionary" owner="BuiltIn">
<var>&amp;{dish_payload}</var>
<arg>name=Suite Dish</arg>
<arg>type=Veg</arg>
<arg>price=${150}</arg>
<doc>Creates and returns a dictionary based on the given ``items``.</doc>
<status status="NOT RUN" start="2026-02-20T13:24:29.872740" elapsed="0.000000"/>
</kw>
<kw name="Add Dish" owner="common_keywords">
<var>${dish_resp}</var>
<arg>${rid}</arg>
<arg>${dish_payload}</arg>
<status status="NOT RUN" start="2026-02-20T13:24:29.872740" elapsed="0.000000"/>
</kw>
<kw name="Extract Field From Response" owner="common_keywords">
<var>${did}</var>
<arg>${dish_resp}</arg>
<arg>dish_id</arg>
<status status="NOT RUN" start="2026-02-20T13:24:29.872740" elapsed="0.000000"/>
</kw>
<kw name="Set Suite Variable" owner="BuiltIn">
<arg>${SUITE_DISH_ID}</arg>
<arg>${did}</arg>
<doc>Makes a variable available everywhere within the scope of the current suite.</doc>
<status status="NOT RUN" start="2026-02-20T13:24:29.872740" elapsed="0.000000"/>
</kw>
<kw name="Register User" owner="common_keywords">
<var>${user_resp}</var>
<arg>RF Suite User</arg>
<arg>rfsuite@example.com</arg>
<arg>Suite@RF123</arg>
<status status="NOT RUN" start="2026-02-20T13:24:29.872740" elapsed="0.000000"/>
</kw>
<kw name="Extract Field From Response" owner="common_keywords">
<var>${uid}</var>
<arg>${user_resp}</arg>
<arg>user_id</arg>
<status status="NOT RUN" start="2026-02-20T13:24:29.872740" elapsed="0.000000"/>
</kw>
<kw name="Set Suite Variable" owner="BuiltIn">
<arg>${SUITE_USER_ID}</arg>
<arg>${uid}</arg>
<doc>Makes a variable available everywhere within the scope of the current suite.</doc>
<status status="NOT RUN" start="2026-02-20T13:24:29.872740" elapsed="0.000000"/>
</kw>
<kw name="Create List" owner="BuiltIn">
<var>@{dishes}</var>
<arg>${did}</arg>
<doc>Returns a list containing given items.</doc>
<status status="NOT RUN" start="2026-02-20T13:24:29.873738" elapsed="0.000000"/>
</kw>
<kw name="Place Order" owner="common_keywords">
<var>${order_resp}</var>
<arg>${uid}</arg>
<arg>${rid}</arg>
<arg>${dishes}</arg>
<status status="NOT RUN" start="2026-02-20T13:24:29.873738" elapsed="0.000000"/>
</kw>
<kw name="Extract Field From Response" owner="common_keywords">
<var>${oid}</var>
<arg>${order_resp}</arg>
<arg>order_id</arg>
<status status="NOT RUN" start="2026-02-20T13:24:29.873738" elapsed="0.000000"/>
</kw>
<kw name="Set Suite Variable" owner="BuiltIn">
<arg>${SUITE_ORDER_ID}</arg>
<arg>${oid}</arg>
<doc>Makes a variable available everywhere within the scope of the current suite.</doc>
<status status="NOT RUN" start="2026-02-20T13:24:29.873738" elapsed="0.000000"/>
</kw>
<doc>Full suite setup: restaurant, dish, user, and one placed order.</doc>
<status status="FAIL" start="2026-02-20T13:24:27.825704" elapsed="2.048034">Dictionary does not contain key 'restaurant_id'.</status>
</kw>
<arg>Create Foodie Session</arg>
<arg>AND</arg>
<arg>Setup Order Suite</arg>
<doc>Executes all the given keywords in a sequence.</doc>
<status status="FAIL" start="2026-02-20T13:24:27.824690" elapsed="2.049048">Dictionary does not contain key 'restaurant_id'.</status>
</kw>
<test id="s1-s3-s1-t1" name="RF-ORDER-01 View Orders By Restaurant Returns 200" line="16">
<doc>Positive: Get orders by restaurant returns 200 OK.</doc>
<tag>order</tag>
<tag>positive</tag>
<tag>restaurant_orders</tag>
<status status="FAIL" start="2026-02-20T13:24:29.873738" elapsed="0.000000">Parent suite setup failed:
Dictionary does not contain key 'restaurant_id'.</status>
</test>
<test id="s1-s3-s1-t2" name="RF-ORDER-02 Orders By Restaurant Returns A List" line="22">
<doc>Positive: Response is a list.</doc>
<tag>order</tag>
<tag>positive</tag>
<tag>restaurant_orders</tag>
<status status="FAIL" start="2026-02-20T13:24:29.875243" elapsed="0.000000">Parent suite setup failed:
Dictionary does not contain key 'restaurant_id'.</status>
</test>
<test id="s1-s3-s1-t3" name="RF-ORDER-03 Placed Order Appears In Restaurant Order List" line="29">
<doc>Positive: After placing order, it appears under the restaurant.</doc>
<tag>order</tag>
<tag>positive</tag>
<tag>restaurant_orders</tag>
<status status="FAIL" start="2026-02-20T13:24:29.876254" elapsed="0.000000">Parent suite setup failed:
Dictionary does not contain key 'restaurant_id'.</status>
</test>
<test id="s1-s3-s1-t4" name="RF-ORDER-04 New Restaurant Has Empty Orders List" line="38">
<doc>Positive: Newly registered restaurant with no orders returns empty list.</doc>
<tag>order</tag>
<tag>positive</tag>
<tag>restaurant_orders</tag>
<status status="FAIL" start="2026-02-20T13:24:29.877255" elapsed="0.000998">Parent suite setup failed:
Dictionary does not contain key 'restaurant_id'.</status>
</test>
<test id="s1-s3-s1-t5" name="RF-ORDER-05 Restaurant Orders Only Contains Own Orders" line="49">
<doc>Positive: Each order in list belongs to this restaurant.</doc>
<tag>order</tag>
<tag>positive</tag>
<tag>restaurant_orders</tag>
<status status="FAIL" start="2026-02-20T13:24:29.879252" elapsed="0.000000">Parent suite setup failed:
Dictionary does not contain key 'restaurant_id'.</status>
</test>
<test id="s1-s3-s1-t6" name="RF-ORDER-06 View Orders By User Returns 200" line="63">
<doc>Positive: Get orders by user returns 200 OK.</doc>
<tag>order</tag>
<tag>positive</tag>
<tag>user_orders</tag>
<status status="FAIL" start="2026-02-20T13:24:29.880251" elapsed="0.000000">Parent suite setup failed:
Dictionary does not contain key 'restaurant_id'.</status>
</test>
<test id="s1-s3-s1-t7" name="RF-ORDER-07 Orders By User Returns A List" line="69">
<doc>Positive: Response is a list.</doc>
<tag>order</tag>
<tag>positive</tag>
<tag>user_orders</tag>
<status status="FAIL" start="2026-02-20T13:24:29.881251" elapsed="0.000000">Parent suite setup failed:
Dictionary does not contain key 'restaurant_id'.</status>
</test>
<test id="s1-s3-s1-t8" name="RF-ORDER-08 Placed Order Appears In User Order List" line="76">
<doc>Positive: After placing order, it appears in user's list.</doc>
<tag>order</tag>
<tag>positive</tag>
<tag>user_orders</tag>
<status status="FAIL" start="2026-02-20T13:24:29.882433" elapsed="0.000000">Parent suite setup failed:
Dictionary does not contain key 'restaurant_id'.</status>
</test>
<test id="s1-s3-s1-t9" name="RF-ORDER-09 New User Has Empty Orders List" line="85">
<doc>Positive: User with no orders returns empty list.</doc>
<tag>order</tag>
<tag>positive</tag>
<tag>user_orders</tag>
<status status="FAIL" start="2026-02-20T13:24:29.883434" elapsed="0.000994">Parent suite setup failed:
Dictionary does not contain key 'restaurant_id'.</status>
</test>
<test id="s1-s3-s1-t10" name="RF-ORDER-10 User Can Place Multiple Orders" line="95">
<doc>Positive: User can place multiple orders, all listed.</doc>
<tag>order</tag>
<tag>positive</tag>
<tag>user_orders</tag>
<status status="FAIL" start="2026-02-20T13:24:29.884428" elapsed="0.000000">Parent suite setup failed:
Dictionary does not contain key 'restaurant_id'.</status>
</test>
<test id="s1-s3-s1-t11" name="RF-ORDER-11 User Orders Only Contains Own Orders" line="106">
<doc>Positive: All orders in response belong to this user.</doc>
<tag>order</tag>
<tag>positive</tag>
<tag>user_orders</tag>
<status status="FAIL" start="2026-02-20T13:24:29.885937" elapsed="0.000000">Parent suite setup failed:
Dictionary does not contain key 'restaurant_id'.</status>
</test>
<kw name="Delete Foodie Session" owner="common_keywords" type="TEARDOWN">
<kw name="Delete All Sessions" owner="RequestsLibrary">
<msg time="2026-02-20T13:24:29.887953" level="INFO">Deleting All Sessions</msg>
<doc>Removes all the session objects</doc>
<status status="PASS" start="2026-02-20T13:24:29.886946" elapsed="0.001007"/>
</kw>
<doc>Remove the HTTP session after tests complete.</doc>
<status status="PASS" start="2026-02-20T13:24:29.886946" elapsed="0.001007"/>
</kw>
<status status="FAIL" start="2026-02-20T13:24:27.816663" elapsed="2.071290">Suite setup failed:
Dictionary does not contain key 'restaurant_id'.</status>
</suite>
<status status="FAIL" start="2026-02-20T13:24:27.811634" elapsed="2.078330"/>
</suite>
<suite id="s1-s4" name="Restaurant" source="C:\Users\91934\PycharmProjects\foodie_app\tests\robot\restaurant">
<suite id="s1-s4-s1" name="Test Restaurant" source="C:\Users\91934\PycharmProjects\foodie_app\tests\robot\restaurant\test_restaurant.robot">
<kw name="Create Foodie Session" owner="common_keywords" type="SETUP">
<kw name="Create Session" owner="RequestsLibrary">
<msg time="2026-02-20T13:24:29.907114" level="INFO">Creating Session using : alias=foodie, url=http://localhost:5000, headers={'Content-Type': 'application/json'},                     cookies={}, auth=None, timeout=None, proxies=None, verify=False,                     debug=0 </msg>
<arg>${SESSION_ALIAS}</arg>
<arg>${BASE_URL}</arg>
<arg>headers={"Content-Type": "application/json"}</arg>
<doc>Create Session: create a HTTP session to a server</doc>
<status status="PASS" start="2026-02-20T13:24:29.907114" elapsed="0.000000"/>
</kw>
<doc>Create a reusable HTTP session for all tests.</doc>
<status status="PASS" start="2026-02-20T13:24:29.905608" elapsed="0.001506"/>
</kw>
<test id="s1-s4-s1-t1" name="RF-REST-01 Register Restaurant With Valid Data Returns 201" line="24">
<kw name="Register Restaurant" owner="common_keywords">
<kw name="Create Dictionary" owner="BuiltIn">
<msg time="2026-02-20T13:24:29.909139" level="INFO">&amp;{payload} = { name=RF Test Restaurant | category=Fast Food | location=Chennai RF | contact=9000000001 }</msg>
<var>&amp;{payload}</var>
<arg>name=${name}</arg>
<arg>category=${category}</arg>
<arg>location=${location}</arg>
<arg>contact=${contact}</arg>
<doc>Creates and returns a dictionary based on the given ``items``.</doc>
<status status="PASS" start="2026-02-20T13:24:29.909139" elapsed="0.000000"/>
</kw>
<kw name="POST On Session" owner="RequestsLibrary">
<msg time="2026-02-20T13:24:31.968856" level="INFO">POST Request : url=http://localhost:5000/api/v1/restaurants 
 path_url=/api/v1/restaurants 
 headers={'User-Agent': 'python-requests/2.31.0', 'Accept-Encoding': 'gzip, deflate', 'Accept': '*/*', 'Connection': 'keep-alive', 'Content-Type': 'application/json', 'Content-Length': '106'} 
 body=b'{"name": "RF Test Restaurant", "category": "Fast Food", "location": "Chennai RF", "contact": "9000000001"}' 
 </msg>
<msg time="2026-02-20T13:24:31.968856" level="INFO">POST Response : url=http://localhost:5000/api/v1/restaurants 
 status=409, reason=CONFLICT 
 headers={'Server': 'Werkzeug/3.1.6 Python/3.12.3', 'Date': 'Fri, 20 Feb 2026 07:54:31 GMT', 'Content-Type': 'application/json', 'Content-Length': '60', 'Connection': 'close'} 
 body={
  "error": "Restaurant already exists at this location"
}
 
 </msg>
<msg time="2026-02-20T13:24:31.968856" level="INFO">${response} = &lt;Response [409]&gt;</msg>
<var>${response}</var>
<arg>${SESSION_ALIAS}</arg>
<arg>/api/v1/restaurants</arg>
<arg>json=${payload}</arg>
<arg>expected_status=any</arg>
<doc>Sends a POST request on a previously created HTTP Session.</doc>
<status status="PASS" start="2026-02-20T13:24:29.910131" elapsed="2.058725"/>
</kw>
<return>
<value>${response}</value>
<status status="PASS" start="2026-02-20T13:24:31.968856" elapsed="0.000000"/>
</return>
<msg time="2026-02-20T13:24:31.969861" level="INFO">${response} = &lt;Response [409]&gt;</msg>
<var>${response}</var>
<arg>name=${REST_NAME}</arg>
<arg>category=${REST_CATEGORY}</arg>
<arg>location=${REST_LOCATION}</arg>
<arg>contact=${REST_CONTACT}</arg>
<doc>POST /api/v1/restaurants and return response.</doc>
<status status="PASS" start="2026-02-20T13:24:29.908124" elapsed="2.061737"/>
</kw>
<kw name="Response Status Should Be" owner="common_keywords">
<kw name="Should Be Equal As Integers" owner="BuiltIn">
<msg time="2026-02-20T13:24:31.970854" level="INFO">Argument types are:
&lt;class 'int'&gt;
&lt;class 'str'&gt;</msg>
<msg time="2026-02-20T13:24:31.970854" level="FAIL">409 != 201</msg>
<arg>${response.status_code}</arg>
<arg>${expected_status}</arg>
<doc>Fails if objects are unequal after converting them to integers.</doc>
<status status="FAIL" start="2026-02-20T13:24:31.969861" elapsed="0.000993">409 != 201</status>
</kw>
<arg>${response}</arg>
<arg>201</arg>
<status status="FAIL" start="2026-02-20T13:24:31.969861" elapsed="0.000993">409 != 201</status>
</kw>
<kw name="Response Should Contain Key" owner="common_keywords">
<arg>${response}</arg>
<arg>restaurant_id</arg>
<status status="NOT RUN" start="2026-02-20T13:24:31.972866" elapsed="0.000000"/>
</kw>
<kw name="Response Should Contain Key" owner="common_keywords">
<arg>${response}</arg>
<arg>name</arg>
<status status="NOT RUN" start="2026-02-20T13:24:31.972866" elapsed="0.000000"/>
</kw>
<doc>Positive: Register valid restaurant returns 201 Created.</doc>
<tag>positive</tag>
<tag>register</tag>
<tag>restaurant</tag>
<status status="FAIL" start="2026-02-20T13:24:29.907114" elapsed="2.066748">409 != 201</status>
</test>
<test id="s1-s4-s1-t2" name="RF-REST-02 Register Restaurant Response Contains Correct Name" line="34">
<kw name="Register Restaurant" owner="common_keywords">
<kw name="Create Dictionary" owner="BuiltIn">
<msg time="2026-02-20T13:24:31.976382" level="INFO">&amp;{payload} = { name=Name Check Restaurant | category=Test | location=Test City | contact=1111111111 }</msg>
<var>&amp;{payload}</var>
<arg>name=${name}</arg>
<arg>category=${category}</arg>
<arg>location=${location}</arg>
<arg>contact=${contact}</arg>
<doc>Creates and returns a dictionary based on the given ``items``.</doc>
<status status="PASS" start="2026-02-20T13:24:31.976382" elapsed="0.000000"/>
</kw>
<kw name="POST On Session" owner="RequestsLibrary">
<msg time="2026-02-20T13:24:34.024336" level="INFO">POST Request : url=http://localhost:5000/api/v1/restaurants 
 path_url=/api/v1/restaurants 
 headers={'User-Agent': 'python-requests/2.31.0', 'Accept-Encoding': 'gzip, deflate', 'Accept': '*/*', 'Connection': 'keep-alive', 'Content-Type': 'application/json', 'Content-Length': '103'} 
 body=b'{"name": "Name Check Restaurant", "category": "Test", "location": "Test City", "contact": "1111111111"}' 
 </msg>
<msg time="2026-02-20T13:24:34.025348" level="INFO">POST Response : url=http://localhost:5000/api/v1/restaurants 
 status=409, reason=CONFLICT 
 headers={'Server': 'Werkzeug/3.1.6 Python/3.12.3', 'Date': 'Fri, 20 Feb 2026 07:54:34 GMT', 'Content-Type': 'application/json', 'Content-Length': '60', 'Connection': 'close'} 
 body={
  "error": "Restaurant already exists at this location"
}
 
 </msg>
<msg time="2026-02-20T13:24:34.025348" level="INFO">${response} = &lt;Response [409]&gt;</msg>
<var>${response}</var>
<arg>${SESSION_ALIAS}</arg>
<arg>/api/v1/restaurants</arg>
<arg>json=${payload}</arg>
<arg>expected_status=any</arg>
<doc>Sends a POST request on a previously created HTTP Session.</doc>
<status status="PASS" start="2026-02-20T13:24:31.976382" elapsed="2.048966"/>
</kw>
<return>
<value>${response}</value>
<status status="PASS" start="2026-02-20T13:24:34.025348" elapsed="0.000000"/>
</return>
<msg time="2026-02-20T13:24:34.025348" level="INFO">${response} = &lt;Response [409]&gt;</msg>
<var>${response}</var>
<arg>name=Name Check Restaurant</arg>
<arg>category=Test</arg>
<arg>location=Test City</arg>
<arg>contact=1111111111</arg>
<doc>POST /api/v1/restaurants and return response.</doc>
<status status="PASS" start="2026-02-20T13:24:31.974865" elapsed="2.050483"/>
</kw>
<kw name="Response Status Should Be" owner="common_keywords">
<kw name="Should Be Equal As Integers" owner="BuiltIn">
<msg time="2026-02-20T13:24:34.026354" level="INFO">Argument types are:
&lt;class 'int'&gt;
&lt;class 'str'&gt;</msg>
<msg time="2026-02-20T13:24:34.027367" level="FAIL">409 != 201</msg>
<arg>${response.status_code}</arg>
<arg>${expected_status}</arg>
<doc>Fails if objects are unequal after converting them to integers.</doc>
<status status="FAIL" start="2026-02-20T13:24:34.026354" elapsed="0.001013">409 != 201</status>
</kw>
<arg>${response}</arg>
<arg>201</arg>
<status status="FAIL" start="2026-02-20T13:24:34.026354" elapsed="0.001013">409 != 201</status>
</kw>
<kw name="Extract Field From Response" owner="common_keywords">
<var>${name}</var>
<arg>${response}</arg>
<arg>name</arg>
<status status="NOT RUN" start="2026-02-20T13:24:34.028356" elapsed="0.000000"/>
</kw>
<kw name="Should Be Equal" owner="BuiltIn">
<arg>${name}</arg>
<arg>Name Check Restaurant</arg>
<doc>Fails if the given objects are unequal.</doc>
<status status="NOT RUN" start="2026-02-20T13:24:34.028356" elapsed="0.001011"/>
</kw>
<doc>Positive: Registered restaurant name matches input.</doc>
<tag>positive</tag>
<tag>register</tag>
<tag>restaurant</tag>
<status status="FAIL" start="2026-02-20T13:24:31.974865" elapsed="2.054502">409 != 201</status>
</test>
<test id="s1-s4-s1-t3" name="RF-REST-03 Register Restaurant Status Is Pending" line="43">
<kw name="Register Restaurant" owner="common_keywords">
<kw name="Create Dictionary" owner="BuiltIn">
<msg time="2026-02-20T13:24:34.031356" level="INFO">&amp;{payload} = { name=Pending Status Test | category=Cafe | location=Mumbai RF | contact=2222222222 }</msg>
<var>&amp;{payload}</var>
<arg>name=${name}</arg>
<arg>category=${category}</arg>
<arg>location=${location}</arg>
<arg>contact=${contact}</arg>
<doc>Creates and returns a dictionary based on the given ``items``.</doc>
<status status="PASS" start="2026-02-20T13:24:34.031356" elapsed="0.000000"/>
</kw>
<kw name="POST On Session" owner="RequestsLibrary">
<msg time="2026-02-20T13:24:36.072520" level="INFO">POST Request : url=http://localhost:5000/api/v1/restaurants 
 path_url=/api/v1/restaurants 
[...]
</kw>
<kw name="Set Test Variable" owner="BuiltIn">
<arg>${ORDER_USER_ID}</arg>
<arg>${uid}</arg>
<doc>Makes a variable available everywhere within the scope of the current test.</doc>
<status status="NOT RUN" start="2026-02-20T13:25:35.603148" elapsed="0.000000"/>
</kw>
<doc>Create restaurant, approve, add dish, register user for ordering.</doc>
<status status="FAIL" start="2026-02-20T13:25:33.559883" elapsed="2.043265">Dictionary does not contain key 'restaurant_id'.</status>
</kw>
<kw name="Create List" owner="BuiltIn">
<var>@{dishes}</var>
<arg>${ORDER_DISH_ID}</arg>
<doc>Returns a list containing given items.</doc>
<status status="NOT RUN" start="2026-02-20T13:25:35.603148" elapsed="0.000000"/>
</kw>
<kw name="Place Order" owner="common_keywords">
<var>${order_resp}</var>
<arg>${ORDER_USER_ID}</arg>
<arg>${ORDER_REST_ID}</arg>
<arg>${dishes}</arg>
<status status="NOT RUN" start="2026-02-20T13:25:35.603148" elapsed="0.000000"/>
</kw>
<kw name="Extract Field From Response" owner="common_keywords">
<var>${oid}</var>
<arg>${order_resp}</arg>
<arg>order_id</arg>
<status status="NOT RUN" start="2026-02-20T13:25:35.603148" elapsed="0.001008"/>
</kw>
<kw name="Set Test Variable" owner="BuiltIn">
<arg>${PLACED_ORDER_ID}</arg>
<arg>${oid}</arg>
<doc>Makes a variable available everywhere within the scope of the current test.</doc>
<status status="NOT RUN" start="2026-02-20T13:25:35.604156" elapsed="0.000000"/>
</kw>
<doc>Full setup: create restaurant, dish, user, and place one order.</doc>
<status status="FAIL" start="2026-02-20T13:25:33.559883" elapsed="2.044273">Dictionary does not contain key 'restaurant_id'.</status>
</kw>
<doc>Positive: Give rating 1-5 with comment returns 201.</doc>
<tag>positive</tag>
<tag>rating</tag>
<tag>user</tag>
<status status="FAIL" start="2026-02-20T13:25:33.558873" elapsed="2.045283">Setup failed:
Dictionary does not contain key 'restaurant_id'.</status>
</test>
<test id="s1-s5-s1-t15" name="RF-USER-15 Rating Above 5 Returns 400" line="153">
<kw name="Setup Order And Place It" type="SETUP">
<kw name="Setup Order Prerequisites">
<kw name="Register Restaurant" owner="common_keywords">
<kw name="Create Dictionary" owner="BuiltIn">
<msg time="2026-02-20T13:25:35.607154" level="INFO">&amp;{payload} = { name=RF Order Prereq Rest | category=Test | location=Order City | contact=7070707070 }</msg>
<var>&amp;{payload}</var>
<arg>name=${name}</arg>
<arg>category=${category}</arg>
<arg>location=${location}</arg>
<arg>contact=${contact}</arg>
<doc>Creates and returns a dictionary based on the given ``items``.</doc>
<status status="PASS" start="2026-02-20T13:25:35.606156" elapsed="0.000998"/>
</kw>
<kw name="POST On Session" owner="RequestsLibrary">
<msg time="2026-02-20T13:25:37.640478" level="INFO">POST Request : url=http://localhost:5000/api/v1/restaurants 
 path_url=/api/v1/restaurants 
 headers={'User-Agent': 'python-requests/2.31.0', 'Accept-Encoding': 'gzip, deflate', 'Accept': '*/*', 'Connection': 'keep-alive', 'Content-Type': 'application/json', 'Content-Length': '103'} 
 body=b'{"name": "RF Order Prereq Rest", "category": "Test", "location": "Order City", "contact": "7070707070"}' 
 </msg>
<msg time="2026-02-20T13:25:37.640478" level="INFO">POST Response : url=http://localhost:5000/api/v1/restaurants 
 status=409, reason=CONFLICT 
 headers={'Server': 'Werkzeug/3.1.6 Python/3.12.3', 'Date': 'Fri, 20 Feb 2026 07:55:37 GMT', 'Content-Type': 'application/json', 'Content-Length': '60', 'Connection': 'close'} 
 body={
  "error": "Restaurant already exists at this location"
}
 
 </msg>
<msg time="2026-02-20T13:25:37.641471" level="INFO">${response} = &lt;Response [409]&gt;</msg>
<var>${response}</var>
<arg>${SESSION_ALIAS}</arg>
<arg>/api/v1/restaurants</arg>
<arg>json=${payload}</arg>
<arg>expected_status=any</arg>
<doc>Sends a POST request on a previously created HTTP Session.</doc>
<status status="PASS" start="2026-02-20T13:25:35.607154" elapsed="2.034317"/>
</kw>
<return>
<value>${response}</value>
<status status="PASS" start="2026-02-20T13:25:37.641471" elapsed="0.000000"/>
</return>
<msg time="2026-02-20T13:25:37.641471" level="INFO">${reg_resp} = &lt;Response [409]&gt;</msg>
<var>${reg_resp}</var>
<arg>name=RF Order Prereq Rest</arg>
<arg>category=Test</arg>
<arg>location=Order City</arg>
<arg>contact=7070707070</arg>
<doc>POST /api/v1/restaurants and return response.</doc>
<status status="PASS" start="2026-02-20T13:25:35.606156" elapsed="2.035315"/>
</kw>
<kw name="Extract Field From Response" owner="common_keywords">
<kw name="Set Variable" owner="BuiltIn">
<msg time="2026-02-20T13:25:37.642470" level="INFO">${body} = {'error': 'Restaurant already exists at this location'}</msg>
<var>${body}</var>
<arg>${response.json()}</arg>
<doc>Returns the given values which can then be assigned to a variables.</doc>
<status status="PASS" start="2026-02-20T13:25:37.641471" elapsed="0.000999"/>
</kw>
<kw name="Get From Dictionary" owner="Collections">
<msg time="2026-02-20T13:25:37.642470" level="FAIL">Dictionary does not contain key 'restaurant_id'.</msg>
<var>${value}</var>
<arg>${body}</arg>
<arg>${field}</arg>
<doc>Returns a value from the given ``dictionary`` based on the given ``key``.</doc>
<status status="FAIL" start="2026-02-20T13:25:37.642470" elapsed="0.000000">Dictionary does not contain key 'restaurant_id'.</status>
</kw>
<return>
<value>${value}</value>
<status status="NOT RUN" start="2026-02-20T13:25:37.642470" elapsed="0.000000"/>
</return>
<var>${rid}</var>
<arg>${reg_resp}</arg>
<arg>restaurant_id</arg>
<status status="FAIL" start="2026-02-20T13:25:37.641471" elapsed="0.000999">Dictionary does not contain key 'restaurant_id'.</status>
</kw>
<kw name="Admin Approve Restaurant" owner="common_keywords">
<arg>${rid}</arg>
<status status="NOT RUN" start="2026-02-20T13:25:37.642470" elapsed="0.000000"/>
</kw>
<kw name="Create Dictionary" owner="BuiltIn">
<var>&amp;{dish_payload}</var>
<arg>name=RF Order Dish</arg>
<arg>type=Veg</arg>
<arg>price=${100}</arg>
<doc>Creates and returns a dictionary based on the given ``items``.</doc>
<status status="NOT RUN" start="2026-02-20T13:25:37.642470" elapsed="0.000000"/>
</kw>
<kw name="Add Dish" owner="common_keywords">
<var>${dish_resp}</var>
<arg>${rid}</arg>
<arg>${dish_payload}</arg>
<status status="NOT RUN" start="2026-02-20T13:25:37.642470" elapsed="0.000000"/>
</kw>
<kw name="Extract Field From Response" owner="common_keywords">
<var>${did}</var>
<arg>${dish_resp}</arg>
<arg>dish_id</arg>
<status status="NOT RUN" start="2026-02-20T13:25:37.642470" elapsed="0.000000"/>
</kw>
<kw name="Register User" owner="common_keywords">
<var>${user_resp}</var>
<arg>RF Order User</arg>
<arg>rforderuser@example.com</arg>
<arg>Order@RF123</arg>
<status status="NOT RUN" start="2026-02-20T13:25:37.643472" elapsed="0.000000"/>
</kw>
<kw name="Extract Field From Response" owner="common_keywords">
<var>${uid}</var>
<arg>${user_resp}</arg>
<arg>user_id</arg>
<status status="NOT RUN" start="2026-02-20T13:25:37.643472" elapsed="0.000000"/>
</kw>
<kw name="Set Test Variable" owner="BuiltIn">
<arg>${ORDER_REST_ID}</arg>
<arg>${rid}</arg>
<doc>Makes a variable available everywhere within the scope of the current test.</doc>
<status status="NOT RUN" start="2026-02-20T13:25:37.643472" elapsed="0.000000"/>
</kw>
<kw name="Set Test Variable" owner="BuiltIn">
<arg>${ORDER_DISH_ID}</arg>
<arg>${did}</arg>
<doc>Makes a variable available everywhere within the scope of the current test.</doc>
<status status="NOT RUN" start="2026-02-20T13:25:37.643472" elapsed="0.000000"/>
</kw>
<kw name="Set Test Variable" owner="BuiltIn">
<arg>${ORDER_USER_ID}</arg>
<arg>${uid}</arg>
<doc>Makes a variable available everywhere within the scope of the current test.</doc>
<status status="NOT RUN" start="2026-02-20T13:25:37.643472" elapsed="0.000000"/>
</kw>
<doc>Create restaurant, approve, add dish, register user for ordering.</doc>
<status status="FAIL" start="2026-02-20T13:25:35.606156" elapsed="2.037316">Dictionary does not contain key 'restaurant_id'.</status>
</kw>
<kw name="Create List" owner="BuiltIn">
<var>@{dishes}</var>
<arg>${ORDER_DISH_ID}</arg>
<doc>Returns a list containing given items.</doc>
<status status="NOT RUN" start="2026-02-20T13:25:37.643472" elapsed="0.000000"/>
</kw>
<kw name="Place Order" owner="common_keywords">
<var>${order_resp}</var>
<arg>${ORDER_USER_ID}</arg>
<arg>${ORDER_REST_ID}</arg>
<arg>${dishes}</arg>
<status status="NOT RUN" start="2026-02-20T13:25:37.643472" elapsed="0.000000"/>
</kw>
<kw name="Extract Field From Response" owner="common_keywords">
<var>${oid}</var>
<arg>${order_resp}</arg>
<arg>order_id</arg>
<status status="NOT RUN" start="2026-02-20T13:25:37.643472" elapsed="0.000000"/>
</kw>
<kw name="Set Test Variable" owner="BuiltIn">
<arg>${PLACED_ORDER_ID}</arg>
<arg>${oid}</arg>
<doc>Makes a variable available everywhere within the scope of the current test.</doc>
<status status="NOT RUN" start="2026-02-20T13:25:37.643472" elapsed="0.000000"/>
</kw>
<doc>Full setup: create restaurant, dish, user, and place one order.</doc>
<status status="FAIL" start="2026-02-20T13:25:35.605156" elapsed="2.038316">Dictionary does not contain key 'restaurant_id'.</status>
</kw>
<doc>Negative: Rating value 6 returns 400 Bad Request.</doc>
<tag>negative</tag>
<tag>rating</tag>
<tag>user</tag>
<status status="FAIL" start="2026-02-20T13:25:35.605156" elapsed="2.039325">Setup failed:
Dictionary does not contain key 'restaurant_id'.</status>
</test>
<test id="s1-s5-s1-t16" name="RF-USER-16 Rating Missing Comment Returns 400" line="160">
<kw name="Setup Order And Place It" type="SETUP">
<kw name="Setup Order Prerequisites">
<kw name="Register Restaurant" owner="common_keywords">
<kw name="Create Dictionary" owner="BuiltIn">
<msg time="2026-02-20T13:25:37.646979" level="INFO">&amp;{payload} = { name=RF Order Prereq Rest | category=Test | location=Order City | contact=7070707070 }</msg>
<var>&amp;{payload}</var>
<arg>name=${name}</arg>
<arg>category=${category}</arg>
<arg>location=${location}</arg>
<arg>contact=${contact}</arg>
<doc>Creates and returns a dictionary based on the given ``items``.</doc>
<status status="PASS" start="2026-02-20T13:25:37.646979" elapsed="0.001004"/>
</kw>
<kw name="POST On Session" owner="RequestsLibrary">
<msg time="2026-02-20T13:25:39.693873" level="INFO">POST Request : url=http://localhost:5000/api/v1/restaurants 
 path_url=/api/v1/restaurants 
 headers={'User-Agent': 'python-requests/2.31.0', 'Accept-Encoding': 'gzip, deflate', 'Accept': '*/*', 'Connection': 'keep-alive', 'Content-Type': 'application/json', 'Content-Length': '103'} 
 body=b'{"name": "RF Order Prereq Rest", "category": "Test", "location": "Order City", "contact": "7070707070"}' 
 </msg>
<msg time="2026-02-20T13:25:39.693873" level="INFO">POST Response : url=http://localhost:5000/api/v1/restaurants 
 status=409, reason=CONFLICT 
 headers={'Server': 'Werkzeug/3.1.6 Python/3.12.3', 'Date': 'Fri, 20 Feb 2026 07:55:39 GMT', 'Content-Type': 'application/json', 'Content-Length': '60', 'Connection': 'close'} 
 body={
  "error": "Restaurant already exists at this location"
}
 
 </msg>
<msg time="2026-02-20T13:25:39.693873" level="INFO">${response} = &lt;Response [409]&gt;</msg>
<var>${response}</var>
<arg>${SESSION_ALIAS}</arg>
<arg>/api/v1/restaurants</arg>
<arg>json=${payload}</arg>
<arg>expected_status=any</arg>
<doc>Sends a POST request on a previously created HTTP Session.</doc>
<status status="PASS" start="2026-02-20T13:25:37.647983" elapsed="2.045890"/>
</kw>
<return>
<value>${response}</value>
<status status="PASS" start="2026-02-20T13:25:39.693873" elapsed="0.000000"/>
</return>
<msg time="2026-02-20T13:25:39.694875" level="INFO">${reg_resp} = &lt;Response [409]&gt;</msg>
<var>${reg_resp}</var>
<arg>name=RF Order Prereq Rest</arg>
<arg>category=Test</arg>
<arg>location=Order City</arg>
<arg>contact=7070707070</arg>
<doc>POST /api/v1/restaurants and return response.</doc>
<status status="PASS" start="2026-02-20T13:25:37.646979" elapsed="2.047896"/>
</kw>
<kw name="Extract Field From Response" owner="common_keywords">
<kw name="Set Variable" owner="BuiltIn">
<msg time="2026-02-20T13:25:39.694875" level="INFO">${body} = {'error': 'Restaurant already exists at this location'}</msg>
<var>${body}</var>
<arg>${response.json()}</arg>
<doc>Returns the given values which can then be assigned to a variables.</doc>
<status status="PASS" start="2026-02-20T13:25:39.694875" elapsed="0.000000"/>
</kw>
<kw name="Get From Dictionary" owner="Collections">
<msg time="2026-02-20T13:25:39.695874" level="FAIL">Dictionary does not contain key 'restaurant_id'.</msg>
<var>${value}</var>
<arg>${body}</arg>
<arg>${field}</arg>
<doc>Returns a value from the given ``dictionary`` based on the given ``key``.</doc>
<status status="FAIL" start="2026-02-20T13:25:39.695874" elapsed="0.000000">Dictionary does not contain key 'restaurant_id'.</status>
</kw>
<return>
<value>${value}</value>
<status status="NOT RUN" start="2026-02-20T13:25:39.695874" elapsed="0.000000"/>
</return>
<var>${rid}</var>
<arg>${reg_resp}</arg>
<arg>restaurant_id</arg>
<status status="FAIL" start="2026-02-20T13:25:39.694875" elapsed="0.000999">Dictionary does not contain key 'restaurant_id'.</status>
</kw>
<kw name="Admin Approve Restaurant" owner="common_keywords">
<arg>${rid}</arg>
<status status="NOT RUN" start="2026-02-20T13:25:39.695874" elapsed="0.000000"/>
</kw>
<kw name="Create Dictionary" owner="BuiltIn">
<var>&amp;{dish_payload}</var>
<arg>name=RF Order Dish</arg>
<arg>type=Veg</arg>
<arg>price=${100}</arg>
<doc>Creates and returns a dictionary based on the given ``items``.</doc>
<status status="NOT RUN" start="2026-02-20T13:25:39.695874" elapsed="0.000000"/>
</kw>
<kw name="Add Dish" owner="common_keywords">
<var>${dish_resp}</var>
<arg>${rid}</arg>
<arg>${dish_payload}</arg>
<status status="NOT RUN" start="2026-02-20T13:25:39.695874" elapsed="0.000000"/>
</kw>
<kw name="Extract Field From Response" owner="common_keywords">
<var>${did}</var>
<arg>${dish_resp}</arg>
<arg>dish_id</arg>
<status status="NOT RUN" start="2026-02-20T13:25:39.695874" elapsed="0.000000"/>
</kw>
<kw name="Register User" owner="common_keywords">
<var>${user_resp}</var>
<arg>RF Order User</arg>
<arg>rforderuser@example.com</arg>
<arg>Order@RF123</arg>
<status status="NOT RUN" start="2026-02-20T13:25:39.695874" elapsed="0.000000"/>
</kw>
<kw name="Extract Field From Response" owner="common_keywords">
<var>${uid}</var>
<arg>${user_resp}</arg>
<arg>user_id</arg>
<status status="NOT RUN" start="2026-02-20T13:25:39.696883" elapsed="0.000000"/>
</kw>
<kw name="Set Test Variable" owner="BuiltIn">
<arg>${ORDER_REST_ID}</arg>
<arg>${rid}</arg>
<doc>Makes a variable available everywhere within the scope of the current test.</doc>
<status status="NOT RUN" start="2026-02-20T13:25:39.696883" elapsed="0.000000"/>
</kw>
<kw name="Set Test Variable" owner="BuiltIn">
<arg>${ORDER_DISH_ID}</arg>
<arg>${did}</arg>
<doc>Makes a variable available everywhere within the scope of the current test.</doc>
<status status="NOT RUN" start="2026-02-20T13:25:39.696883" elapsed="0.000000"/>
</kw>
<kw name="Set Test Variable" owner="BuiltIn">
<arg>${ORDER_USER_ID}</arg>
<arg>${uid}</arg>
<doc>Makes a variable available everywhere within the scope of the current test.</doc>
<status status="NOT RUN" start="2026-02-20T13:25:39.696883" elapsed="0.000000"/>
</kw>
<doc>Create restaurant, approve, add dish, register user for ordering.</doc>
<status status="FAIL" start="2026-02-20T13:25:37.645473" elapsed="2.051410">Dictionary does not contain key 'restaurant_id'.</status>
</kw>
<kw name="Create List" owner="BuiltIn">
<var>@{dishes}</var>
<arg>${ORDER_DISH_ID}</arg>
<doc>Returns a list containing given items.</doc>
<status status="NOT RUN" start="2026-02-20T13:25:39.696883" elapsed="0.000000"/>
</kw>
<kw name="Place Order" owner="common_keywords">
<var>${order_resp}</var>
<arg>${ORDER_USER_ID}</arg>
<arg>${ORDER_REST_ID}</arg>
<arg>${dishes}</arg>
<status status="NOT RUN" start="2026-02-20T13:25:39.696883" elapsed="0.000000"/>
</kw>
<kw name="Extract Field From Response" owner="common_keywords">
<var>${oid}</var>
<arg>${order_resp}</arg>
<arg>order_id</arg>
<status status="NOT RUN" start="2026-02-20T13:25:39.696883" elapsed="0.000000"/>
</kw>
<kw name="Set Test Variable" owner="BuiltIn">
<arg>${PLACED_ORDER_ID}</arg>
<arg>${oid}</arg>
<doc>Makes a variable available everywhere within the scope of the current test.</doc>
<status status="NOT RUN" start="2026-02-20T13:25:39.696883" elapsed="0.000000"/>
</kw>
<doc>Full setup: create restaurant, dish, user, and place one order.</doc>
<status status="FAIL" start="2026-02-20T13:25:37.645473" elapsed="2.051410">Dictionary does not contain key 'restaurant_id'.</status>
</kw>
<doc>Negative: Missing comment returns 400 Bad Request.</doc>
<tag>negative</tag>
<tag>rating</tag>
<tag>user</tag>
<status status="FAIL" start="2026-02-20T13:25:37.645473" elapsed="2.051410">Setup failed:
Dictionary does not contain key 'restaurant_id'.</status>
</test>
<kw name="Delete Foodie Session" owner="common_keywords" type="TEARDOWN">
<kw name="Delete All Sessions" owner="RequestsLibrary">
<msg time="2026-02-20T13:25:39.699412" level="INFO">Deleting All Sessions</msg>
<doc>Removes all the session objects</doc>
<status status="PASS" start="2026-02-20T13:25:39.699412" elapsed="0.000000"/>
</kw>
<doc>Remove the HTTP session after tests complete.</doc>
<status status="PASS" start="2026-02-20T13:25:39.699412" elapsed="0.001009"/>
</kw>
<status status="FAIL" start="2026-02-20T13:25:02.766582" elapsed="36.933839"/>
</suite>
<status status="FAIL" start="2026-02-20T13:25:02.765570" elapsed="36.935836"/>
</suite>
<status status="FAIL" start="2026-02-20T13:24:02.625328" elapsed="97.077072"/>
</suite>
<statistics>
<total>
<stat pass="21" fail="44" skip="0">All Tests</stat>
</total>
<tag>
<stat pass="0" fail="5" skip="0">add</stat>
<stat pass="6" fail="5" skip="0">admin</stat>
<stat pass="1" fail="3" skip="0">approve</stat>
<stat pass="0" fail="3" skip="0">delete</stat>
<stat pass="2" fail="4" skip="0">disable</stat>
<stat pass="0" fail="14" skip="0">dish</stat>
<stat pass="2" fail="0" skip="0">feedback</stat>
<stat pass="11" fail="11" skip="0">negative</stat>
<stat pass="1" fail="14" skip="0">order</stat>
<stat pass="2" fail="0" skip="0">orders</stat>
<stat pass="10" fail="33" skip="0">positive</stat>
<stat pass="0" fail="3" skip="0">rating</stat>
<stat pass="6" fail="5" skip="0">register</stat>
<stat pass="7" fail="6" skip="0">restaurant</stat>
<stat pass="0" fail="5" skip="0">restaurant_orders</stat>
<stat pass="4" fail="0" skip="0">search</stat>
<stat pass="1" fail="0" skip="0">security</stat>
<stat pass="0" fail="4" skip="0">status</stat>
<stat pass="2" fail="2" skip="0">update</stat>
<stat pass="8" fail="8" skip="0">user</stat>
<stat pass="0" fail="6" skip="0">user_orders</stat>
<stat pass="1" fail="1" skip="0">view</stat>
</tag>
<suite>
<stat pass="21" fail="44" skip="0" id="s1" name="Robot">Robot</stat>
<stat pass="6" fail="5" skip="0" id="s1-s1" name="Admin">Robot.Admin</stat>
<stat pass="6" fail="5" skip="0" id="s1-s1-s1" name="Test Admin">Robot.Admin.Test Admin</stat>
<stat pass="0" fail="14" skip="0" id="s1-s2" name="Dish">Robot.Dish</stat>
<stat pass="0" fail="14" skip="0" id="s1-s2-s1" name="Test Dish">Robot.Dish.Test Dish</stat>
<stat pass="0" fail="11" skip="0" id="s1-s3" name="Order">Robot.Order</stat>
<stat pass="0" fail="11" skip="0" id="s1-s3-s1" name="Test Order">Robot.Order.Test Order</stat>
<stat pass="7" fail="6" skip="0" id="s1-s4" name="Restaurant">Robot.Restaurant</stat>
<stat pass="7" fail="6" skip="0" id="s1-s4-s1" name="Test Restaurant">Robot.Restaurant.Test Restaurant</stat>
<stat pass="8" fail="8" skip="0" id="s1-s5" name="User">Robot.User</stat>
<stat pass="8" fail="8" skip="0" id="s1-s5-s1" name="Test User">Robot.User.Test User</stat>
</suite>
</statistics>
<errors>
</errors>
</robot>
