<?xml version="1.0" encoding="UTF-8"?>
<robot generator="Robot 7.4.1 (Python 3.12.3 on win32)" generated="2026-02-16T17:32:08.134775" rpa="false" schemaversion="5">
<suite id="s1" name="Tests" source="C:\Users\91934\PyCharmMiscProject\Food_app\tests">
<suite id="s1-s1" name="Robot" source="C:\Users\91934\PyCharmMiscProject\Food_app\tests\robot">
<suite id="s1-s1-s1" name="Admin" source="C:\Users\91934\PyCharmMiscProject\Food_app\tests\robot\admin.robot">
<test id="s1-s1-s1-t1" name="Approve Restaurant" line="10">
<kw name="Create Session" owner="RequestsLibrary">
<msg time="2026-02-16T17:32:08.338194" level="INFO">Creating Session using : alias=admin, url=http://127.0.0.1:5000/api/v1/admin, headers={},                     cookies={}, auth=None, timeout=None, proxies=None, verify=False,                     debug=0 </msg>
<arg>admin</arg>
<arg>${BASE_URL}</arg>
<doc>Create Session: create a HTTP session to a server</doc>
<status status="PASS" start="2026-02-16T17:32:08.338194" elapsed="0.000997"/>
</kw>
<kw name="PUT On Session" owner="RequestsLibrary">
<msg time="2026-02-16T17:32:08.349283" level="INFO">PUT Request : url=http://127.0.0.1:5000/api/v1/admin/restaurants/1/approve 
 path_url=/api/v1/admin/restaurants/1/approve 
 headers={'User-Agent': 'python-requests/2.32.5', 'Accept-Encoding': 'gzip, deflate', 'Accept': '*/*', 'Connection': 'keep-alive', 'Content-Length': '0'} 
 body=None 
 </msg>
<msg time="2026-02-16T17:32:08.349283" level="INFO">PUT Response : url=http://127.0.0.1:5000/api/v1/admin/restaurants/1/approve 
 status=200, reason=OK 
 headers={'Server': 'Werkzeug/3.1.5 Python/3.12.3', 'Date': 'Mon, 16 Feb 2026 12:02:08 GMT', 'Content-Type': 'application/json', 'Content-Length': '39', 'Connection': 'close'} 
 body={
  "message": "Restaurant approved"
}
 
 </msg>
<msg time="2026-02-16T17:32:08.350275" level="INFO">${response} = &lt;Response [200]&gt;</msg>
<var>${response}</var>
<arg>admin</arg>
<arg>/restaurants/1/approve</arg>
<doc>Sends a PUT request on a previously created HTTP Session.</doc>
<status status="PASS" start="2026-02-16T17:32:08.339191" elapsed="0.011084"/>
</kw>
<kw name="Should Be True" owner="BuiltIn">
<arg>${response.status_code} == 200 or ${response.status_code} == 404</arg>
<doc>Fails if the given condition is not true.</doc>
<status status="PASS" start="2026-02-16T17:32:08.350787" elapsed="0.003017"/>
</kw>
<status status="PASS" start="2026-02-16T17:32:08.336199" elapsed="0.017605"/>
</test>
<test id="s1-s1-s1-t2" name="Disable Restaurant" line="15">
<kw name="Create Session" owner="RequestsLibrary">
<msg time="2026-02-16T17:32:08.354815" level="INFO">Creating Session using : alias=admin, url=http://127.0.0.1:5000/api/v1/admin, headers={},                     cookies={}, auth=None, timeout=None, proxies=None, verify=False,                     debug=0 </msg>
<arg>admin</arg>
<arg>${BASE_URL}</arg>
<doc>Create Session: create a HTTP session to a server</doc>
<status status="PASS" start="2026-02-16T17:32:08.354815" elapsed="0.000000"/>
</kw>
<kw name="PUT On Session" owner="RequestsLibrary">
<msg time="2026-02-16T17:32:08.363373" level="INFO">PUT Request : url=http://127.0.0.1:5000/api/v1/admin/restaurants/1/disable 
 path_url=/api/v1/admin/restaurants/1/disable 
 headers={'User-Agent': 'python-requests/2.32.5', 'Accept-Encoding': 'gzip, deflate', 'Accept': '*/*', 'Connection': 'keep-alive', 'Content-Length': '0'} 
 body=None 
 </msg>
<msg time="2026-02-16T17:32:08.363373" level="INFO">PUT Response : url=http://127.0.0.1:5000/api/v1/admin/restaurants/1/disable 
 status=200, reason=OK 
 headers={'Server': 'Werkzeug/3.1.5 Python/3.12.3', 'Date': 'Mon, 16 Feb 2026 12:02:08 GMT', 'Content-Type': 'application/json', 'Content-Length': '39', 'Connection': 'close'} 
 body={
  "message": "Restaurant disabled"
}
 
 </msg>
<msg time="2026-02-16T17:32:08.363373" level="INFO">${response} = &lt;Response [200]&gt;</msg>
<var>${response}</var>
<arg>admin</arg>
<arg>/restaurants/1/disable</arg>
<doc>Sends a PUT request on a previously created HTTP Session.</doc>
<status status="PASS" start="2026-02-16T17:32:08.355815" elapsed="0.007558"/>
</kw>
<kw name="Should Be True" owner="BuiltIn">
<arg>${response.status_code} == 200 or ${response.status_code} == 404</arg>
<doc>Fails if the given condition is not true.</doc>
<status status="PASS" start="2026-02-16T17:32:08.363373" elapsed="0.002011"/>
</kw>
<status status="PASS" start="2026-02-16T17:32:08.354815" elapsed="0.011577"/>
</test>
<test id="s1-s1-s1-t3" name="View Feedback" line="20">
<kw name="Create Session" owner="RequestsLibrary">
<msg time="2026-02-16T17:32:08.367383" level="INFO">Creating Session using : alias=admin, url=http://127.0.0.1:5000/api/v1/admin, headers={},                     cookies={}, auth=None, timeout=None, proxies=None, verify=False,                     debug=0 </msg>
<arg>admin</arg>
<arg>${BASE_URL}</arg>
<doc>Create Session: create a HTTP session to a server</doc>
<status status="PASS" start="2026-02-16T17:32:08.367383" elapsed="0.001011"/>
</kw>
<kw name="GET On Session" owner="RequestsLibrary">
<msg time="2026-02-16T17:32:08.375442" level="INFO">GET Request : url=http://127.0.0.1:5000/api/v1/admin/feedback 
 path_url=/api/v1/admin/feedback 
 headers={'User-Agent': 'python-requests/2.32.5', 'Accept-Encoding': 'gzip, deflate', 'Accept': '*/*', 'Connection': 'keep-alive'} 
 body=None 
 </msg>
<msg time="2026-02-16T17:32:08.375442" level="INFO">GET Response : url=http://127.0.0.1:5000/api/v1/admin/feedback 
 status=200, reason=OK 
 headers={'Server': 'Werkzeug/3.1.5 Python/3.12.3', 'Date': 'Mon, 16 Feb 2026 12:02:08 GMT', 'Content-Type': 'application/json', 'Content-Length': '1079', 'Connection': 'close'} 
 body=[
  {
    "comment": "Very tasty biryani!",
    "id": 1,
    "order_id": 2,
    "rating": 5
  },
  {
    "comment": "Excellent!",
    "id": 2,
    "order_id": 1,
    "rating": 5
  },
  {
    "comment": "Excellent!",
    "id": 3,
    "order_id": 1,
    "rating": 5
  },
  {
    "comment": "Excellent!",
    "id": 4,
    "order_id": 1,
    "rating": 5
  },
  {
    "comment": "Excellent",
    "id": 5,
    "order_id": 11,
    "rating": "5"
  },
  {
    "comment": "Very tasty fried rice!",
    "id": 6,
    "order_id": 12,
    "rating": 5
  },
  {
    "comment": "Very tasty fried rice!",
    "id": 7,
    "order_id": 12,
    "rating": 5
  },
  {
    "comment": "Excellent",
    "id": 8,
    "order_id": 15,
    "rating": "5"
  },
  {
    "comment": "Excellent",
    "id": 9,
    "order_id": 17,
    "rating": "5"
  },
  {
    "comment": "Excellent!",
    "id": 10,
    "order_id": 1,
    "rating": 5
  },
  {
    "comment": "Excellent!",
    "id": 11,
    "order_id": 1,
    "rating": 5
  },
  {
    "comment": "Excellent!",
    "id": 12,
    "order_id": 1,
    "rating": 5
  }
]
 
 </msg>
<msg time="2026-02-16T17:32:08.375442" level="INFO">${response} = &lt;Response [200]&gt;</msg>
<var>${response}</var>
<arg>admin</arg>
<arg>/feedback</arg>
<doc>Sends a GET request on a previously created HTTP Session.</doc>
<status status="PASS" start="2026-02-16T17:32:08.368907" elapsed="0.006535"/>
</kw>
<kw name="Should Be Equal As Integers" owner="BuiltIn">
<msg time="2026-02-16T17:32:08.376444" level="INFO">Argument types are:
&lt;class 'int'&gt;
&lt;class 'str'&gt;</msg>
<arg>${response.status_code}</arg>
<arg>200</arg>
<doc>Fails if objects are unequal after converting them to integers.</doc>
<status status="PASS" start="2026-02-16T17:32:08.375442" elapsed="0.001002"/>
</kw>
<kw name="Set Variable" owner="BuiltIn">
<msg time="2026-02-16T17:32:08.378445" level="INFO">${data} = [{'comment': 'Very tasty biryani!', 'id': 1, 'order_id': 2, 'rating': 5}, {'comment': 'Excellent!', 'id': 2, 'order_id': 1, 'rating': 5}, {'comment': 'Excellent!', 'id': 3, 'order_id': 1, 'rating': 5}...</msg>
<var>${data}</var>
<arg>${response.json()}</arg>
<doc>Returns the given values which can then be assigned to a variables.</doc>
<status status="PASS" start="2026-02-16T17:32:08.377442" elapsed="0.001003"/>
</kw>
<kw name="Should Not Be Empty" owner="BuiltIn">
<msg time="2026-02-16T17:32:08.379458" level="INFO">Length is 12.</msg>
<arg>${data}</arg>
<doc>Verifies that the given item is not empty.</doc>
<status status="PASS" start="2026-02-16T17:32:08.378445" elapsed="0.001013"/>
</kw>
<status status="PASS" start="2026-02-16T17:32:08.367383" elapsed="0.012075"/>
</test>
<test id="s1-s1-s1-t4" name="View Orders" line="27">
<kw name="Create Session" owner="RequestsLibrary">
<msg time="2026-02-16T17:32:08.380456" level="INFO">Creating Session using : alias=admin, url=http://127.0.0.1:5000/api/v1/admin, headers={},                     cookies={}, auth=None, timeout=None, proxies=None, verify=False,                     debug=0 </msg>
<arg>admin</arg>
<arg>${BASE_URL}</arg>
<doc>Create Session: create a HTTP session to a server</doc>
<status status="PASS" start="2026-02-16T17:32:08.380456" elapsed="0.000000"/>
</kw>
<kw name="GET On Session" owner="RequestsLibrary">
<msg time="2026-02-16T17:32:08.388177" level="INFO">GET Request : url=http://127.0.0.1:5000/api/v1/admin/orders 
 path_url=/api/v1/admin/orders 
 headers={'User-Agent': 'python-requests/2.32.5', 'Accept-Encoding': 'gzip, deflate', 'Accept': '*/*', 'Connection': 'keep-alive'} 
 body=None 
 </msg>
<msg time="2026-02-16T17:32:08.388177" level="INFO">GET Response : url=http://127.0.0.1:5000/api/v1/admin/orders 
 status=200, reason=OK 
 headers={'Server': 'Werkzeug/3.1.5 Python/3.12.3', 'Date': 'Mon, 16 Feb 2026 12:02:08 GMT', 'Content-Type': 'application/json', 'Content-Length': '2665', 'Connection': 'close'} 
 body=[
  {
    "dishes": [
      "Idly",
      "Dosa"
    ],
    "id": 1,
    "restaurant_id": 1,
    "status": "Pending",
    "user_id": 1
  },
  {
    "dishes": [
      "Chicken Biryani"
    ],
    "id": 2,
    "restaurant_id": 2,
    "status": "Delivered",
    "user_id": 2
  },
  {
    "dishes": [
      "Pizza",
      "Burger"
    ],
    "id": 3,
    "restaurant_id": 1,
    "status": "Pending",
    "user_id": 1
  },
  {
    "dishes": [
      "Pizza",
      "Burger"
    ],
    "id": 4,
    "restaurant_id": 1,
    "status": "Pending",
    "user_id": 1
  },
  {
    "dishes": "[\"Idly\",\"Dosa\"]",
    "id": 5,
    "restaurant_id": "1",
    "status": "Pending",
    "user_id": "1"
  },
  {
    "dishes": "[\"Idly\",\"Dosa\"]",
    "id": 6,
    "restaurant_id": "1",
    "status": "Pending",
    "user_id": "1"
  },
  {
    "dishes": [
      "Pizza",
      "Burger"
    ],
    "id": 7,
    "restaurant_id": 1,
    "status": "Pending",
    "user_id": 1
  },
  {
    "dishes": "[\"Idly\",\"Dosa\"]",
    "id": 8,
    "restaurant_id": "1",
    "status": "Pending",
    "user_id": "1"
  },
  {
    "dishes": "[\"Idly\"]",
    "id": 9,
    "restaurant_id": "1",
    "status": "Pending",
    "user_id": "1"
  },
  {
    "dishes": "[\"Idly\",\"Dosa\"]",
    "id": 10,
    "restaurant_id": "1",
    "status": "Pending",
    "user_id": "1"
  },
  {
    "dishes": "[\"Idly\"]",
    "id": 11,
    "restaurant_id": "1",
    "status": "Pending",
    "user_id": "1"
  },
  {
    "dishes": [
      "Chicken Fried Rice"
    ],
    "id": 12,
    "restaurant_id": 8,
    "status": "Pending",
    "user_id": 7
  },
  {
    "dishes": [
      "Chicken Fried Rice"
    ],
    "id": 13,
    "restaurant_id": 8,
    "status": "Pending",
    "user_id": 7
  },
  {
    "dishes": "[\"Idly\",\"Dosa\"]",
    "id": 14,
    "restaurant_id": "1",
    "status": "Pending",
    "user_id": "1"
  },
  {
    "dishes": "[\"Idly\"]",
    "id": 15,
    "restaurant_id": "1",
    "status": "Pending",
    "user_id": "1"
  },
  {
    "dishes": "[\"Idly\",\"Dosa\"]",
    "id": 16,
    "restaurant_id": "1",
    "status": "Pending",
    "user_id": "1"
  },
  {
    "dishes": "[\"Idly\"]",
    "id": 17,
    "restaurant_id": "1",
    "status": "Pending",
    "user_id": "1"
  },
  {
    "dishes": [
      "Pizza",
      "Burger"
    ],
    "id": 18,
    "restaurant_id": 1,
    "status": "Pending",
    "user_id": 1
  },
  {
    "dishes": [
      "Pizza",
      "Burger"
    ],
    "id": 19,
    "restaurant_id": 1,
    "status": "Pending",
    "user_id": 1
  },
  {
    "dishes": [
      "Pizza",
      "Burger"
    ],
    "id": 20,
    "restaurant_id": 1,
    "status": "Pending",
    "user_id": 1
  }
]
 
 </msg>
<msg time="2026-02-16T17:32:08.388177" level="INFO">${response} = &lt;Response [200]&gt;</msg>
<var>${response}</var>
<arg>admin</arg>
<arg>/orders</arg>
<doc>Sends a GET request on a previously created HTTP Session.</doc>
<status status="PASS" start="2026-02-16T17:32:08.380456" elapsed="0.007721"/>
</kw>
<kw name="Should Be Equal As Integers" owner="BuiltIn">
<msg time="2026-02-16T17:32:08.390218" level="INFO">Argument types are:
&lt;class 'int'&gt;
&lt;class 'str'&gt;</msg>
<arg>${response.status_code}</arg>
<arg>200</arg>
<doc>Fails if objects are unequal after converting them to integers.</doc>
<status status="PASS" start="2026-02-16T17:32:08.389196" elapsed="0.001022"/>
</kw>
<kw name="Set Variable" owner="BuiltIn">
<msg time="2026-02-16T17:32:08.390726" level="INFO">${data} = [{'dishes': ['Idly', 'Dosa'], 'id': 1, 'restaurant_id': 1, 'status': 'Pending', 'user_id': 1}, {'dishes': ['Chicken Biryani'], 'id': 2, 'restaurant_id': 2, 'status': 'Delivered', 'user_id': 2}, {'dish...</msg>
<var>${data}</var>
<arg>${response.json()}</arg>
<doc>Returns the given values which can then be assigned to a variables.</doc>
<status status="PASS" start="2026-02-16T17:32:08.390726" elapsed="0.000000"/>
</kw>
<kw name="Should Not Be Empty" owner="BuiltIn">
<msg time="2026-02-16T17:32:08.391742" level="INFO">Length is 20.</msg>
<arg>${data}</arg>
<doc>Verifies that the given item is not empty.</doc>
<status status="PASS" start="2026-02-16T17:32:08.391742" elapsed="0.000000"/>
</kw>
<status status="PASS" start="2026-02-16T17:32:08.379458" elapsed="0.013279"/>
</test>
<status status="PASS" start="2026-02-16T17:32:08.190315" elapsed="0.202422"/>
</suite>
<suite id="s1-s1-s2" name="Dish" source="C:\Users\91934\PyCharmMiscProject\Food_app\tests\robot\dish.robot">
<test id="s1-s1-s2-t1" name="Add Dish JSON" line="10">
<kw name="Create Session" owner="RequestsLibrary">
<msg time="2026-02-16T17:32:08.401282" level="INFO">Creating Session using : alias=foodie, url=http://127.0.0.1:5000, headers={},                     cookies={}, auth=None, timeout=None, proxies=None, verify=False,                     debug=0 </msg>
<arg>foodie</arg>
<arg>${BASE_URL}</arg>
<doc>Create Session: create a HTTP session to a server</doc>
<status status="PASS" start="2026-02-16T17:32:08.400281" elapsed="0.001001"/>
</kw>
<kw name="Create Dictionary" owner="BuiltIn">
<msg time="2026-02-16T17:32:08.402282" level="INFO">${dish_data} = {'name': 'Robot Dish', 'type': 'Lunch', 'price': '120', 'available_time': 'Afternoon'}</msg>
<var>${dish_data}</var>
<arg>name=Robot Dish</arg>
<arg>type=Lunch</arg>
<arg>price=120</arg>
<arg>available_time=Afternoon</arg>
<doc>Creates and returns a dictionary based on the given ``items``.</doc>
<status status="PASS" start="2026-02-16T17:32:08.401282" elapsed="0.001000"/>
</kw>
<kw name="POST On Session" owner="RequestsLibrary">
<msg time="2026-02-16T17:32:08.408282" level="INFO">POST Request : url=http://127.0.0.1:5000/api/v1/restaurants/1/dishes 
 path_url=/api/v1/restaurants/1/dishes 
 headers={'User-Agent': 'python-requests/2.32.5', 'Accept-Encoding': 'gzip, deflate', 'Accept': '*/*', 'Connection': 'keep-alive', 'Content-Length': '86', 'Content-Type': 'application/json'} 
 body=b'{"name": "Robot Dish", "type": "Lunch", "price": "120", "available_time": "Afternoon"}' 
 </msg>
<msg time="2026-02-16T17:32:08.408282" level="INFO">POST Response : url=http://127.0.0.1:5000/api/v1/restaurants/1/dishes 
 status=201, reason=CREATED 
 headers={'Server': 'Werkzeug/3.1.5 Python/3.12.3', 'Date': 'Mon, 16 Feb 2026 12:02:08 GMT', 'Content-Type': 'application/json', 'Content-Length': '150', 'Connection': 'close'} 
 body={
  "available_time": "Afternoon",
  "enabled": true,
  "id": 15,
  "name": "Robot Dish",
  "price": "120",
  "restaurant_id": 1,
  "type": "Lunch"
}
 
 </msg>
<msg time="2026-02-16T17:32:08.408282" level="INFO">${res} = &lt;Response [201]&gt;</msg>
<var>${res}</var>
<arg>foodie</arg>
<arg>/api/v1/restaurants/1/dishes</arg>
<arg>json=${dish_data}</arg>
<doc>Sends a POST request on a previously created HTTP Session.</doc>
<status status="PASS" start="2026-02-16T17:32:08.402282" elapsed="0.006000"/>
</kw>
<kw name="Status Should Be" owner="RequestsLibrary">
<arg>201</arg>
<arg>${res}</arg>
<doc>Fails if response status code is different than the expected.</doc>
<status status="PASS" start="2026-02-16T17:32:08.409760" elapsed="0.000509"/>
</kw>
<status status="PASS" start="2026-02-16T17:32:08.400281" elapsed="0.009988"/>
</test>
<test id="s1-s1-s2-t2" name="Update Dish JSON" line="18">
<kw name="Create Session" owner="RequestsLibrary">
<msg time="2026-02-16T17:32:08.411277" level="INFO">Creating Session using : alias=foodie, url=http://127.0.0.1:5000, headers={},                     cookies={}, auth=None, timeout=None, proxies=None, verify=False,                     debug=0 </msg>
<arg>foodie</arg>
<arg>${BASE_URL}</arg>
<doc>Create Session: create a HTTP session to a server</doc>
<status status="PASS" start="2026-02-16T17:32:08.411277" elapsed="0.000000"/>
</kw>
<kw name="Create Dictionary" owner="BuiltIn">
<msg time="2026-02-16T17:32:08.412279" level="INFO">${dish_data} = {'name': 'Robot Dish2', 'type': 'Dinner', 'price': '150', 'available_time': 'Evening'}</msg>
<var>${dish_data}</var>
<arg>name=Robot Dish2</arg>
<arg>type=Dinner</arg>
<arg>price=150</arg>
<arg>available_time=Evening</arg>
<doc>Creates and returns a dictionary based on the given ``items``.</doc>
<status status="PASS" start="2026-02-16T17:32:08.411277" elapsed="0.001002"/>
</kw>
<kw name="POST On Session" owner="RequestsLibrary">
<msg time="2026-02-16T17:32:08.421051" level="INFO">POST Request : url=http://127.0.0.1:5000/api/v1/restaurants/1/dishes 
 path_url=/api/v1/restaurants/1/dishes 
 headers={'User-Agent': 'python-requests/2.32.5', 'Accept-Encoding': 'gzip, deflate', 'Accept': '*/*', 'Connection': 'keep-alive', 'Content-Length': '86', 'Content-Type': 'application/json'} 
 body=b'{"name": "Robot Dish2", "type": "Dinner", "price": "150", "available_time": "Evening"}' 
 </msg>
<msg time="2026-02-16T17:32:08.421051" level="INFO">POST Response : url=http://127.0.0.1:5000/api/v1/restaurants/1/dishes 
 status=201, reason=CREATED 
 headers={'Server': 'Werkzeug/3.1.5 Python/3.12.3', 'Date': 'Mon, 16 Feb 2026 12:02:08 GMT', 'Content-Type': 'application/json', 'Content-Length': '150', 'Connection': 'close'} 
 body={
  "available_time": "Evening",
  "enabled": true,
  "id": 16,
  "name": "Robot Dish2",
  "price": "150",
  "restaurant_id": 1,
  "type": "Dinner"
}
 
 </msg>
<msg time="2026-02-16T17:32:08.421051" level="INFO">${res} = &lt;Response [201]&gt;</msg>
<var>${res}</var>
<arg>foodie</arg>
<arg>/api/v1/restaurants/1/dishes</arg>
<arg>json=${dish_data}</arg>
<doc>Sends a POST request on a previously created HTTP Session.</doc>
<status status="PASS" start="2026-02-16T17:32:08.412279" elapsed="0.008772"/>
</kw>
<kw name="Status Should Be" owner="RequestsLibrary">
<arg>201</arg>
<arg>${res}</arg>
<doc>Fails if response status code is different than the expected.</doc>
<status status="PASS" start="2026-02-16T17:32:08.421051" elapsed="0.000000"/>
</kw>
<kw name="Set Variable" owner="BuiltIn">
<msg time="2026-02-16T17:32:08.423048" level="INFO">${dish_json} = {'available_time': 'Evening', 'enabled': True, 'id': 16, 'name': 'Robot Dish2', 'price': '150', 'restaurant_id': 1, 'type': 'Dinner'}</msg>
<var>${dish_json}</var>
<arg>${res.json()}</arg>
<doc>Returns the given values which can then be assigned to a variables.</doc>
<status status="PASS" start="2026-02-16T17:32:08.422047" elapsed="0.001001"/>
</kw>
<kw name="Set Variable" owner="BuiltIn">
<msg time="2026-02-16T17:32:08.424058" level="INFO">${dish_id} = 16</msg>
<var>${dish_id}</var>
<arg>${dish_json["id"]}</arg>
<doc>Returns the given values which can then be assigned to a variables.</doc>
<status status="PASS" start="2026-02-16T17:32:08.424058" elapsed="0.000000"/>
</kw>
<kw name="Create Dictionary" owner="BuiltIn">
<msg time="2026-02-16T17:32:08.425569" level="INFO">${update_data} = {'name': 'Robot Dish Updated', 'price': '200'}</msg>
<var>${update_data}</var>
<arg>name=Robot Dish Updated</arg>
<arg>price=200</arg>
<doc>Creates and returns a dictionary based on the given ``items``.</doc>
<status status="PASS" start="2026-02-16T17:32:08.424058" elapsed="0.001511"/>
</kw>
<kw name="PUT On Session" owner="RequestsLibrary">
<msg time="2026-02-16T17:32:08.430585" level="INFO">PUT Request : url=http://127.0.0.1:5000/api/v1/dishes/16 
 path_url=/api/v1/dishes/16 
 headers={'User-Agent': 'python-requests/2.32.5', 'Accept-Encoding': 'gzip, deflate', 'Accept': '*/*', 'Connection': 'keep-alive', 'Content-Length': '46', 'Content-Type': 'application/json'} 
 body=b'{"name": "Robot Dish Updated", "price": "200"}' 
 </msg>
<msg time="2026-02-16T17:32:08.431587" level="INFO">PUT Response : url=http://127.0.0.1:5000/api/v1/dishes/16 
 status=200, reason=OK 
 headers={'Server': 'Werkzeug/3.1.5 Python/3.12.3', 'Date': 'Mon, 16 Feb 2026 12:02:08 GMT', 'Content-Type': 'application/json', 'Content-Length': '157', 'Connection': 'close'} 
 body={
  "available_time": "Evening",
  "enabled": true,
  "id": 16,
  "name": "Robot Dish Updated",
  "price": "200",
  "restaurant_id": 1,
  "type": "Dinner"
}
 
 </msg>
<msg time="2026-02-16T17:32:08.431587" level="INFO">${update_res} = &lt;Response [200]&gt;</msg>
<var>${update_res}</var>
<arg>foodie</arg>
<arg>/api/v1/dishes/${dish_id}</arg>
<arg>json=${update_data}</arg>
<doc>Sends a PUT request on a previously created HTTP Session.</doc>
<status status="PASS" start="2026-02-16T17:32:08.425569" elapsed="0.006018"/>
</kw>
<kw name="Status Should Be" owner="RequestsLibrary">
<arg>200</arg>
<arg>${update_res}</arg>
<doc>Fails if response status code is different than the expected.</doc>
<status status="PASS" start="2026-02-16T17:32:08.435591" elapsed="0.001000"/>
</kw>
<status status="PASS" start="2026-02-16T17:32:08.410269" elapsed="0.026322"/>
</test>
<test id="s1-s1-s2-t3" name="Disable Dish JSON" line="34">
<kw name="Create Session" owner="RequestsLibrary">
<msg time="2026-02-16T17:32:08.439121" level="INFO">Creating Session using : alias=foodie, url=http://127.0.0.1:5000, headers={},                     cookies={}, auth=None, timeout=None, proxies=None, verify=False,                     debug=0 </msg>
<arg>foodie</arg>
<arg>${BASE_URL}</arg>
<doc>Create Session: create a HTTP session to a server</doc>
<status status="PASS" start="2026-02-16T17:32:08.438110" elapsed="0.001011"/>
</kw>
<kw name="Create Dictionary" owner="BuiltIn">
<msg time="2026-02-16T17:32:08.440648" level="INFO">${dish_data} = {'name': 'Robot Dish3', 'type': 'Snack', 'price': '80', 'available_time': 'Evening'}</msg>
<var>${dish_data}</var>
<arg>name=Robot Dish3</arg>
<arg>type=Snack</arg>
<arg>price=80</arg>
<arg>available_time=Evening</arg>
<doc>Creates and returns a dictionary based on the given ``items``.</doc>
<status status="PASS" start="2026-02-16T17:32:08.440126" elapsed="0.000522"/>
</kw>
<kw name="POST On Session" owner="RequestsLibrary">
<msg time="2026-02-16T17:32:08.446324" level="INFO">POST Request : url=http://127.0.0.1:5000/api/v1/restaurants/1/dishes 
 path_url=/api/v1/restaurants/1/dishes 
 headers={'User-Agent': 'python-requests/2.32.5', 'Accept-Encoding': 'gzip, deflate', 'Accept': '*/*', 'Connection': 'keep-alive', 'Content-Length': '84', 'Content-Type': 'application/json'} 
 body=b'{"name": "Robot Dish3", "type": "Snack", "price": "80", "available_time": "Evening"}' 
 </msg>
<msg time="2026-02-16T17:32:08.447325" level="INFO">POST Response : url=http://127.0.0.1:5000/api/v1/restaurants/1/dishes 
 status=201, reason=CREATED 
 headers={'Server': 'Werkzeug/3.1.5 Python/3.12.3', 'Date': 'Mon, 16 Feb 2026 12:02:08 GMT', 'Content-Type': 'application/json', 'Content-Length': '148', 'Connection': 'close'} 
 body={
  "available_time": "Evening",
  "enabled": true,
  "id": 17,
  "name": "Robot Dish3",
  "price": "80",
  "restaurant_id": 1,
  "type": "Snack"
}
 
 </msg>
<msg time="2026-02-16T17:32:08.447325" level="INFO">${res} = &lt;Response [201]&gt;</msg>
<var>${res}</var>
<arg>foodie</arg>
<arg>/api/v1/restaurants/1/dishes</arg>
<arg>json=${dish_data}</arg>
<doc>Sends a POST request on a previously created HTTP Session.</doc>
<status status="PASS" start="2026-02-16T17:32:08.441260" elapsed="0.006065"/>
</kw>
<kw name="Status Should Be" owner="RequestsLibrary">
<arg>201</arg>
<arg>${res}</arg>
<doc>Fails if response status code is different than the expected.</doc>
<status status="PASS" start="2026-02-16T17:32:08.447325" elapsed="0.001005"/>
</kw>
<kw name="Set Variable" owner="BuiltIn">
<msg time="2026-02-16T17:32:08.452871" level="INFO">${dish_json} = {'available_time': 'Evening', 'enabled': True, 'id': 17, 'name': 'Robot Dish3', 'price': '80', 'restaurant_id': 1, 'type': 'Snack'}</msg>
<var>${dish_json}</var>
<arg>${res.json()}</arg>
<doc>Returns the given values which can then be assigned to a variables.</doc>
<status status="PASS" start="2026-02-16T17:32:08.451359" elapsed="0.001512"/>
</kw>
<kw name="Set Variable" owner="BuiltIn">
<msg time="2026-02-16T17:32:08.453884" level="INFO">${dish_id} = 17</msg>
<var>${dish_id}</var>
<arg>${dish_json["id"]}</arg>
<doc>Returns the given values which can then be assigned to a variables.</doc>
<status status="PASS" start="2026-02-16T17:32:08.453884" elapsed="0.000000"/>
</kw>
<kw name="Create Dictionary" owner="BuiltIn">
<msg time="2026-02-16T17:32:08.454892" level="INFO">${status_data} = {'enabled': False}</msg>
<var>${status_data}</var>
<arg>enabled=${False}</arg>
<doc>Creates and returns a dictionary based on the given ``items``.</doc>
<status status="PASS" start="2026-02-16T17:32:08.454892" elapsed="0.000000"/>
</kw>
<kw name="PUT On Session" owner="RequestsLibrary">
<msg time="2026-02-16T17:32:08.461935" level="INFO">PUT Request : url=http://127.0.0.1:5000/api/v1/dishes/17/status 
 path_url=/api/v1/dishes/17/status 
 headers={'User-Agent': 'python-requests/2.32.5', 'Accept-Encoding': 'gzip, deflate', 'Accept': '*/*', 'Connection': 'keep-alive', 'Content-Length': '18', 'Content-Type': 'application/json'} 
 body=b'{"enabled": false}' 
 </msg>
<msg time="2026-02-16T17:32:08.461935" level="INFO">PUT Response : url=http://127.0.0.1:5000/api/v1/dishes/17/status 
 status=200, reason=OK 
 headers={'Server': 'Werkzeug/3.1.5 Python/3.12.3', 'Date': 'Mon, 16 Feb 2026 12:02:08 GMT', 'Content-Type': 'application/json', 'Content-Length': '39', 'Connection': 'close'} 
 body={
  "message": "Dish status updated"
}
 
 </msg>
<msg time="2026-02-16T17:32:08.461935" level="INFO">${status_res} = &lt;Response [200]&gt;</msg>
<var>${status_res}</var>
<arg>foodie</arg>
<arg>/api/v1/dishes/${dish_id}/status</arg>
<arg>json=${status_data}</arg>
<doc>Sends a PUT request on a previously created HTTP Session.</doc>
<status status="PASS" start="2026-02-16T17:32:08.455887" elapsed="0.006048"/>
</kw>
<kw name="Status Should Be" owner="RequestsLibrary">
<arg>200</arg>
<arg>${status_res}</arg>
<doc>Fails if response status code is different than the expected.</doc>
<status status="PASS" start="2026-02-16T17:32:08.462946" elapsed="0.000000"/>
</kw>
<status status="PASS" start="2026-02-16T17:32:08.438110" elapsed="0.024836"/>
</test>
<test id="s1-s1-s2-t4" name="Enable Dish JSON" line="50">
<kw name="Create Session" owner="RequestsLibrary">
<msg time="2026-02-16T17:32:08.464458" level="INFO">Creating Session using : alias=foodie, url=http://127.0.0.1:5000, headers={},                     cookies={}, auth=None, timeout=None, proxies=None, verify=False,                     debug=0 </msg>
<arg>foodie</arg>
<arg>${BASE_URL}</arg>
<doc>Create Session: create a HTTP session to a server</doc>
<status status="PASS" start="2026-02-16T17:32:08.464458" elapsed="0.000000"/>
</kw>
<kw name="Create Dictionary" owner="BuiltIn">
<msg time="2026-02-16T17:32:08.466469" level="INFO">${dish_data} = {'name': 'Robot Dish4', 'type': 'Breakfast', 'price': '60', 'available_time': 'Morning'}</msg>
<var>${dish_data}</var>
<arg>name=Robot Dish4</arg>
<arg>type=Breakfast</arg>
<arg>price=60</arg>
<arg>available_time=Morning</arg>
<doc>Creates and returns a dictionary based on the given ``items``.</doc>
<status status="PASS" start="2026-02-16T17:32:08.465487" elapsed="0.000982"/>
</kw>
<kw name="POST On Session" owner="RequestsLibrary">
<msg time="2026-02-16T17:32:08.476035" level="INFO">POST Request : url=http://127.0.0.1:5000/api/v1/restaurants/1/dishes 
 path_url=/api/v1/restaurants/1/dishes 
 headers={'User-Agent': 'python-requests/2.32.5', 'Accept-Encoding': 'gzip, deflate', 'Accept': '*/*', 'Connection': 'keep-alive', 'Content-Length': '88', 'Content-Type': 'application/json'} 
 body=b'{"name": "Robot Dish4", "type": "Breakfast", "price": "60", "available_time": "Morning"}' 
 </msg>
<msg time="2026-02-16T17:32:08.477044" level="INFO">POST Response : url=http://127.0.0.1:5000/api/v1/restaurants/1/dishes 
 status=201, reason=CREATED 
 headers={'Server': 'Werkzeug/3.1.5 Python/3.12.3', 'Date': 'Mon, 16 Feb 2026 12:02:08 GMT', 'Content-Type': 'application/json', 'Content-Length': '152', 'Connection': 'close'} 
 body={
  "available_time": "Morning",
  "enabled": true,
  "id": 18,
  "name": "Robot Dish4",
  "price": "60",
  "restaurant_id": 1,
  "type": "Breakfast"
}
 
 </msg>
<msg time="2026-02-16T17:32:08.477044" level="INFO">${res} = &lt;Response [201]&gt;</msg>
<var>${res}</var>
<arg>foodie</arg>
<arg>/api/v1/restaurants/1/dishes</arg>
<arg>json=${dish_data}</arg>
<doc>Sends a POST request on a previously created HTTP Session.</doc>
<status status="PASS" start="2026-02-16T17:32:08.467490" elapsed="0.009554"/>
</kw>
<kw name="Status Should Be" owner="RequestsLibrary">
<arg>201</arg>
<arg>${res}</arg>
<doc>Fails if response status code is different than the expected.</doc>
<status status="PASS" start="2026-02-16T17:32:08.477044" elapsed="0.000000"/>
</kw>
<kw name="Set Variable" owner="BuiltIn">
<msg time="2026-02-16T17:32:08.478054" level="INFO">${dish_json} = {'available_time': 'Morning', 'enabled': True, 'id': 18, 'name': 'Robot Dish4', 'price': '60', 'restaurant_id': 1, 'type': 'Breakfast'}</msg>
<var>${dish_json}</var>
<arg>${res.json()}</arg>
<doc>Returns the given values which can then be assigned to a variables.</doc>
<status status="PASS" start="2026-02-16T17:32:08.478054" elapsed="0.000000"/>
</kw>
<kw name="Set Variable" owner="BuiltIn">
<msg time="2026-02-16T17:32:08.479561" level="INFO">${dish_id} = 18</msg>
<var>${dish_id}</var>
<arg>${dish_json["id"]}</arg>
<doc>Returns the given values which can then be assigned to a variables.</doc>
<status status="PASS" start="2026-02-16T17:32:08.479055" elapsed="0.000506"/>
</kw>
<kw name="Create Dictionary" owner="BuiltIn">
<msg time="2026-02-16T17:32:08.480068" level="INFO">${status_data} = {'enabled': True}</msg>
<var>${status_data}</var>
<arg>enabled=${True}</arg>
<doc>Creates and returns a dictionary based on the given ``items``.</doc>
<status status="PASS" start="2026-02-16T17:32:08.479561" elapsed="0.000507"/>
</kw>
<kw name="PUT On Session" owner="RequestsLibrary">
<msg time="2026-02-16T17:32:08.487079" level="INFO">PUT Request : url=http://127.0.0.1:5000/api/v1/dishes/18/status 
 path_url=/api/v1/dishes/18/status 
 headers={'User-Agent': 'python-requests/2.32.5', 'Accept-Encoding': 'gzip, deflate', 'Accept': '*/*', 'Connection': 'keep-alive', 'Content-Length': '17', 'Content-Type': 'application/json'} 
 body=b'{"enabled": true}' 
 </msg>
<msg time="2026-02-16T17:32:08.487079" level="INFO">PUT Response : url=http://127.0.0.1:5000/api/v1/dishes/18/status 
 status=200, reason=OK 
 headers={'Server': 'Werkzeug/3.1.5 Python/3.12.3', 'Date': 'Mon, 16 Feb 2026 12:02:08 GMT', 'Content-Type': 'application/json', 'Content-Length': '39', 'Connection': 'close'} 
 body={
  "message": "Dish status updated"
}
 
 </msg>
<msg time="2026-02-16T17:32:08.488079" level="INFO">${status_res} = &lt;Response [200]&gt;</msg>
<var>${status_res}</var>
<arg>foodie</arg>
<arg>/api/v1/dishes/${dish_id}/status</arg>
<arg>json=${status_data}</arg>
<doc>Sends a PUT request on a previously created HTTP Session.</doc>
<status status="PASS" start="2026-02-16T17:32:08.480068" elapsed="0.008011"/>
</kw>
<kw name="Status Should Be" owner="RequestsLibrary">
<arg>200</arg>
<arg>${status_res}</arg>
<doc>Fails if response status code is different than the expected.</doc>
<status status="PASS" start="2026-02-16T17:32:08.488079" elapsed="0.000997"/>
</kw>
<status status="PASS" start="2026-02-16T17:32:08.464458" elapsed="0.024618"/>
</test>
<test id="s1-s1-s2-t5" name="Delete Dish JSON" line="66">
<kw name="Create Session" owner="RequestsLibrary">
<msg time="2026-02-16T17:32:08.490081" level="INFO">Creating Session using : alias=foodie, url=http://127.0.0.1:5000, headers={},                     cookies={}, auth=None, timeout=None, proxies=None, verify=False,                     debug=0 </msg>
<arg>foodie</arg>
<arg>${BASE_URL}</arg>
<doc>Create Session: create a HTTP session to a server</doc>
<status status="PASS" start="2026-02-16T17:32:08.490081" elapsed="0.000000"/>
</kw>
<kw name="Create Dictionary" owner="BuiltIn">
<msg time="2026-02-16T17:32:08.491083" level="INFO">${dish_data} = {'name': 'Robot Dish5', 'type': 'Fast Food', 'price': '99', 'available_time': 'All Day'}</msg>
<var>${dish_data}</var>
<arg>name=Robot Dish5</arg>
<arg>type=Fast Food</arg>
<arg>price=99</arg>
<arg>available_time=All Day</arg>
<doc>Creates and returns a dictionary based on the given ``items``.</doc>
<status status="PASS" start="2026-02-16T17:32:08.490081" elapsed="0.001002"/>
</kw>
<kw name="POST On Session" owner="RequestsLibrary">
<msg time="2026-02-16T17:32:08.498595" level="INFO">POST Request : url=http://127.0.0.1:5000/api/v1/restaurants/1/dishes 
 path_url=/api/v1/restaurants/1/dishes 
 headers={'User-Agent': 'python-requests/2.32.5', 'Accept-Encoding': 'gzip, deflate', 'Accept': '*/*', 'Connection': 'keep-alive', 'Content-Length': '88', 'Content-Type': 'application/json'} 
 body=b'{"name": "Robot Dish5", "type": "Fast Food", "price": "99", "available_time": "All Day"}' 
 </msg>
<msg time="2026-02-16T17:32:08.498595" level="INFO">POST Response : url=http://127.0.0.1:5000/api/v1/restaurants/1/dishes 
 status=201, reason=CREATED 
 headers={'Server': 'Werkzeug/3.1.5 Python/3.12.3', 'Date': 'Mon, 16 Feb 2026 12:02:08 GMT', 'Content-Type': 'application/json', 'Content-Length': '152', 'Connection': 'close'} 
 body={
  "available_time": "All Day",
  "enabled": true,
  "id": 19,
  "name": "Robot Dish5",
  "price": "99",
  "restaurant_id": 1,
  "type": "Fast Food"
}
 
 </msg>
<msg time="2026-02-16T17:32:08.498595" level="INFO">${res} = &lt;Response [201]&gt;</msg>
<var>${res}</var>
<arg>foodie</arg>
<arg>/api/v1/restaurants/1/dishes</arg>
<arg>json=${dish_data}</arg>
<doc>Sends a POST request on a previously created HTTP Session.</doc>
<status status="PASS" start="2026-02-16T17:32:08.491083" elapsed="0.007512"/>
</kw>
<kw name="Status Should Be" owner="RequestsLibrary">
<arg>201</arg>
<arg>${res}</arg>
<doc>Fails if response status code is different than the expected.</doc>
<status status="PASS" start="2026-02-16T17:32:08.500104" elapsed="0.000000"/>
</kw>
<kw name="Set Variable" owner="BuiltIn">
<msg time="2026-02-16T17:32:08.502111" level="INFO">${dish_json} = {'available_time': 'All Day', 'enabled': True, 'id': 19, 'name': 'Robot Dish5', 'price': '99', 'restaurant_id': 1, 'type': 'Fast Food'}</msg>
<var>${dish_json}</var>
<arg>${res.json()}</arg>
<doc>Returns the given values which can then be assigned to a variables.</doc>
<status status="PASS" start="2026-02-16T17:32:08.501115" elapsed="0.000996"/>
</kw>
<kw name="Set Variable" owner="BuiltIn">
<msg time="2026-02-16T17:32:08.502111" level="INFO">${dish_id} = 19</msg>
<var>${dish_id}</var>
<arg>${dish_json["id"]}</arg>
<doc>Returns the given values which can then be assigned to a variables.</doc>
<status status="PASS" start="2026-02-16T17:32:08.502111" elapsed="0.000000"/>
</kw>
<kw name="DELETE On Session" owner="RequestsLibrary">
<msg time="2026-02-16T17:32:08.510158" level="INFO">DELETE Request : url=http://127.0.0.1:5000/api/v1/dishes/19 
 path_url=/api/v1/dishes/19 
 headers={'User-Agent': 'python-requests/2.32.5', 'Accept-Encoding': 'gzip, deflate', 'Accept': '*/*', 'Connection': 'keep-alive', 'Content-Length': '0'} 
 body=None 
 </msg>
<msg time="2026-02-16T17:32:08.510158" level="INFO">DELETE Response : url=http://127.0.0.1:5000/api/v1/dishes/19 
 status=200, reason=OK 
 headers={'Server': 'Werkzeug/3.1.5 Python/3.12.3', 'Date': 'Mon, 16 Feb 2026 12:02:08 GMT', 'Content-Type': 'application/json', 'Content-Length': '32', 'Connection': 'close'} 
 body={
  "message": "Dish deleted"
}
 
 </msg>
<msg time="2026-02-16T17:32:08.510158" level="INFO">${delete_res} = &lt;Response [200]&gt;</msg>
<var>${delete_res}</var>
<arg>foodie</arg>
<arg>/api/v1/dishes/${dish_id}</arg>
<doc>Sends a DELETE request on a previously created HTTP Session.</doc>
<status status="PASS" start="2026-02-16T17:32:08.503117" elapsed="0.007041"/>
</kw>
<kw name="Status Should Be" owner="RequestsLibrary">
<arg>200</arg>
<arg>${delete_res}</arg>
<doc>Fails if response status code is different than the expected.</doc>
<status status="PASS" start="2026-02-16T17:32:08.510158" elapsed="0.001145"/>
</kw>
<status status="PASS" start="2026-02-16T17:32:08.489076" elapsed="0.022227"/>
</test>
<status status="PASS" start="2026-02-16T17:32:08.393746" elapsed="0.117557"/>
</suite>
<suite id="s1-s1-s3" name="Order" source="C:\Users\91934\PyCharmMiscProject\Food_app\tests\robot\order.robot">
<test id="s1-s1-s3-t1" name="Place Order JSON" line="8">
<kw name="Create Session" owner="RequestsLibrary">
<msg time="2026-02-16T17:32:08.518322" level="INFO">Creating Session using : alias=foodie, url=http://127.0.0.1:5000, headers={},                     cookies={}, auth=None, timeout=None, proxies=None, verify=False,                     debug=0 </msg>
<arg>foodie</arg>
<arg>${BASE_URL}</arg>
<doc>Create Session: create a HTTP session to a server</doc>
<status status="PASS" start="2026-02-16T17:32:08.518322" elapsed="0.000000"/>
</kw>
<kw name="Create Dictionary" owner="BuiltIn">
<msg time="2026-02-16T17:32:08.519332" level="INFO">${data} = {'user_id': '1', 'restaurant_id': '1', 'dishes': '["Idly","Dosa"]'}</msg>
<var>${data}</var>
<arg>user_id=1</arg>
<arg>restaurant_id=1</arg>
<arg>dishes=["Idly","Dosa"]</arg>
<doc>Creates and returns a dictionary based on the given ``items``.</doc>
<status status="PASS" start="2026-02-16T17:32:08.518322" elapsed="0.001010"/>
</kw>
<kw name="POST On Session" owner="RequestsLibrary">
<msg time="2026-02-16T17:32:08.524330" level="INFO">POST Request : url=http://127.0.0.1:5000/api/v1/orders 
 path_url=/api/v1/orders 
 headers={'User-Agent': 'python-requests/2.32.5', 'Accept-Encoding': 'gzip, deflate', 'Accept': '*/*', 'Connection': 'keep-alive', 'Content-Length': '71', 'Content-Type': 'application/json'} 
 body=b'{"user_id": "1", "restaurant_id": "1", "dishes": "[\\"Idly\\",\\"Dosa\\"]"}' 
 </msg>
<msg time="2026-02-16T17:32:08.525330" level="INFO">POST Response : url=http://127.0.0.1:5000/api/v1/orders 
 status=201, reason=CREATED 
 headers={'Server': 'Werkzeug/3.1.5 Python/3.12.3', 'Date': 'Mon, 16 Feb 2026 12:02:08 GMT', 'Content-Type': 'application/json', 'Content-Length': '115', 'Connection': 'close'} 
 body={
  "dishes": "[\"Idly\",\"Dosa\"]",
  "id": 21,
  "restaurant_id": "1",
  "status": "Pending",
  "user_id": "1"
}
 
 </msg>
<msg time="2026-02-16T17:32:08.525330" level="INFO">${res} = &lt;Response [201]&gt;</msg>
<var>${res}</var>
<arg>foodie</arg>
<arg>/api/v1/orders</arg>
<arg>json=${data}</arg>
<doc>Sends a POST request on a previously created HTTP Session.</doc>
<status status="PASS" start="2026-02-16T17:32:08.519332" elapsed="0.005998"/>
</kw>
<kw name="Status Should Be" owner="RequestsLibrary">
<arg>201</arg>
<arg>${res}</arg>
<doc>Fails if response status code is different than the expected.</doc>
<status status="PASS" start="2026-02-16T17:32:08.526332" elapsed="0.000000"/>
</kw>
<status status="PASS" start="2026-02-16T17:32:08.517323" elapsed="0.009009"/>
</test>
<status status="PASS" start="2026-02-16T17:32:08.512305" elapsed="0.015025"/>
</suite>
<suite id="s1-s1-s4" name="Rating" source="C:\Users\91934\PyCharmMiscProject\Food_app\tests\robot\rating.robot">
<test id="s1-s1-s4-t1" name="Give Rating JSON" line="9">
<kw name="Create Session" owner="RequestsLibrary">
<msg time="2026-02-16T17:32:08.535083" level="INFO">Creating Session using : alias=foodie, url=http://127.0.0.1:5000, headers={},                     cookies={}, auth=None, timeout=None, proxies=None, verify=False,                     debug=0 </msg>
<arg>foodie</arg>
<arg>${BASE_URL}</arg>
<doc>Create Session: create a HTTP session to a server</doc>
<status status="PASS" start="2026-02-16T17:32:08.534094" elapsed="0.000989"/>
</kw>
<kw name="Create Dictionary" owner="BuiltIn">
<msg time="2026-02-16T17:32:08.535083" level="INFO">${order_data} = {'user_id': '1', 'restaurant_id': '1', 'dishes': '["Idly"]'}</msg>
<var>${order_data}</var>
<arg>user_id=1</arg>
<arg>restaurant_id=1</arg>
<arg>dishes=["Idly"]</arg>
<doc>Creates and returns a dictionary based on the given ``items``.</doc>
<status status="PASS" start="2026-02-16T17:32:08.535083" elapsed="0.000000"/>
</kw>
<kw name="POST On Session" owner="RequestsLibrary">
<msg time="2026-02-16T17:32:08.542116" level="INFO">POST Request : url=http://127.0.0.1:5000/api/v1/orders 
 path_url=/api/v1/orders 
 headers={'User-Agent': 'python-requests/2.32.5', 'Accept-Encoding': 'gzip, deflate', 'Accept': '*/*', 'Connection': 'keep-alive', 'Content-Length': '62', 'Content-Type': 'application/json'} 
 body=b'{"user_id": "1", "restaurant_id": "1", "dishes": "[\\"Idly\\"]"}' 
 </msg>
<msg time="2026-02-16T17:32:08.542116" level="INFO">POST Response : url=http://127.0.0.1:5000/api/v1/orders 
 status=201, reason=CREATED 
 headers={'Server': 'Werkzeug/3.1.5 Python/3.12.3', 'Date': 'Mon, 16 Feb 2026 12:02:08 GMT', 'Content-Type': 'application/json', 'Content-Length': '106', 'Connection': 'close'} 
 body={
  "dishes": "[\"Idly\"]",
  "id": 22,
  "restaurant_id": "1",
  "status": "Pending",
  "user_id": "1"
}
 
 </msg>
<msg time="2026-02-16T17:32:08.542116" level="INFO">${order_res} = &lt;Response [201]&gt;</msg>
<var>${order_res}</var>
<arg>foodie</arg>
<arg>/api/v1/orders</arg>
<arg>json=${order_data}</arg>
<doc>Sends a POST request on a previously created HTTP Session.</doc>
<status status="PASS" start="2026-02-16T17:32:08.536084" elapsed="0.006032"/>
</kw>
<kw name="Status Should Be" owner="RequestsLibrary">
<arg>201</arg>
<arg>${order_res}</arg>
<doc>Fails if response status code is different than the expected.</doc>
<status status="PASS" start="2026-02-16T17:32:08.543116" elapsed="0.000000"/>
</kw>
<kw name="Set Variable" owner="BuiltIn">
<msg time="2026-02-16T17:32:08.544113" level="INFO">${order_json} = {'dishes': '["Idly"]', 'id': 22, 'restaurant_id': '1', 'status': 'Pending', 'user_id': '1'}</msg>
<var>${order_json}</var>
<arg>${order_res.json()}</arg>
<doc>Returns the given values which can then be assigned to a variables.</doc>
<status status="PASS" start="2026-02-16T17:32:08.543116" elapsed="0.000997"/>
</kw>
<kw name="Set Variable" owner="BuiltIn">
<msg time="2026-02-16T17:32:08.544113" level="INFO">${order_id} = 22</msg>
<var>${order_id}</var>
<arg>${order_json["id"]}</arg>
<doc>Returns the given values which can then be assigned to a variables.</doc>
<status status="PASS" start="2026-02-16T17:32:08.544113" elapsed="0.000000"/>
</kw>
<kw name="Create Dictionary" owner="BuiltIn">
<msg time="2026-02-16T17:32:08.545113" level="INFO">${rating_data} = {'order_id': 22, 'rating': '5', 'comment': 'Excellent'}</msg>
<var>${rating_data}</var>
<arg>order_id=${order_id}</arg>
<arg>rating=5</arg>
<arg>comment=Excellent</arg>
<doc>Creates and returns a dictionary based on the given ``items``.</doc>
<status status="PASS" start="2026-02-16T17:32:08.544113" elapsed="0.001000"/>
</kw>
<kw name="POST On Session" owner="RequestsLibrary">
<msg time="2026-02-16T17:32:08.553143" level="INFO">POST Request : url=http://127.0.0.1:5000/api/v1/ratings 
 path_url=/api/v1/ratings 
 headers={'User-Agent': 'python-requests/2.32.5', 'Accept-Encoding': 'gzip, deflate', 'Accept': '*/*', 'Connection': 'keep-alive', 'Content-Length': '55', 'Content-Type': 'application/json'} 
 body=b'{"order_id": 22, "rating": "5", "comment": "Excellent"}' 
 </msg>
<msg time="2026-02-16T17:32:08.553143" level="INFO">POST Response : url=http://127.0.0.1:5000/api/v1/ratings 
 status=201, reason=CREATED 
 headers={'Server': 'Werkzeug/3.1.5 Python/3.12.3', 'Date': 'Mon, 16 Feb 2026 12:02:08 GMT', 'Content-Type': 'application/json', 'Content-Length': '76', 'Connection': 'close'} 
 body={
  "comment": "Excellent",
  "id": 13,
  "order_id": 22,
  "rating": "5"
}
 
 </msg>
<msg time="2026-02-16T17:32:08.553143" level="INFO">${rating_res} = &lt;Response [201]&gt;</msg>
<var>${rating_res}</var>
<arg>foodie</arg>
<arg>/api/v1/ratings</arg>
<arg>json=${rating_data}</arg>
<doc>Sends a POST request on a previously created HTTP Session.</doc>
<status status="PASS" start="2026-02-16T17:32:08.545113" elapsed="0.008030"/>
</kw>
<kw name="Status Should Be" owner="RequestsLibrary">
<arg>201</arg>
<arg>${rating_res}</arg>
<doc>Fails if response status code is different than the expected.</doc>
<status status="PASS" start="2026-02-16T17:32:08.553143" elapsed="0.000999"/>
</kw>
<status status="PASS" start="2026-02-16T17:32:08.534094" elapsed="0.020048"/>
</test>
<status status="PASS" start="2026-02-16T17:32:08.527330" elapsed="0.026812"/>
</suite>
<suite id="s1-s1-s5" name="Restaurant" source="C:\Users\91934\PyCharmMiscProject\Food_app\tests\robot\restaurant.robot">
<test id="s1-s1-s5-t1" name="Register Restaurant JSON" line="9">
<kw name="Evaluate" owner="BuiltIn">
<msg time="2026-02-16T17:32:08.561557" level="INFO">${rand} = 2353</msg>
<var>${rand}</var>
<arg>__import__('random').randint(1000,9999)</arg>
<doc>Evaluates the given expression in Python and returns the result.</doc>
<status status="PASS" start="2026-02-16T17:32:08.560144" elapsed="0.001413"/>
</kw>
<kw name="Create Session" owner="RequestsLibrary">
<msg time="2026-02-16T17:32:08.561557" level="INFO">Creating Session using : alias=foodie, url=http://127.0.0.1:5000, headers={},                     cookies={}, auth=None, timeout=None, proxies=None, verify=False,                     debug=0 </msg>
<arg>foodie</arg>
<arg>${BASE_URL}</arg>
<doc>Create Session: create a HTTP session to a server</doc>
<status status="PASS" start="2026-02-16T17:32:08.561557" elapsed="0.000000"/>
</kw>
<kw name="Create Dictionary" owner="BuiltIn">
<msg time="2026-02-16T17:32:08.562559" level="INFO">${data} = {'name': 'RobotRest2353', 'category': 'Veg', 'location': 'Chennai', 'contact': '9876543210'}</msg>
<var>${data}</var>
<arg>name=RobotRest${rand}</arg>
<arg>category=Veg</arg>
<arg>location=Chennai</arg>
<arg>contact=9876543210</arg>
<doc>Creates and returns a dictionary based on the given ``items``.</doc>
<status status="PASS" start="2026-02-16T17:32:08.561557" elapsed="0.001002"/>
</kw>
<kw name="POST On Session" owner="RequestsLibrary">
<msg time="2026-02-16T17:32:08.570082" level="INFO">POST Request : url=http://127.0.0.1:5000/api/v1/restaurants 
 path_url=/api/v1/restaurants 
 headers={'User-Agent': 'python-requests/2.32.5', 'Accept-Encoding': 'gzip, deflate', 'Accept': '*/*', 'Connection': 'keep-alive', 'Content-Length': '92', 'Content-Type': 'application/json'} 
 body=b'{"name": "RobotRest2353", "category": "Veg", "location": "Chennai", "contact": "9876543210"}' 
 </msg>
<msg time="2026-02-16T17:32:08.570082" level="INFO">POST Response : url=http://127.0.0.1:5000/api/v1/restaurants 
 status=201, reason=CREATED 
 headers={'Server': 'Werkzeug/3.1.5 Python/3.12.3', 'Date': 'Mon, 16 Feb 2026 12:02:08 GMT', 'Content-Type': 'application/json', 'Content-Length': '160', 'Connection': 'close'} 
 body={
  "category": "Veg",
  "contact": "9876543210",
  "id": 12,
  "is_active": true,
  "is_approved": false,
  "location": "Chennai",
  "name": "RobotRest2353"
}
 
 </msg>
<msg time="2026-02-16T17:32:08.571199" level="INFO">${res} = &lt;Response [201]&gt;</msg>
<var>${res}</var>
<arg>foodie</arg>
<arg>/api/v1/restaurants</arg>
<arg>json=${data}</arg>
<doc>Sends a POST request on a previously created HTTP Session.</doc>
<status status="PASS" start="2026-02-16T17:32:08.562559" elapsed="0.008640"/>
</kw>
<kw name="Status Should Be" owner="RequestsLibrary">
<arg>201</arg>
<arg>${res}</arg>
<doc>Fails if response status code is different than the expected.</doc>
<status status="PASS" start="2026-02-16T17:32:08.572196" elapsed="0.000000"/>
</kw>
<status status="PASS" start="2026-02-16T17:32:08.560144" elapsed="0.012052"/>
</test>
<status status="PASS" start="2026-02-16T17:32:08.555140" elapsed="0.018066"/>
</suite>
<suite id="s1-s1-s6" name="User" source="C:\Users\91934\PyCharmMiscProject\Food_app\tests\robot\user.robot">
<test id="s1-s1-s6-t1" name="Register User JSON" line="9">
<kw name="Evaluate" owner="BuiltIn">
<msg time="2026-02-16T17:32:08.580241" level="INFO">${rand} = 6826</msg>
<var>${rand}</var>
<arg>__import__('random').randint(1000,9999)</arg>
<doc>Evaluates the given expression in Python and returns the result.</doc>
<status status="PASS" start="2026-02-16T17:32:08.579242" elapsed="0.000999"/>
</kw>
<kw name="Create Session" owner="RequestsLibrary">
<msg time="2026-02-16T17:32:08.580241" level="INFO">Creating Session using : alias=foodie, url=http://127.0.0.1:5000, headers={},                     cookies={}, auth=None, timeout=None, proxies=None, verify=False,                     debug=0 </msg>
<arg>foodie</arg>
<arg>${BASE_URL}</arg>
<doc>Create Session: create a HTTP session to a server</doc>
<status status="PASS" start="2026-02-16T17:32:08.580241" elapsed="0.000000"/>
</kw>
<kw name="Create Dictionary" owner="BuiltIn">
<msg time="2026-02-16T17:32:08.581243" level="INFO">${data} = {'name': 'RobotUser6826', 'email': 'robot6826@gmail.com', 'password': '12345'}</msg>
<var>${data}</var>
<arg>name=RobotUser${rand}</arg>
<arg>email=robot${rand}@gmail.com</arg>
<arg>password=12345</arg>
<doc>Creates and returns a dictionary based on the given ``items``.</doc>
<status status="PASS" start="2026-02-16T17:32:08.581243" elapsed="0.000000"/>
</kw>
<kw name="POST On Session" owner="RequestsLibrary">
<msg time="2026-02-16T17:32:08.588756" level="INFO">POST Request : url=http://127.0.0.1:5000/api/v1/users/register 
 path_url=/api/v1/users/register 
 headers={'User-Agent': 'python-requests/2.32.5', 'Accept-Encoding': 'gzip, deflate', 'Accept': '*/*', 'Connection': 'keep-alive', 'Content-Length': '78', 'Content-Type': 'application/json'} 
 body=b'{"name": "RobotUser6826", "email": "robot6826@gmail.com", "password": "12345"}' 
 </msg>
<msg time="2026-02-16T17:32:08.588756" level="INFO">POST Response : url=http://127.0.0.1:5000/api/v1/users/register 
 status=201, reason=CREATED 
 headers={'Server': 'Werkzeug/3.1.5 Python/3.12.3', 'Date': 'Mon, 16 Feb 2026 12:02:08 GMT', 'Content-Type': 'application/json', 'Content-Length': '76', 'Connection': 'close'} 
 body={
  "email": "robot6826@gmail.com",
  "id": 11,
  "name": "RobotUser6826"
}
 
 </msg>
<msg time="2026-02-16T17:32:08.588756" level="INFO">${res} = &lt;Response [201]&gt;</msg>
<var>${res}</var>
<arg>foodie</arg>
<arg>/api/v1/users/register</arg>
<arg>json=${data}</arg>
<doc>Sends a POST request on a previously created HTTP Session.</doc>
<status status="PASS" start="2026-02-16T17:32:08.582242" elapsed="0.006514"/>
</kw>
<kw name="Status Should Be" owner="RequestsLibrary">
<arg>201</arg>
<arg>${res}</arg>
<doc>Fails if response status code is different than the expected.</doc>
<status status="PASS" start="2026-02-16T17:32:08.590272" elapsed="0.000000"/>
</kw>
<status status="PASS" start="2026-02-16T17:32:08.579242" elapsed="0.012038"/>
</test>
<status status="PASS" start="2026-02-16T17:32:08.573206" elapsed="0.019076"/>
</suite>
<status status="PASS" start="2026-02-16T17:32:08.187298" elapsed="0.405983"/>
</suite>
<status status="PASS" start="2026-02-16T17:32:08.136765" elapsed="0.460300"/>
</suite>
<statistics>
<total>
<stat pass="13" fail="0" skip="0">All Tests</stat>
</total>
<tag>
</tag>
<suite>
<stat name="Tests" id="s1" pass="13" fail="0" skip="0">Tests</stat>
<stat name="Robot" id="s1-s1" pass="13" fail="0" skip="0">Tests.Robot</stat>
<stat name="Admin" id="s1-s1-s1" pass="4" fail="0" skip="0">Tests.Robot.Admin</stat>
<stat name="Dish" id="s1-s1-s2" pass="5" fail="0" skip="0">Tests.Robot.Dish</stat>
<stat name="Order" id="s1-s1-s3" pass="1" fail="0" skip="0">Tests.Robot.Order</stat>
<stat name="Rating" id="s1-s1-s4" pass="1" fail="0" skip="0">Tests.Robot.Rating</stat>
<stat name="Restaurant" id="s1-s1-s5" pass="1" fail="0" skip="0">Tests.Robot.Restaurant</stat>
<stat name="User" id="s1-s1-s6" pass="1" fail="0" skip="0">Tests.Robot.User</stat>
</suite>
</statistics>
<errors>
</errors>
</robot>
